Using pre-set license
Built from '2021.3/release' branch; Version is '2021.3.12f1 (8af3c3e441b1) revision 9106371'; Using compiler version '192829333'; Build Type 'Release'
OS: 'Windows 10  (10.0.19044) 64bit Professional' Language: 'es' Physical Memory: 16321 MB
BatchMode: 1, IsHumanControllingUs: 0, StartBugReporterOnCrash: 0, Is64bit: 1, IsPro: 1

COMMAND LINE ARGUMENTS:
C:\Program Files\Unity\Hub\Editor\2021.3.12f1\Editor\Unity.exe
-adb2
-batchMode
-noUpm
-name
AssetImportWorker1
-projectPath
C:/Users/Alumnado 3D/Desktop/3d/Repository/farm/farm
-logFile
Logs/AssetImportWorker1.log
-srvPort
63961
Successfully changed project path to: C:/Users/Alumnado 3D/Desktop/3d/Repository/farm/farm
C:/Users/Alumnado 3D/Desktop/3d/Repository/farm/farm
[UnityMemory] Configuration Parameters - Can be set up in boot.config
    "memorysetup-bucket-allocator-granularity=16"
    "memorysetup-bucket-allocator-bucket-count=8"
    "memorysetup-bucket-allocator-block-size=33554432"
    "memorysetup-bucket-allocator-block-count=8"
    "memorysetup-main-allocator-block-size=16777216"
    "memorysetup-thread-allocator-block-size=16777216"
    "memorysetup-gfx-main-allocator-block-size=16777216"
    "memorysetup-gfx-thread-allocator-block-size=16777216"
    "memorysetup-cache-allocator-block-size=4194304"
    "memorysetup-typetree-allocator-block-size=2097152"
    "memorysetup-profiler-bucket-allocator-granularity=16"
    "memorysetup-profiler-bucket-allocator-bucket-count=8"
    "memorysetup-profiler-bucket-allocator-block-size=33554432"
    "memorysetup-profiler-bucket-allocator-block-count=8"
    "memorysetup-profiler-allocator-block-size=16777216"
    "memorysetup-profiler-editor-allocator-block-size=1048576"
    "memorysetup-temp-allocator-size-main=16777216"
    "memorysetup-job-temp-allocator-block-size=2097152"
    "memorysetup-job-temp-allocator-block-size-background=1048576"
    "memorysetup-job-temp-allocator-reduction-small-platforms=262144"
    "memorysetup-temp-allocator-size-background-worker=32768"
    "memorysetup-temp-allocator-size-job-worker=262144"
    "memorysetup-temp-allocator-size-preload-manager=33554432"
    "memorysetup-temp-allocator-size-nav-mesh-worker=65536"
    "memorysetup-temp-allocator-size-audio-worker=65536"
    "memorysetup-temp-allocator-size-cloud-worker=32768"
    "memorysetup-temp-allocator-size-gi-baking-worker=262144"
    "memorysetup-temp-allocator-size-gfx=262144"
Refreshing native plugins compatible for Editor in 160.36 ms, found 3 plugins.
Preloading 0 native plugins for Editor in 0.00 ms.
Initialize engine version: 2021.3.12f1 (8af3c3e441b1)
[Subsystems] Discovering subsystems at path C:/Program Files/Unity/Hub/Editor/2021.3.12f1/Editor/Data/Resources/UnitySubsystems
[Subsystems] Discovering subsystems at path C:/Users/Alumnado 3D/Desktop/3d/Repository/farm/farm/Assets
GfxDevice: creating device client; threaded=0; jobified=0
Direct3D:
    Version:  Direct3D 11.0 [level 11.0]
    Renderer: NVIDIA GeForce GT 730 (ID=0x1287)
    Vendor:   NVIDIA
    VRAM:     4052 MB
    Driver:   27.21.14.5671
Initialize mono
Mono path[0] = 'C:/Program Files/Unity/Hub/Editor/2021.3.12f1/Editor/Data/Managed'
Mono path[1] = 'C:/Program Files/Unity/Hub/Editor/2021.3.12f1/Editor/Data/MonoBleedingEdge/lib/mono/unityjit-win32'
Mono config path = 'C:/Program Files/Unity/Hub/Editor/2021.3.12f1/Editor/Data/MonoBleedingEdge/etc'
Using monoOptions --debugger-agent=transport=dt_socket,embedding=1,server=y,suspend=n,address=127.0.0.1:56616
Begin MonoManager ReloadAssembly
Registering precompiled unity dll's ...
Register platform support module: C:/Program Files/Unity/Hub/Editor/2021.3.12f1/Editor/Data/PlaybackEngines/AndroidPlayer/UnityEditor.Android.Extensions.dll
Register platform support module: C:/Program Files/Unity/Hub/Editor/2021.3.12f1/Editor/Data/PlaybackEngines/WindowsStandaloneSupport/UnityEditor.WindowsStandalone.Extensions.dll
Registered in 0.011568 seconds.
Native extension for WindowsStandalone target not found
Native extension for Android target not found
Refreshing native plugins compatible for Editor in 164.15 ms, found 3 plugins.
Preloading 0 native plugins for Editor in 0.00 ms.
Mono: successfully reloaded assembly
- Completed reload, in  0.960 seconds
Domain Reload Profiling:
	ReloadAssembly (961ms)
		BeginReloadAssembly (95ms)
			ExecutionOrderSort (0ms)
			DisableScriptedObjects (0ms)
			BackupInstance (0ms)
			ReleaseScriptingObjects (0ms)
			CreateAndSetChildDomain (1ms)
		EndReloadAssembly (712ms)
			LoadAssemblies (93ms)
			RebuildTransferFunctionScriptingTraits (0ms)
			SetupTypeCache (136ms)
			ReleaseScriptCaches (0ms)
			RebuildScriptCaches (65ms)
			SetupLoadedEditorAssemblies (410ms)
				LogAssemblyErrors (0ms)
				InitializePlatformSupportModulesInManaged (68ms)
				SetLoadedEditorAssemblies (2ms)
				RefreshPlugins (164ms)
				BeforeProcessingInitializeOnLoad (1ms)
				ProcessInitializeOnLoadAttributes (114ms)
				ProcessInitializeOnLoadMethodAttributes (61ms)
				AfterProcessingInitializeOnLoad (0ms)
				EditorAssembliesLoaded (0ms)
			ExecutionOrderSort2 (0ms)
			AwakeInstancesAfterBackupRestoration (0ms)
Platform modules already initialized, skipping
Registering precompiled user dll's ...
Registered in 0.010059 seconds.
Begin MonoManager ReloadAssembly
Symbol file LoadedFromMemory doesn't match image C:\Users\Alumnado 3D\Desktop\3d\Repository\farm\farm\Library\PackageCache\com.unity.visualscripting@1.7.8\Editor\VisualScripting.Core\Dependencies\DotNetZip\Unity.VisualScripting.IonicZip.dll
Symbol file LoadedFromMemory doesn't match image C:\Users\Alumnado 3D\Desktop\3d\Repository\farm\farm\Library\PackageCache\com.unity.visualscripting@1.7.8\Editor\VisualScripting.Core\Dependencies\YamlDotNet\Unity.VisualScripting.YamlDotNet.dll
Native extension for WindowsStandalone target not found
Native extension for Android target not found
Refreshing native plugins compatible for Editor in 1.19 ms, found 3 plugins.
Preloading 0 native plugins for Editor in 0.00 ms.
Package Manager log level set to [2]
Mono: successfully reloaded assembly
- Completed reload, in  1.612 seconds
Domain Reload Profiling:
	ReloadAssembly (1613ms)
		BeginReloadAssembly (284ms)
			ExecutionOrderSort (0ms)
			DisableScriptedObjects (10ms)
			BackupInstance (0ms)
			ReleaseScriptingObjects (0ms)
			CreateAndSetChildDomain (136ms)
		EndReloadAssembly (1179ms)
			LoadAssemblies (129ms)
			RebuildTransferFunctionScriptingTraits (0ms)
			SetupTypeCache (331ms)
			ReleaseScriptCaches (1ms)
			RebuildScriptCaches (63ms)
			SetupLoadedEditorAssemblies (621ms)
				LogAssemblyErrors (0ms)
				InitializePlatformSupportModulesInManaged (18ms)
				SetLoadedEditorAssemblies (1ms)
				RefreshPlugins (1ms)
				BeforeProcessingInitializeOnLoad (141ms)
				ProcessInitializeOnLoadAttributes (293ms)
				ProcessInitializeOnLoadMethodAttributes (157ms)
				AfterProcessingInitializeOnLoad (10ms)
				EditorAssembliesLoaded (0ms)
			ExecutionOrderSort2 (0ms)
			AwakeInstancesAfterBackupRestoration (7ms)
Platform modules already initialized, skipping
========================================================================
Worker process is ready to serve import requests
Launched and connected shader compiler UnityShaderCompiler.exe after 0.04 seconds
Refreshing native plugins compatible for Editor in 1.41 ms, found 3 plugins.
Preloading 0 native plugins for Editor in 0.00 ms.
Unloading 4125 Unused Serialized files (Serialized files now loaded: 0)
Unloading 68 unused Assets / (114.8 KB). Loaded Objects now: 4555.
Memory consumption went from 138.9 MB to 138.7 MB.
Total: 8.371900 ms (FindLiveObjects: 0.359000 ms CreateObjectMapping: 0.288800 ms MarkObjects: 7.587600 ms  DeleteObjects: 0.135300 ms)

AssetImportParameters requested are different than current active one (requested -> active):
  custom:video-decoder-ogg-theora: a1e56fd34408186e4bbccfd4996cb3dc -> 
  custom:container-muxer-webm: aa71ff27fc2769a1b78a27578f13a17b -> 
  custom:container-demuxer-webm: 4f35f7cbe854078d1ac9338744f61a02 -> 
  custom:video-encoder-webm-vp8: eb34c28f22e8b96e1ab97ce403110664 -> 
  custom:audio-encoder-webm-vorbis: bf7c407c2cedff20999df2af8eb42d56 -> 
  custom:framework-win-MediaFoundation: 216162199b28c13a410421893ffa2e32 -> 
  custom:container-demuxer-ogg: 62fdf1f143b41e24485cea50d1cbac27 -> 
  custom:video-decoder-webm-vp8: 9c59270c3fd7afecdb556c50c9e8de78 -> 
  custom:audio-decoder-ogg-vorbis: bf7c407c2cedff20999df2af8eb42d56 -> 
========================================================================
Received Import Request.
  Time since last request: 3334.420157 seconds.
  path: Assets/PolygonFarm/Materials/Leaves_Diff.mat
  artifactKey: Guid(a3c530b6a1fdc154383681dda4b83007) Importer(815301076,1909f56bfc062723c751e8b465ee728b)
Start importing Assets/PolygonFarm/Materials/Leaves_Diff.mat using Guid(a3c530b6a1fdc154383681dda4b83007) Importer(815301076,1909f56bfc062723c751e8b465ee728b)  -> (artifact id: 'fbc5fa6abf1b6bf206c4de7393cdc2e0') in 0.190391 seconds 
========================================================================
Received Import Request.
  Time since last request: 98.178516 seconds.
  path: Assets/PolygonFarm/Materials/Alts/PolygonFarm_01_C.mat
  artifactKey: Guid(b782a0026f3ce734ca45bd2ed7076f41) Importer(815301076,1909f56bfc062723c751e8b465ee728b)
Start importing Assets/PolygonFarm/Materials/Alts/PolygonFarm_01_C.mat using Guid(b782a0026f3ce734ca45bd2ed7076f41) Importer(815301076,1909f56bfc062723c751e8b465ee728b)  -> (artifact id: 'e90c65655da049f3700643eaf4f3f9cd') in 0.078686 seconds 
========================================================================
Received Import Request.
  Time since last request: 0.000020 seconds.
  path: Assets/PolygonFarm/Materials/Alts/PolygonFarm_02_C.mat
  artifactKey: Guid(fce3e1dac5c5658469a304bb1d3911f5) Importer(815301076,1909f56bfc062723c751e8b465ee728b)
Start importing Assets/PolygonFarm/Materials/Alts/PolygonFarm_02_C.mat using Guid(fce3e1dac5c5658469a304bb1d3911f5) Importer(815301076,1909f56bfc062723c751e8b465ee728b)  -> (artifact id: 'bb10d15668908ad5bf866bb710a4ef1e') in 0.044901 seconds 
========================================================================
Received Import Request.
  Time since last request: 0.000056 seconds.
  path: Assets/PolygonFarm/Materials/Alts/PolygonFarm_02_B.mat
  artifactKey: Guid(238068fd67f0d3f468362f86083e01a4) Importer(815301076,1909f56bfc062723c751e8b465ee728b)
Start importing Assets/PolygonFarm/Materials/Alts/PolygonFarm_02_B.mat using Guid(238068fd67f0d3f468362f86083e01a4) Importer(815301076,1909f56bfc062723c751e8b465ee728b)  -> (artifact id: '4f76279cdd616e8612a99990a3031457') in 0.039517 seconds 
========================================================================
Received Import Request.
  Time since last request: 0.000025 seconds.
  path: Assets/PolygonFarm/Materials/Alts/PolygonFarm_04_B.mat
  artifactKey: Guid(56a8f0c6c14457f48ab7b691aa942d0d) Importer(815301076,1909f56bfc062723c751e8b465ee728b)
Start importing Assets/PolygonFarm/Materials/Alts/PolygonFarm_04_B.mat using Guid(56a8f0c6c14457f48ab7b691aa942d0d) Importer(815301076,1909f56bfc062723c751e8b465ee728b)  -> (artifact id: '79e0d43fd6d964496b1ea7cde2c160ee') in 0.038289 seconds 
========================================================================
Received Import Request.
  Time since last request: 2.270609 seconds.
  path: Assets/PolygonFarm/Models/FX_Sphere.fbx
  artifactKey: Guid(219de587148d8bb41a8e255859dafe53) Importer(815301076,1909f56bfc062723c751e8b465ee728b)
Start importing Assets/PolygonFarm/Models/FX_Sphere.fbx using Guid(219de587148d8bb41a8e255859dafe53) Importer(815301076,1909f56bfc062723c751e8b465ee728b)  -> (artifact id: 'b59325849fa686a6dfe8dfa045db8bfe') in 0.095707 seconds 
========================================================================
Received Import Request.
  Time since last request: 0.000022 seconds.
  path: Assets/PolygonFarm/Models/SM_Env_Lillypads_02.fbx
  artifactKey: Guid(23a46afddf7102c439a25f3afce5c274) Importer(815301076,1909f56bfc062723c751e8b465ee728b)
Start importing Assets/PolygonFarm/Models/SM_Env_Lillypads_02.fbx using Guid(23a46afddf7102c439a25f3afce5c274) Importer(815301076,1909f56bfc062723c751e8b465ee728b)  -> (artifact id: 'af86e030876965b67d87421ad3ebed08') in 0.031567 seconds 
========================================================================
Received Import Request.
  Time since last request: 0.000019 seconds.
  path: Assets/PolygonFarm/Models/SM_Env_Dirt_Rows_Mounds_01.fbx
  artifactKey: Guid(6302899dc8cce95418c6244c53198b29) Importer(815301076,1909f56bfc062723c751e8b465ee728b)
Start importing Assets/PolygonFarm/Models/SM_Env_Dirt_Rows_Mounds_01.fbx using Guid(6302899dc8cce95418c6244c53198b29) Importer(815301076,1909f56bfc062723c751e8b465ee728b)  -> (artifact id: '66c4c948051baf608902c5965aafc613') in 0.030453 seconds 
========================================================================
Received Import Request.
  Time since last request: 0.000020 seconds.
  path: Assets/PolygonFarm/Models/SM_Env_Dirt_Skirt_01.fbx
  artifactKey: Guid(b3bca7a433b7a9549af0b0b486f29472) Importer(815301076,1909f56bfc062723c751e8b465ee728b)
Start importing Assets/PolygonFarm/Models/SM_Env_Dirt_Skirt_01.fbx using Guid(b3bca7a433b7a9549af0b0b486f29472) Importer(815301076,1909f56bfc062723c751e8b465ee728b)  -> (artifact id: 'e9d9415fe323691056d961b92cc1be72') in 0.033923 seconds 
========================================================================
Received Import Request.
  Time since last request: 0.000024 seconds.
  path: Assets/PolygonFarm/Models/SM_Bld_Barn_03.fbx
  artifactKey: Guid(e6a06380576d3f64fa509fb077cb8dd6) Importer(815301076,1909f56bfc062723c751e8b465ee728b)
Start importing Assets/PolygonFarm/Models/SM_Bld_Barn_03.fbx using Guid(e6a06380576d3f64fa509fb077cb8dd6) Importer(815301076,1909f56bfc062723c751e8b465ee728b)  -> (artifact id: '8ceb448b9e1dfbeaf2e8671c12026e8c') in 0.096955 seconds 
========================================================================
Received Import Request.
  Time since last request: 0.000076 seconds.
  path: Assets/PolygonFarm/Models/SM_Env_Flowers_03.fbx
  artifactKey: Guid(4666b2eae8d16444db674a238d558308) Importer(815301076,1909f56bfc062723c751e8b465ee728b)
Start importing Assets/PolygonFarm/Models/SM_Env_Flowers_03.fbx using Guid(4666b2eae8d16444db674a238d558308) Importer(815301076,1909f56bfc062723c751e8b465ee728b)  -> (artifact id: '7c3eebc5e31b551656d8240870c6b16a') in 0.026196 seconds 
========================================================================
Received Import Request.
  Time since last request: 0.000254 seconds.
  path: Assets/PolygonFarm/Models/SM_Env_Road_Dirt_Swerve_02.fbx
  artifactKey: Guid(382f2328b2a2b9f4baa2cf4afab1a92f) Importer(815301076,1909f56bfc062723c751e8b465ee728b)
Start importing Assets/PolygonFarm/Models/SM_Env_Road_Dirt_Swerve_02.fbx using Guid(382f2328b2a2b9f4baa2cf4afab1a92f) Importer(815301076,1909f56bfc062723c751e8b465ee728b)  -> (artifact id: 'ff48b6c0448e919ea369ca359263a79c') in 0.033566 seconds 
========================================================================
Received Import Request.
  Time since last request: 0.000019 seconds.
  path: Assets/PolygonFarm/Models/SM_Bld_Silo_Small_01.fbx
  artifactKey: Guid(c3fac65eab29fd44d9181cbffe7f4dfa) Importer(815301076,1909f56bfc062723c751e8b465ee728b)
Start importing Assets/PolygonFarm/Models/SM_Bld_Silo_Small_01.fbx using Guid(c3fac65eab29fd44d9181cbffe7f4dfa) Importer(815301076,1909f56bfc062723c751e8b465ee728b)  -> (artifact id: '84a9286928cd934d9161af644f18977b') in 0.027626 seconds 
========================================================================
Received Import Request.
  Time since last request: 0.000021 seconds.
  path: Assets/PolygonFarm/Models/SM_Bld_Silo_02.fbx
  artifactKey: Guid(f3c99fa76fd9f8544999eb37b255c7c0) Importer(815301076,1909f56bfc062723c751e8b465ee728b)
Start importing Assets/PolygonFarm/Models/SM_Bld_Silo_02.fbx using Guid(f3c99fa76fd9f8544999eb37b255c7c0) Importer(815301076,1909f56bfc062723c751e8b465ee728b)  -> (artifact id: '93de5dfe4c313b710c0f3265a7fb33bb') in 0.026642 seconds 
========================================================================
Received Import Request.
  Time since last request: 0.000020 seconds.
  path: Assets/PolygonFarm/Models/SM_Env_Flowers_01.fbx
  artifactKey: Guid(f3c558f35dcff0543984d9d631004651) Importer(815301076,1909f56bfc062723c751e8b465ee728b)
Start importing Assets/PolygonFarm/Models/SM_Env_Flowers_01.fbx using Guid(f3c558f35dcff0543984d9d631004651) Importer(815301076,1909f56bfc062723c751e8b465ee728b)  -> (artifact id: '7dc10be4730e7d6a42ca2928dc522b36') in 0.026751 seconds 
========================================================================
Received Import Request.
  Time since last request: 0.000018 seconds.
  path: Assets/PolygonFarm/Models/SM_Bld_ConcreteBase_01.fbx
  artifactKey: Guid(a528c335b891f2647881fe80d82729fa) Importer(815301076,1909f56bfc062723c751e8b465ee728b)
Start importing Assets/PolygonFarm/Models/SM_Bld_ConcreteBase_01.fbx using Guid(a528c335b891f2647881fe80d82729fa) Importer(815301076,1909f56bfc062723c751e8b465ee728b)  -> (artifact id: 'fddf791b2b244fb1eef65849ee59f65c') in 0.026485 seconds 
========================================================================
Received Import Request.
  Time since last request: 0.000021 seconds.
  path: Assets/PolygonFarm/Models/SM_Bld_Silo_01.fbx
  artifactKey: Guid(b00e16df74fa77640b1d0d01680cf393) Importer(815301076,1909f56bfc062723c751e8b465ee728b)
Start importing Assets/PolygonFarm/Models/SM_Bld_Silo_01.fbx using Guid(b00e16df74fa77640b1d0d01680cf393) Importer(815301076,1909f56bfc062723c751e8b465ee728b)  -> (artifact id: 'c82a1b5f281b56f27d6250e7a8b3cb40') in 0.029993 seconds 
========================================================================
Received Import Request.
  Time since last request: 0.000026 seconds.
  path: Assets/PolygonFarm/Models/SM_Bld_ProduceStand_01.fbx
  artifactKey: Guid(d76aea9ab6052b04b8613088b3844695) Importer(815301076,1909f56bfc062723c751e8b465ee728b)
Start importing Assets/PolygonFarm/Models/SM_Bld_ProduceStand_01.fbx using Guid(d76aea9ab6052b04b8613088b3844695) Importer(815301076,1909f56bfc062723c751e8b465ee728b)  -> (artifact id: '3ae89ecf1a7ddbec3a0a0f39a600f0b3') in 0.035908 seconds 
========================================================================
Received Import Request.
  Time since last request: 0.000017 seconds.
  path: Assets/PolygonFarm/Models/SM_Chr_Attach_CowboyHat_02.fbx
  artifactKey: Guid(af3f2ca6b42d8ed48b5f00e91498d555) Importer(815301076,1909f56bfc062723c751e8b465ee728b)
Start importing Assets/PolygonFarm/Models/SM_Chr_Attach_CowboyHat_02.fbx using Guid(af3f2ca6b42d8ed48b5f00e91498d555) Importer(815301076,1909f56bfc062723c751e8b465ee728b)  -> (artifact id: 'c2b6878a778b195451c42c40a2bfb77f') in 0.028720 seconds 
========================================================================
Received Import Request.
  Time since last request: 0.000019 seconds.
  path: Assets/PolygonFarm/Models/SM_Bld_Garage_01.fbx
  artifactKey: Guid(65793fc4a52d7124cbbf02462dbb6499) Importer(815301076,1909f56bfc062723c751e8b465ee728b)
Start importing Assets/PolygonFarm/Models/SM_Bld_Garage_01.fbx using Guid(65793fc4a52d7124cbbf02462dbb6499) Importer(815301076,1909f56bfc062723c751e8b465ee728b)  -> (artifact id: 'd5c45978db9ed24d68bbceb37fd3da09') in 0.037442 seconds 
========================================================================
Received Import Request.
  Time since last request: 0.000021 seconds.
  path: Assets/PolygonFarm/Models/SM_Env_Road_Dirt_Corner_02.fbx
  artifactKey: Guid(a56fd7785866daa41bfcaee07ea3d199) Importer(815301076,1909f56bfc062723c751e8b465ee728b)
Start importing Assets/PolygonFarm/Models/SM_Env_Road_Dirt_Corner_02.fbx using Guid(a56fd7785866daa41bfcaee07ea3d199) Importer(815301076,1909f56bfc062723c751e8b465ee728b)  -> (artifact id: '7d30231b07fa88c9e08a6173100724a5') in 0.040870 seconds 
========================================================================
Received Import Request.
  Time since last request: 0.000020 seconds.
  path: Assets/PolygonFarm/Models/SM_Env_Road_Dirt_End_02.fbx
  artifactKey: Guid(215937f2bfca46449a87994bf10f87c7) Importer(815301076,1909f56bfc062723c751e8b465ee728b)
Start importing Assets/PolygonFarm/Models/SM_Env_Road_Dirt_End_02.fbx using Guid(215937f2bfca46449a87994bf10f87c7) Importer(815301076,1909f56bfc062723c751e8b465ee728b)  -> (artifact id: 'f7b213e4420f6ee17c02f70e805d7dc3') in 0.027383 seconds 
========================================================================
Received Import Request.
  Time since last request: 0.000023 seconds.
  path: Assets/PolygonFarm/Models/SM_Bld_WaterTower_01.fbx
  artifactKey: Guid(4da63b16fe78b234bb70256e6d84c3a5) Importer(815301076,1909f56bfc062723c751e8b465ee728b)
Start importing Assets/PolygonFarm/Models/SM_Bld_WaterTower_01.fbx using Guid(4da63b16fe78b234bb70256e6d84c3a5) Importer(815301076,1909f56bfc062723c751e8b465ee728b)  -> (artifact id: 'ba959605592a97d4e594e28ac9ef5c9c') in 0.030957 seconds 
========================================================================
Received Import Request.
  Time since last request: 0.000029 seconds.
  path: Assets/PolygonFarm/Models/SM_Chr_Attach_Cap_02.fbx
  artifactKey: Guid(eed2f80ee4abee14a86c31a838df5e00) Importer(815301076,1909f56bfc062723c751e8b465ee728b)
Start importing Assets/PolygonFarm/Models/SM_Chr_Attach_Cap_02.fbx using Guid(eed2f80ee4abee14a86c31a838df5e00) Importer(815301076,1909f56bfc062723c751e8b465ee728b)  -> (artifact id: '0ec255d5d6c6e59dc15b08050064a0ea') in 0.023922 seconds 
========================================================================
Received Import Request.
  Time since last request: 0.000022 seconds.
  path: Assets/PolygonFarm/Models/SM_Chr_Attach_ScarecrowHat_01.fbx
  artifactKey: Guid(7219a87cc11a26e4ba5ab62e9626586f) Importer(815301076,1909f56bfc062723c751e8b465ee728b)
Start importing Assets/PolygonFarm/Models/SM_Chr_Attach_ScarecrowHat_01.fbx using Guid(7219a87cc11a26e4ba5ab62e9626586f) Importer(815301076,1909f56bfc062723c751e8b465ee728b)  -> (artifact id: '1f396b9d8cc7ef5dcf6c67cbd85b6c9b') in 0.034777 seconds 
========================================================================
Received Import Request.
  Time since last request: 0.000102 seconds.
  path: Assets/PolygonFarm/Models/SM_Env_Road_Dirt_Swerve_01.fbx
  artifactKey: Guid(a3fcf712e2b82fc46b50a1876434da79) Importer(815301076,1909f56bfc062723c751e8b465ee728b)
Start importing Assets/PolygonFarm/Models/SM_Env_Road_Dirt_Swerve_01.fbx using Guid(a3fcf712e2b82fc46b50a1876434da79) Importer(815301076,1909f56bfc062723c751e8b465ee728b)  -> (artifact id: '6a59054c1a669a15ea76d9c628e48cf0') in 0.033501 seconds 
========================================================================
Received Import Request.
  Time since last request: 0.000020 seconds.
  path: Assets/PolygonFarm/Models/SM_Env_PuddlePlane_01.fbx
  artifactKey: Guid(67b24cfb031102847babf4d513bd51c4) Importer(815301076,1909f56bfc062723c751e8b465ee728b)
Start importing Assets/PolygonFarm/Models/SM_Env_PuddlePlane_01.fbx using Guid(67b24cfb031102847babf4d513bd51c4) Importer(815301076,1909f56bfc062723c751e8b465ee728b)  -> (artifact id: 'b3401678d0e8651c91f7236d3eb43493') in 0.042008 seconds 
========================================================================
Received Import Request.
  Time since last request: 0.000021 seconds.
  path: Assets/PolygonFarm/Models/SM_Chr_Attach_Wheat_01.fbx
  artifactKey: Guid(0db71e1297b5ff2438dbad9b03de1a58) Importer(815301076,1909f56bfc062723c751e8b465ee728b)
Start importing Assets/PolygonFarm/Models/SM_Chr_Attach_Wheat_01.fbx using Guid(0db71e1297b5ff2438dbad9b03de1a58) Importer(815301076,1909f56bfc062723c751e8b465ee728b)  -> (artifact id: '458b10e64d3fc1814743fd2de37d4266') in 0.040681 seconds 
========================================================================
Received Import Request.
  Time since last request: 0.000025 seconds.
  path: Assets/PolygonFarm/Models/SM_Bld_Greenhouse_01.fbx
  artifactKey: Guid(ee7fc3c1d56952642987a4da5f1e2ccd) Importer(815301076,1909f56bfc062723c751e8b465ee728b)
Start importing Assets/PolygonFarm/Models/SM_Bld_Greenhouse_01.fbx using Guid(ee7fc3c1d56952642987a4da5f1e2ccd) Importer(815301076,1909f56bfc062723c751e8b465ee728b)  -> (artifact id: 'fbc946260d272bbd4ba226e6e2f17ff8') in 0.065726 seconds 
========================================================================
Received Import Request.
  Time since last request: 0.000031 seconds.
  path: Assets/PolygonFarm/Models/SM_Env_Dirt_Rows_Center_01.fbx
  artifactKey: Guid(03e739b6cdbb7794ba4d306c406998e2) Importer(815301076,1909f56bfc062723c751e8b465ee728b)
Start importing Assets/PolygonFarm/Models/SM_Env_Dirt_Rows_Center_01.fbx using Guid(03e739b6cdbb7794ba4d306c406998e2) Importer(815301076,1909f56bfc062723c751e8b465ee728b)  -> (artifact id: '44afcfbabc3a10d4f8e2de7a626700fb') in 0.028671 seconds 
========================================================================
Received Import Request.
  Time since last request: 0.000021 seconds.
  path: Assets/PolygonFarm/Models/SM_Env_Lillypads_01.fbx
  artifactKey: Guid(7095a572d7be34840b1d97575f527756) Importer(815301076,1909f56bfc062723c751e8b465ee728b)
Start importing Assets/PolygonFarm/Models/SM_Env_Lillypads_01.fbx using Guid(7095a572d7be34840b1d97575f527756) Importer(815301076,1909f56bfc062723c751e8b465ee728b)  -> (artifact id: '9b840660ef8a3ae79ced83620fa6ef00') in 0.033409 seconds 
========================================================================
Received Import Request.
  Time since last request: 0.000025 seconds.
  path: Assets/PolygonFarm/Models/SM_Env_Reeds_02.fbx
  artifactKey: Guid(8811add336d8c3d4994c58d357fff668) Importer(815301076,1909f56bfc062723c751e8b465ee728b)
Start importing Assets/PolygonFarm/Models/SM_Env_Reeds_02.fbx using Guid(8811add336d8c3d4994c58d357fff668) Importer(815301076,1909f56bfc062723c751e8b465ee728b)  -> (artifact id: 'e9d6f7000cdd71a0ae45c0b38a9e8f54') in 0.026583 seconds 
========================================================================
Received Import Request.
  Time since last request: 0.000127 seconds.
  path: Assets/PolygonFarm/Models/SM_Env_Reeds_01.fbx
  artifactKey: Guid(645b3986cc52c4a4690fb9e4306d01b3) Importer(815301076,1909f56bfc062723c751e8b465ee728b)
Start importing Assets/PolygonFarm/Models/SM_Env_Reeds_01.fbx using Guid(645b3986cc52c4a4690fb9e4306d01b3) Importer(815301076,1909f56bfc062723c751e8b465ee728b)  -> (artifact id: '62d99f2b417851675e1c45c0236d7ec7') in 0.035038 seconds 
========================================================================
Received Import Request.
  Time since last request: 0.000021 seconds.
  path: Assets/PolygonFarm/Models/SM_Env_Pebbles_03.fbx
  artifactKey: Guid(04af00081d4202941828354874a36eb3) Importer(815301076,1909f56bfc062723c751e8b465ee728b)
Start importing Assets/PolygonFarm/Models/SM_Env_Pebbles_03.fbx using Guid(04af00081d4202941828354874a36eb3) Importer(815301076,1909f56bfc062723c751e8b465ee728b)  -> (artifact id: 'b70364da7fb86b1f0f2cb2324bb68bc6') in 0.031533 seconds 
========================================================================
Received Import Request.
  Time since last request: 0.000032 seconds.
  path: Assets/PolygonFarm/Models/SM_Bld_Barn_02.fbx
  artifactKey: Guid(6275b76574af0284d811a9bee6b9699b) Importer(815301076,1909f56bfc062723c751e8b465ee728b)
Start importing Assets/PolygonFarm/Models/SM_Bld_Barn_02.fbx using Guid(6275b76574af0284d811a9bee6b9699b) Importer(815301076,1909f56bfc062723c751e8b465ee728b)  -> (artifact id: 'e3b5274c8aba64f52d196a12ffecb91b') in 0.106809 seconds 
========================================================================
Received Import Request.
  Time since last request: 0.000029 seconds.
  path: Assets/PolygonFarm/Models/SM_Bld_Farmhouse_02.fbx
  artifactKey: Guid(ea1ba4b74f4bce84d977ef4f2cdaceb3) Importer(815301076,1909f56bfc062723c751e8b465ee728b)
Start importing Assets/PolygonFarm/Models/SM_Bld_Farmhouse_02.fbx using Guid(ea1ba4b74f4bce84d977ef4f2cdaceb3) Importer(815301076,1909f56bfc062723c751e8b465ee728b)  -> (artifact id: '917c2ba3f4e60bfe7eab79865670e10d') in 0.052857 seconds 
========================================================================
Received Import Request.
  Time since last request: 0.000536 seconds.
  path: Assets/PolygonFarm/Models/SM_Env_Dirt_Rows_End_Top_01.fbx
  artifactKey: Guid(859b4c31a649e6b41ba75a36e0cbb5b5) Importer(815301076,1909f56bfc062723c751e8b465ee728b)
Start importing Assets/PolygonFarm/Models/SM_Env_Dirt_Rows_End_Top_01.fbx using Guid(859b4c31a649e6b41ba75a36e0cbb5b5) Importer(815301076,1909f56bfc062723c751e8b465ee728b)  -> (artifact id: 'd048514da27c309e1da4a062eeaa24be') in 0.094551 seconds 
Editor requested this worker to shutdown with reason: Scaling down because of idle timeout
AssetImportWorker is now disconnected from the server
Process exiting
Exiting without the bug reporter. Application will terminate with return code 0