Using pre-set license
Built from '2021.3/release' branch; Version is '2021.3.12f1 (8af3c3e441b1) revision 9106371'; Using compiler version '192829333'; Build Type 'Release'
OS: 'Windows 10  (10.0.19044) 64bit Professional' Language: 'es' Physical Memory: 16321 MB
BatchMode: 1, IsHumanControllingUs: 0, StartBugReporterOnCrash: 0, Is64bit: 1, IsPro: 1

COMMAND LINE ARGUMENTS:
C:\Program Files\Unity\Hub\Editor\2021.3.12f1\Editor\Unity.exe
-adb2
-batchMode
-noUpm
-name
AssetImportWorker5
-projectPath
C:/Users/Alumnado 3D/Desktop/3d/Repository/farm/farm
-logFile
Logs/AssetImportWorker5.log
-srvPort
64304
Successfully changed project path to: C:/Users/Alumnado 3D/Desktop/3d/Repository/farm/farm
C:/Users/Alumnado 3D/Desktop/3d/Repository/farm/farm
[UnityMemory] Configuration Parameters - Can be set up in boot.config
    "memorysetup-bucket-allocator-granularity=16"
    "memorysetup-bucket-allocator-bucket-count=8"
    "memorysetup-bucket-allocator-block-size=33554432"
    "memorysetup-bucket-allocator-block-count=8"
    "memorysetup-main-allocator-block-size=16777216"
    "memorysetup-thread-allocator-block-size=16777216"
    "memorysetup-gfx-main-allocator-block-size=16777216"
    "memorysetup-gfx-thread-allocator-block-size=16777216"
    "memorysetup-cache-allocator-block-size=4194304"
    "memorysetup-typetree-allocator-block-size=2097152"
    "memorysetup-profiler-bucket-allocator-granularity=16"
    "memorysetup-profiler-bucket-allocator-bucket-count=8"
    "memorysetup-profiler-bucket-allocator-block-size=33554432"
    "memorysetup-profiler-bucket-allocator-block-count=8"
    "memorysetup-profiler-allocator-block-size=16777216"
    "memorysetup-profiler-editor-allocator-block-size=1048576"
    "memorysetup-temp-allocator-size-main=16777216"
    "memorysetup-job-temp-allocator-block-size=2097152"
    "memorysetup-job-temp-allocator-block-size-background=1048576"
    "memorysetup-job-temp-allocator-reduction-small-platforms=262144"
    "memorysetup-temp-allocator-size-background-worker=32768"
    "memorysetup-temp-allocator-size-job-worker=262144"
    "memorysetup-temp-allocator-size-preload-manager=33554432"
    "memorysetup-temp-allocator-size-nav-mesh-worker=65536"
    "memorysetup-temp-allocator-size-audio-worker=65536"
    "memorysetup-temp-allocator-size-cloud-worker=32768"
    "memorysetup-temp-allocator-size-gi-baking-worker=262144"
    "memorysetup-temp-allocator-size-gfx=262144"
Refreshing native plugins compatible for Editor in 480.20 ms, found 3 plugins.
Preloading 0 native plugins for Editor in 0.00 ms.
Initialize engine version: 2021.3.12f1 (8af3c3e441b1)
[Subsystems] Discovering subsystems at path C:/Program Files/Unity/Hub/Editor/2021.3.12f1/Editor/Data/Resources/UnitySubsystems
[Subsystems] Discovering subsystems at path C:/Users/Alumnado 3D/Desktop/3d/Repository/farm/farm/Assets
GfxDevice: creating device client; threaded=0; jobified=0
Direct3D:
    Version:  Direct3D 11.0 [level 11.0]
    Renderer: NVIDIA GeForce GT 730 (ID=0x1287)
    Vendor:   NVIDIA
    VRAM:     4052 MB
    Driver:   27.21.14.5671
Initialize mono
Mono path[0] = 'C:/Program Files/Unity/Hub/Editor/2021.3.12f1/Editor/Data/Managed'
Mono path[1] = 'C:/Program Files/Unity/Hub/Editor/2021.3.12f1/Editor/Data/MonoBleedingEdge/lib/mono/unityjit-win32'
Mono config path = 'C:/Program Files/Unity/Hub/Editor/2021.3.12f1/Editor/Data/MonoBleedingEdge/etc'
Using monoOptions --debugger-agent=transport=dt_socket,embedding=1,server=y,suspend=n,address=127.0.0.1:56960
Begin MonoManager ReloadAssembly
Registering precompiled unity dll's ...
Register platform support module: C:/Program Files/Unity/Hub/Editor/2021.3.12f1/Editor/Data/PlaybackEngines/AndroidPlayer/UnityEditor.Android.Extensions.dll
Register platform support module: C:/Program Files/Unity/Hub/Editor/2021.3.12f1/Editor/Data/PlaybackEngines/WindowsStandaloneSupport/UnityEditor.WindowsStandalone.Extensions.dll
Registered in 0.010069 seconds.
Native extension for WindowsStandalone target not found
Native extension for Android target not found
Refreshing native plugins compatible for Editor in 131.95 ms, found 3 plugins.
Preloading 0 native plugins for Editor in 0.00 ms.
Mono: successfully reloaded assembly
- Completed reload, in  1.044 seconds
Domain Reload Profiling:
	ReloadAssembly (1045ms)
		BeginReloadAssembly (88ms)
			ExecutionOrderSort (0ms)
			DisableScriptedObjects (0ms)
			BackupInstance (0ms)
			ReleaseScriptingObjects (0ms)
			CreateAndSetChildDomain (1ms)
		EndReloadAssembly (830ms)
			LoadAssemblies (86ms)
			RebuildTransferFunctionScriptingTraits (0ms)
			SetupTypeCache (120ms)
			ReleaseScriptCaches (0ms)
			RebuildScriptCaches (34ms)
			SetupLoadedEditorAssemblies (610ms)
				LogAssemblyErrors (0ms)
				InitializePlatformSupportModulesInManaged (68ms)
				SetLoadedEditorAssemblies (0ms)
				RefreshPlugins (132ms)
				BeforeProcessingInitializeOnLoad (1ms)
				ProcessInitializeOnLoadAttributes (240ms)
				ProcessInitializeOnLoadMethodAttributes (168ms)
				AfterProcessingInitializeOnLoad (0ms)
				EditorAssembliesLoaded (0ms)
			ExecutionOrderSort2 (0ms)
			AwakeInstancesAfterBackupRestoration (0ms)
Platform modules already initialized, skipping
Registering precompiled user dll's ...
Registered in 0.011385 seconds.
Begin MonoManager ReloadAssembly
Symbol file LoadedFromMemory doesn't match image C:\Users\Alumnado 3D\Desktop\3d\Repository\farm\farm\Library\PackageCache\com.unity.visualscripting@1.7.8\Editor\VisualScripting.Core\Dependencies\DotNetZip\Unity.VisualScripting.IonicZip.dll
Symbol file LoadedFromMemory doesn't match image C:\Users\Alumnado 3D\Desktop\3d\Repository\farm\farm\Library\PackageCache\com.unity.visualscripting@1.7.8\Editor\VisualScripting.Core\Dependencies\YamlDotNet\Unity.VisualScripting.YamlDotNet.dll
Native extension for WindowsStandalone target not found
Native extension for Android target not found
Refreshing native plugins compatible for Editor in 1.06 ms, found 3 plugins.
Preloading 0 native plugins for Editor in 0.00 ms.
Package Manager log level set to [2]
Mono: successfully reloaded assembly
- Completed reload, in  2.352 seconds
Domain Reload Profiling:
	ReloadAssembly (2353ms)
		BeginReloadAssembly (268ms)
			ExecutionOrderSort (0ms)
			DisableScriptedObjects (9ms)
			BackupInstance (0ms)
			ReleaseScriptingObjects (0ms)
			CreateAndSetChildDomain (150ms)
		EndReloadAssembly (1947ms)
			LoadAssemblies (111ms)
			RebuildTransferFunctionScriptingTraits (0ms)
			SetupTypeCache (892ms)
			ReleaseScriptCaches (5ms)
			RebuildScriptCaches (177ms)
			SetupLoadedEditorAssemblies (675ms)
				LogAssemblyErrors (0ms)
				InitializePlatformSupportModulesInManaged (19ms)
				SetLoadedEditorAssemblies (1ms)
				RefreshPlugins (1ms)
				BeforeProcessingInitializeOnLoad (134ms)
				ProcessInitializeOnLoadAttributes (326ms)
				ProcessInitializeOnLoadMethodAttributes (183ms)
				AfterProcessingInitializeOnLoad (12ms)
				EditorAssembliesLoaded (0ms)
			ExecutionOrderSort2 (0ms)
			AwakeInstancesAfterBackupRestoration (8ms)
Platform modules already initialized, skipping
========================================================================
Worker process is ready to serve import requests
Launched and connected shader compiler UnityShaderCompiler.exe after 0.05 seconds
Refreshing native plugins compatible for Editor in 1.03 ms, found 3 plugins.
Preloading 0 native plugins for Editor in 0.00 ms.
Unloading 4119 Unused Serialized files (Serialized files now loaded: 0)
Unloading 68 unused Assets / (114.4 KB). Loaded Objects now: 4549.
Memory consumption went from 138.3 MB to 138.2 MB.
Total: 8.088400 ms (FindLiveObjects: 0.476200 ms CreateObjectMapping: 0.420900 ms MarkObjects: 7.069100 ms  DeleteObjects: 0.121100 ms)

AssetImportParameters requested are different than current active one (requested -> active):
  custom:video-decoder-ogg-theora: a1e56fd34408186e4bbccfd4996cb3dc -> 
  custom:container-muxer-webm: aa71ff27fc2769a1b78a27578f13a17b -> 
  custom:container-demuxer-webm: 4f35f7cbe854078d1ac9338744f61a02 -> 
  custom:video-encoder-webm-vp8: eb34c28f22e8b96e1ab97ce403110664 -> 
  custom:audio-encoder-webm-vorbis: bf7c407c2cedff20999df2af8eb42d56 -> 
  custom:framework-win-MediaFoundation: 216162199b28c13a410421893ffa2e32 -> 
  custom:container-demuxer-ogg: 62fdf1f143b41e24485cea50d1cbac27 -> 
  custom:video-decoder-webm-vp8: 9c59270c3fd7afecdb556c50c9e8de78 -> 
  custom:audio-decoder-ogg-vorbis: bf7c407c2cedff20999df2af8eb42d56 -> 
========================================================================
Received Import Request.
  Time since last request: 5717.934520 seconds.
  path: Assets/PolygonFarm/Prefabs/Plants/SM_Prop_Apple_01_Group.prefab
  artifactKey: Guid(454fbc1517ce7d14faf178d293496f47) Importer(815301076,1909f56bfc062723c751e8b465ee728b)
Start importing Assets/PolygonFarm/Prefabs/Plants/SM_Prop_Apple_01_Group.prefab using Guid(454fbc1517ce7d14faf178d293496f47) Importer(815301076,1909f56bfc062723c751e8b465ee728b)  -> (artifact id: '0e7c40969188f868b8b3ae5ca76d486f') in 0.378760 seconds 
========================================================================
Received Import Request.
  Time since last request: 0.000022 seconds.
  path: Assets/PolygonFarm/Prefabs/Plants/SM_Prop_Lettuce_01_M.prefab
  artifactKey: Guid(168746531dcd24742a5b5cdb82c951f1) Importer(815301076,1909f56bfc062723c751e8b465ee728b)
Start importing Assets/PolygonFarm/Prefabs/Plants/SM_Prop_Lettuce_01_M.prefab using Guid(168746531dcd24742a5b5cdb82c951f1) Importer(815301076,1909f56bfc062723c751e8b465ee728b)  -> (artifact id: 'f2893c45aea2006968ffa52576a127ea') in 0.069498 seconds 
========================================================================
Received Import Request.
  Time since last request: 0.000030 seconds.
  path: Assets/PolygonFarm/Prefabs/Plants/SM_Prop_Banana_01_Group.prefab
  artifactKey: Guid(dd783139013f6a74da9cbfe9dcd03590) Importer(815301076,1909f56bfc062723c751e8b465ee728b)
Start importing Assets/PolygonFarm/Prefabs/Plants/SM_Prop_Banana_01_Group.prefab using Guid(dd783139013f6a74da9cbfe9dcd03590) Importer(815301076,1909f56bfc062723c751e8b465ee728b)  -> (artifact id: 'e3f62bc46723f6d0ad76e562bfc552f1') in 0.129015 seconds 
========================================================================
Received Import Request.
  Time since last request: 0.000036 seconds.
  path: Assets/PolygonFarm/Prefabs/Environments/SM_Env_Road_Pebbles_02.prefab
  artifactKey: Guid(da0c23b9c7b2dd74c87c14176f98ed17) Importer(815301076,1909f56bfc062723c751e8b465ee728b)
Start importing Assets/PolygonFarm/Prefabs/Environments/SM_Env_Road_Pebbles_02.prefab using Guid(da0c23b9c7b2dd74c87c14176f98ed17) Importer(815301076,1909f56bfc062723c751e8b465ee728b)  -> (artifact id: 'cb23296eaa437a50b3791e0b78e5ba15') in 0.028551 seconds 
========================================================================
Received Import Request.
  Time since last request: 0.000023 seconds.
  path: Assets/PolygonFarm/Prefabs/Environments/SM_Env_Tree_Cherry_Grown_01.prefab
  artifactKey: Guid(2e992b7db39a4f542a0e1ad222200c67) Importer(815301076,1909f56bfc062723c751e8b465ee728b)
Start importing Assets/PolygonFarm/Prefabs/Environments/SM_Env_Tree_Cherry_Grown_01.prefab using Guid(2e992b7db39a4f542a0e1ad222200c67) Importer(815301076,1909f56bfc062723c751e8b465ee728b)  -> (artifact id: 'cb09d95001df8d637ed56d49cadfee30') in 0.040401 seconds 
========================================================================
Received Import Request.
  Time since last request: 0.000026 seconds.
  path: Assets/PolygonFarm/Prefabs/Environments/SM_Env_Road_Dirt_End_01.prefab
  artifactKey: Guid(b82d8fd9637b1d442929ed23d378d368) Importer(815301076,1909f56bfc062723c751e8b465ee728b)
Start importing Assets/PolygonFarm/Prefabs/Environments/SM_Env_Road_Dirt_End_01.prefab using Guid(b82d8fd9637b1d442929ed23d378d368) Importer(815301076,1909f56bfc062723c751e8b465ee728b)  -> (artifact id: '689f036ce370cd63b7b8e48bb3023693') in 0.049713 seconds 
========================================================================
Received Import Request.
  Time since last request: 0.000035 seconds.
  path: Assets/PolygonFarm/Prefabs/Environments/SM_Env_Tree_Apple_01.prefab
  artifactKey: Guid(91169ee23d4147340bba9836e7c51716) Importer(815301076,1909f56bfc062723c751e8b465ee728b)
Start importing Assets/PolygonFarm/Prefabs/Environments/SM_Env_Tree_Apple_01.prefab using Guid(91169ee23d4147340bba9836e7c51716) Importer(815301076,1909f56bfc062723c751e8b465ee728b)  -> (artifact id: 'bcfc13f611fb85ccdac5408ccaaa1c99') in 0.040939 seconds 
========================================================================
Received Import Request.
  Time since last request: 0.000021 seconds.
  path: Assets/PolygonFarm/Prefabs/Environments/SM_Env_Road_Gravel_End_01.prefab
  artifactKey: Guid(48d6b528989319248a3030dcbd5a8d77) Importer(815301076,1909f56bfc062723c751e8b465ee728b)
Start importing Assets/PolygonFarm/Prefabs/Environments/SM_Env_Road_Gravel_End_01.prefab using Guid(48d6b528989319248a3030dcbd5a8d77) Importer(815301076,1909f56bfc062723c751e8b465ee728b)  -> (artifact id: '7775501ce3892cfc49ccf9a16031d6f7') in 0.042700 seconds 
========================================================================
Received Import Request.
  Time since last request: 0.000022 seconds.
  path: Assets/PolygonFarm/Prefabs/Environments/SM_Env_Dirt_Rows_Mounds_01.prefab
  artifactKey: Guid(888f6b30a76fe1a41a9a379e73ec8f93) Importer(815301076,1909f56bfc062723c751e8b465ee728b)
Start importing Assets/PolygonFarm/Prefabs/Environments/SM_Env_Dirt_Rows_Mounds_01.prefab using Guid(888f6b30a76fe1a41a9a379e73ec8f93) Importer(815301076,1909f56bfc062723c751e8b465ee728b)  -> (artifact id: '7b915dfd8d43a6891e9598edd6e1dbfd') in 0.035146 seconds 
========================================================================
Received Import Request.
  Time since last request: 0.000029 seconds.
  path: Assets/PolygonFarm/Prefabs/Environments/SM_Env_Lillypads_01.prefab
  artifactKey: Guid(48dcbe3bbdd09354abf302f02a8d9c7d) Importer(815301076,1909f56bfc062723c751e8b465ee728b)
Start importing Assets/PolygonFarm/Prefabs/Environments/SM_Env_Lillypads_01.prefab using Guid(48dcbe3bbdd09354abf302f02a8d9c7d) Importer(815301076,1909f56bfc062723c751e8b465ee728b)  -> (artifact id: 'f4dc84ee2898972151c262c277393428') in 0.035337 seconds 
========================================================================
Received Import Request.
  Time since last request: 0.000030 seconds.
  path: Assets/PolygonFarm/Prefabs/Environments/SM_Env_Flowers_01.prefab
  artifactKey: Guid(cbc26ab00608e0b4abb448fcb98010e2) Importer(815301076,1909f56bfc062723c751e8b465ee728b)
Start importing Assets/PolygonFarm/Prefabs/Environments/SM_Env_Flowers_01.prefab using Guid(cbc26ab00608e0b4abb448fcb98010e2) Importer(815301076,1909f56bfc062723c751e8b465ee728b)  -> (artifact id: '0b9e77d86f5edd1892d99cca48510fdd') in 0.030644 seconds 
========================================================================
Received Import Request.
  Time since last request: 0.005118 seconds.
  path: Assets/PolygonFarm/Prefabs/Environments/SM_Env_Dirt_Rows_01.prefab
  artifactKey: Guid(c738b62174ab09f4eb2d7b486398a6ed) Importer(815301076,1909f56bfc062723c751e8b465ee728b)
Start importing Assets/PolygonFarm/Prefabs/Environments/SM_Env_Dirt_Rows_01.prefab using Guid(c738b62174ab09f4eb2d7b486398a6ed) Importer(815301076,1909f56bfc062723c751e8b465ee728b)  -> (artifact id: '99e1f88ad92ca7a32acbdc1641e45829') in 0.047185 seconds 
========================================================================
Received Import Request.
  Time since last request: 0.000041 seconds.
  path: Assets/PolygonFarm/Prefabs/Environments/SM_Env_Road_Gravel_End_02.prefab
  artifactKey: Guid(37d60c10099afb44a8a73db408836055) Importer(815301076,1909f56bfc062723c751e8b465ee728b)
Start importing Assets/PolygonFarm/Prefabs/Environments/SM_Env_Road_Gravel_End_02.prefab using Guid(37d60c10099afb44a8a73db408836055) Importer(815301076,1909f56bfc062723c751e8b465ee728b)  -> (artifact id: '8c10700e954dfe20f69ee4b2ffe37581') in 0.040313 seconds 
========================================================================
Received Import Request.
  Time since last request: 0.000023 seconds.
  path: Assets/PolygonFarm/Prefabs/Plants/SM_Prop_Lettuce_01_S.prefab
  artifactKey: Guid(c9e712dca7d761046a2c999e275a757d) Importer(815301076,1909f56bfc062723c751e8b465ee728b)
Start importing Assets/PolygonFarm/Prefabs/Plants/SM_Prop_Lettuce_01_S.prefab using Guid(c9e712dca7d761046a2c999e275a757d) Importer(815301076,1909f56bfc062723c751e8b465ee728b)  -> (artifact id: '5ed429f0a1461e7466187f3b55f78b5f') in 0.056935 seconds 
========================================================================
Received Import Request.
  Time since last request: 0.000027 seconds.
  path: Assets/PolygonFarm/Prefabs/Plants/SM_Prop_Cucumber_01_M.prefab
  artifactKey: Guid(691e38f59a41502429e6e645a32c0a60) Importer(815301076,1909f56bfc062723c751e8b465ee728b)
Start importing Assets/PolygonFarm/Prefabs/Plants/SM_Prop_Cucumber_01_M.prefab using Guid(691e38f59a41502429e6e645a32c0a60) Importer(815301076,1909f56bfc062723c751e8b465ee728b)  -> (artifact id: '01b807b934d3c6921bd89cbca7a07aaf') in 0.024723 seconds 
========================================================================
Received Import Request.
  Time since last request: 0.002226 seconds.
  path: Assets/PolygonFarm/Prefabs/Environments/SM_Env_Road_Dirt_Swerve_02.prefab
  artifactKey: Guid(fb3455787bbec434a9d65f0e6813b8f6) Importer(815301076,1909f56bfc062723c751e8b465ee728b)
Start importing Assets/PolygonFarm/Prefabs/Environments/SM_Env_Road_Dirt_Swerve_02.prefab using Guid(fb3455787bbec434a9d65f0e6813b8f6) Importer(815301076,1909f56bfc062723c751e8b465ee728b)  -> (artifact id: '5cbcff3d76b99f3ab0297319038fe97c') in 0.040221 seconds 
========================================================================
Received Import Request.
  Time since last request: 0.000022 seconds.
  path: Assets/PolygonFarm/Prefabs/Plants/SM_Prop_Cucumber_01_Group.prefab
  artifactKey: Guid(eb39929bc637f094b990503d9e761f4d) Importer(815301076,1909f56bfc062723c751e8b465ee728b)
Start importing Assets/PolygonFarm/Prefabs/Plants/SM_Prop_Cucumber_01_Group.prefab using Guid(eb39929bc637f094b990503d9e761f4d) Importer(815301076,1909f56bfc062723c751e8b465ee728b)  -> (artifact id: '4b03c8616394245afba86123fe3411a0') in 0.034281 seconds 
========================================================================
Received Import Request.
  Time since last request: 0.000021 seconds.
  path: Assets/PolygonFarm/Prefabs/Plants/SM_Prop_Broccoli_01_S.prefab
  artifactKey: Guid(ffbd0df073c0df148ae86268bd08c6c1) Importer(815301076,1909f56bfc062723c751e8b465ee728b)
Start importing Assets/PolygonFarm/Prefabs/Plants/SM_Prop_Broccoli_01_S.prefab using Guid(ffbd0df073c0df148ae86268bd08c6c1) Importer(815301076,1909f56bfc062723c751e8b465ee728b)  -> (artifact id: '594f14faf412e770955bc2223e0df2de') in 0.031278 seconds 
========================================================================
Received Import Request.
  Time since last request: 0.000170 seconds.
  path: Assets/PolygonFarm/Prefabs/Plants/SM_Prop_Cucumber_01_L.prefab
  artifactKey: Guid(3dc5acade027f8f47b7d5631eda4ea4c) Importer(815301076,1909f56bfc062723c751e8b465ee728b)
Start importing Assets/PolygonFarm/Prefabs/Plants/SM_Prop_Cucumber_01_L.prefab using Guid(3dc5acade027f8f47b7d5631eda4ea4c) Importer(815301076,1909f56bfc062723c751e8b465ee728b)  -> (artifact id: '55cf3399e6aaecc6ca00156e61dfd791') in 0.041389 seconds 
========================================================================
Received Import Request.
  Time since last request: 0.000662 seconds.
  path: Assets/PolygonFarm/Prefabs/Plants/SM_Prop_Asparagus_01_L.prefab
  artifactKey: Guid(3ef0e4e5a5085f34bb79ad21a4c5038f) Importer(815301076,1909f56bfc062723c751e8b465ee728b)
Start importing Assets/PolygonFarm/Prefabs/Plants/SM_Prop_Asparagus_01_L.prefab using Guid(3ef0e4e5a5085f34bb79ad21a4c5038f) Importer(815301076,1909f56bfc062723c751e8b465ee728b)  -> (artifact id: '1510eeb08339158dbd6eda772015ac1b') in 0.041191 seconds 
========================================================================
Received Import Request.
  Time since last request: 0.000025 seconds.
  path: Assets/PolygonFarm/Prefabs/Plants/SM_Prop_Box_Eggplant_01.prefab
  artifactKey: Guid(0ce2ad91d6b504143bcd5f3f0499fba3) Importer(815301076,1909f56bfc062723c751e8b465ee728b)
Start importing Assets/PolygonFarm/Prefabs/Plants/SM_Prop_Box_Eggplant_01.prefab using Guid(0ce2ad91d6b504143bcd5f3f0499fba3) Importer(815301076,1909f56bfc062723c751e8b465ee728b)  -> (artifact id: '9c90f9cb741a103b6cc48d704cb6334b') in 0.038873 seconds 
========================================================================
Received Import Request.
  Time since last request: 0.000029 seconds.
  path: Assets/PolygonFarm/Prefabs/Plants/SM_Prop_Corn_01.prefab
  artifactKey: Guid(55c839df0d5a74043ba47be58b12ccfa) Importer(815301076,1909f56bfc062723c751e8b465ee728b)
Start importing Assets/PolygonFarm/Prefabs/Plants/SM_Prop_Corn_01.prefab using Guid(55c839df0d5a74043ba47be58b12ccfa) Importer(815301076,1909f56bfc062723c751e8b465ee728b)  -> (artifact id: 'f6c3aa4de1cbafd09ff3b10207fb91a3') in 0.037831 seconds 
========================================================================
Received Import Request.
  Time since last request: 0.000349 seconds.
  path: Assets/PolygonFarm/Prefabs/Environments/SM_Env_Road_Gravel_Intersection_01.prefab
  artifactKey: Guid(45865bc9d9497744994645653be0fbc4) Importer(815301076,1909f56bfc062723c751e8b465ee728b)
Start importing Assets/PolygonFarm/Prefabs/Environments/SM_Env_Road_Gravel_Intersection_01.prefab using Guid(45865bc9d9497744994645653be0fbc4) Importer(815301076,1909f56bfc062723c751e8b465ee728b)  -> (artifact id: 'd288014ae6d6398829ae08d3cc3362f6') in 0.047235 seconds 
========================================================================
Received Import Request.
  Time since last request: 0.000028 seconds.
  path: Assets/PolygonFarm/Prefabs/Plants/SM_Prop_Chilli_01.prefab
  artifactKey: Guid(6ee35a693f88cd0478a6a5b5cee34bde) Importer(815301076,1909f56bfc062723c751e8b465ee728b)
Start importing Assets/PolygonFarm/Prefabs/Plants/SM_Prop_Chilli_01.prefab using Guid(6ee35a693f88cd0478a6a5b5cee34bde) Importer(815301076,1909f56bfc062723c751e8b465ee728b)  -> (artifact id: 'a45067d0d4f8351e3fabcf5e79642eba') in 0.027007 seconds 
========================================================================
Received Import Request.
  Time since last request: 0.003108 seconds.
  path: Assets/PolygonFarm/Prefabs/Environments/SM_Env_Road_Dirt_End_02.prefab
  artifactKey: Guid(abc35942d7873e74696fd81f76d012f4) Importer(815301076,1909f56bfc062723c751e8b465ee728b)
Start importing Assets/PolygonFarm/Prefabs/Environments/SM_Env_Road_Dirt_End_02.prefab using Guid(abc35942d7873e74696fd81f76d012f4) Importer(815301076,1909f56bfc062723c751e8b465ee728b)  -> (artifact id: '4f6d6bbbd9a2268013bf870673e4a75a') in 0.047575 seconds 
========================================================================
Received Import Request.
  Time since last request: 0.000024 seconds.
  path: Assets/PolygonFarm/Prefabs/Environments/SM_Env_Lillypads_02.prefab
  artifactKey: Guid(19f2b1b83de48fc40a2fc7161b9c859e) Importer(815301076,1909f56bfc062723c751e8b465ee728b)
Start importing Assets/PolygonFarm/Prefabs/Environments/SM_Env_Lillypads_02.prefab using Guid(19f2b1b83de48fc40a2fc7161b9c859e) Importer(815301076,1909f56bfc062723c751e8b465ee728b)  -> (artifact id: 'e4a77082919ac37c9ec5f8f08607a8b2') in 0.037636 seconds 
========================================================================
Received Import Request.
  Time since last request: 0.000036 seconds.
  path: Assets/PolygonFarm/Prefabs/Plants/SM_Prop_Onion_01_S.prefab
  artifactKey: Guid(f2dcaf4ec916af54db3e2986361dc976) Importer(815301076,1909f56bfc062723c751e8b465ee728b)
Start importing Assets/PolygonFarm/Prefabs/Plants/SM_Prop_Onion_01_S.prefab using Guid(f2dcaf4ec916af54db3e2986361dc976) Importer(815301076,1909f56bfc062723c751e8b465ee728b)  -> (artifact id: '4b6298937f5df3728dc6e888527295d2') in 0.035166 seconds 
========================================================================
Received Import Request.
  Time since last request: 0.003064 seconds.
  path: Assets/PolygonFarm/Prefabs/Plants/SM_Prop_Box_Apple_02.prefab
  artifactKey: Guid(959c3e88a3d093244a332d800b8d4d5b) Importer(815301076,1909f56bfc062723c751e8b465ee728b)
Start importing Assets/PolygonFarm/Prefabs/Plants/SM_Prop_Box_Apple_02.prefab using Guid(959c3e88a3d093244a332d800b8d4d5b) Importer(815301076,1909f56bfc062723c751e8b465ee728b)  -> (artifact id: 'd5fdfd0d633e87b8fdc07e31a846db98') in 0.042677 seconds 
========================================================================
Received Import Request.
  Time since last request: 0.000047 seconds.
  path: Assets/PolygonFarm/Prefabs/Environments/SM_Env_Tree_Apricot_01.prefab
  artifactKey: Guid(cf7c2eef419715747924aac0e5699c77) Importer(815301076,1909f56bfc062723c751e8b465ee728b)
Start importing Assets/PolygonFarm/Prefabs/Environments/SM_Env_Tree_Apricot_01.prefab using Guid(cf7c2eef419715747924aac0e5699c77) Importer(815301076,1909f56bfc062723c751e8b465ee728b)  -> (artifact id: '3ee25d4551aa23a8285338cba1623a19') in 0.040018 seconds 
========================================================================
Received Import Request.
  Time since last request: 0.004502 seconds.
  path: Assets/PolygonFarm/Prefabs/Environments/SM_Env_Road_Dirt_T_Section_01.prefab
  artifactKey: Guid(684f7c3ce43f90c42bc80935edfdcb6e) Importer(815301076,1909f56bfc062723c751e8b465ee728b)
Start importing Assets/PolygonFarm/Prefabs/Environments/SM_Env_Road_Dirt_T_Section_01.prefab using Guid(684f7c3ce43f90c42bc80935edfdcb6e) Importer(815301076,1909f56bfc062723c751e8b465ee728b)  -> (artifact id: '8f0e15b216a166284a069aa0a5cbf823') in 0.029032 seconds 
========================================================================
Received Import Request.
  Time since last request: 0.000032 seconds.
  path: Assets/PolygonFarm/Prefabs/Environments/SM_Env_Dirt_Rows_Skirt_01.prefab
  artifactKey: Guid(e5afb862bd113194b946c45951173394) Importer(815301076,1909f56bfc062723c751e8b465ee728b)
Start importing Assets/PolygonFarm/Prefabs/Environments/SM_Env_Dirt_Rows_Skirt_01.prefab using Guid(e5afb862bd113194b946c45951173394) Importer(815301076,1909f56bfc062723c751e8b465ee728b)  -> (artifact id: '578c72b2cbb4c84c67d5fb7c6e4a0308') in 0.036602 seconds 
========================================================================
Received Import Request.
  Time since last request: 0.000039 seconds.
  path: Assets/PolygonFarm/Prefabs/Plants/SM_Prop_Eggplant_01_Group.prefab
  artifactKey: Guid(0226bbe53a5d13544bd91d92d2469a5a) Importer(815301076,1909f56bfc062723c751e8b465ee728b)
Start importing Assets/PolygonFarm/Prefabs/Plants/SM_Prop_Eggplant_01_Group.prefab using Guid(0226bbe53a5d13544bd91d92d2469a5a) Importer(815301076,1909f56bfc062723c751e8b465ee728b)  -> (artifact id: 'c27af38975cb505f69a4bbd054d6ea91') in 0.030437 seconds 
========================================================================
Received Import Request.
  Time since last request: 0.005630 seconds.
  path: Assets/PolygonFarm/Prefabs/Plants/SM_Prop_Chilli_01_Group.prefab
  artifactKey: Guid(64566f41cf9aae24eaaeeb66935ab6a4) Importer(815301076,1909f56bfc062723c751e8b465ee728b)
Start importing Assets/PolygonFarm/Prefabs/Plants/SM_Prop_Chilli_01_Group.prefab using Guid(64566f41cf9aae24eaaeeb66935ab6a4) Importer(815301076,1909f56bfc062723c751e8b465ee728b)  -> (artifact id: '2df3c7e0d6751e167f33c8ea71f2b46b') in 0.032815 seconds 
========================================================================
Received Import Request.
  Time since last request: 0.002647 seconds.
  path: Assets/PolygonFarm/Prefabs/Environments/SM_Env_Pebbles_03.prefab
  artifactKey: Guid(117399a191517e94db50c0090afa4030) Importer(815301076,1909f56bfc062723c751e8b465ee728b)
Start importing Assets/PolygonFarm/Prefabs/Environments/SM_Env_Pebbles_03.prefab using Guid(117399a191517e94db50c0090afa4030) Importer(815301076,1909f56bfc062723c751e8b465ee728b)  -> (artifact id: 'b3697359448f02c86ff6696b0cb5b5f8') in 0.028692 seconds 
========================================================================
Received Import Request.
  Time since last request: 0.000050 seconds.
  path: Assets/PolygonFarm/Prefabs/Plants/SM_Prop_Carrot_01.prefab
  artifactKey: Guid(56aff3ec1fc023d43855db67754849a1) Importer(815301076,1909f56bfc062723c751e8b465ee728b)
Start importing Assets/PolygonFarm/Prefabs/Plants/SM_Prop_Carrot_01.prefab using Guid(56aff3ec1fc023d43855db67754849a1) Importer(815301076,1909f56bfc062723c751e8b465ee728b)  -> (artifact id: '932a1775a699594331f31e996e712980') in 0.023165 seconds 
========================================================================
Received Import Request.
  Time since last request: 0.000022 seconds.
  path: Assets/PolygonFarm/Prefabs/Environments/SM_Env_Tree_Apricot_Grown_01.prefab
  artifactKey: Guid(3f906b96f01718f4aac8de5eda9888d0) Importer(815301076,1909f56bfc062723c751e8b465ee728b)
Start importing Assets/PolygonFarm/Prefabs/Environments/SM_Env_Tree_Apricot_Grown_01.prefab using Guid(3f906b96f01718f4aac8de5eda9888d0) Importer(815301076,1909f56bfc062723c751e8b465ee728b)  -> (artifact id: '57e52473c2f086425a5eda4cabe0ff30') in 0.026576 seconds 
========================================================================
Received Import Request.
  Time since last request: 0.000022 seconds.
  path: Assets/PolygonFarm/Prefabs/Plants/SM_Prop_Carrot_01_M.prefab
  artifactKey: Guid(d87f295218b7b4245906cd9610c542da) Importer(815301076,1909f56bfc062723c751e8b465ee728b)
Start importing Assets/PolygonFarm/Prefabs/Plants/SM_Prop_Carrot_01_M.prefab using Guid(d87f295218b7b4245906cd9610c542da) Importer(815301076,1909f56bfc062723c751e8b465ee728b)  -> (artifact id: '72764eb3255fe0356a690c7f0e7ee176') in 0.039939 seconds 
========================================================================
Received Import Request.
  Time since last request: 0.000029 seconds.
  path: Assets/PolygonFarm/Prefabs/Environments/SM_Env_Vege_Rows_01.prefab
  artifactKey: Guid(f1d92f6821039a348b0b295e7a96c45d) Importer(815301076,1909f56bfc062723c751e8b465ee728b)
Start importing Assets/PolygonFarm/Prefabs/Environments/SM_Env_Vege_Rows_01.prefab using Guid(f1d92f6821039a348b0b295e7a96c45d) Importer(815301076,1909f56bfc062723c751e8b465ee728b)  -> (artifact id: '1365d4768e804e7e2850b1372f465286') in 0.026086 seconds 
========================================================================
Received Import Request.
  Time since last request: 0.000031 seconds.
  path: Assets/PolygonFarm/Prefabs/Plants/SM_Prop_Orange_01_Group.prefab
  artifactKey: Guid(9c9bf77c82ac575489baed319b5d56ee) Importer(815301076,1909f56bfc062723c751e8b465ee728b)
Start importing Assets/PolygonFarm/Prefabs/Plants/SM_Prop_Orange_01_Group.prefab using Guid(9c9bf77c82ac575489baed319b5d56ee) Importer(815301076,1909f56bfc062723c751e8b465ee728b)  -> (artifact id: '590613245249c7476f4841a647dfb470') in 0.045003 seconds 
========================================================================
Received Import Request.
  Time since last request: 0.000022 seconds.
  path: Assets/PolygonFarm/Prefabs/Environments/SM_Env_Vege_Rows_03.prefab
  artifactKey: Guid(272677d9f8d9003418e2054d1e88d350) Importer(815301076,1909f56bfc062723c751e8b465ee728b)
Start importing Assets/PolygonFarm/Prefabs/Environments/SM_Env_Vege_Rows_03.prefab using Guid(272677d9f8d9003418e2054d1e88d350) Importer(815301076,1909f56bfc062723c751e8b465ee728b)  -> (artifact id: 'cd1a5a7483ff90534125f69314203788') in 0.042036 seconds 
========================================================================
Received Import Request.
  Time since last request: 0.000027 seconds.
  path: Assets/PolygonFarm/Prefabs/Plants/SM_Prop_Bush_Round_Row_01.prefab
  artifactKey: Guid(6a0cd0379e2c64c45843b7bd7d0e00ad) Importer(815301076,1909f56bfc062723c751e8b465ee728b)
Start importing Assets/PolygonFarm/Prefabs/Plants/SM_Prop_Bush_Round_Row_01.prefab using Guid(6a0cd0379e2c64c45843b7bd7d0e00ad) Importer(815301076,1909f56bfc062723c751e8b465ee728b)  -> (artifact id: 'adeeb386c196365483adf34a134fd862') in 0.045778 seconds 
========================================================================
Received Import Request.
  Time since last request: 0.000021 seconds.
  path: Assets/PolygonFarm/Prefabs/Plants/SM_Prop_Banana_01_L.prefab
  artifactKey: Guid(369659e6ee72c834ab7c033770728439) Importer(815301076,1909f56bfc062723c751e8b465ee728b)
Start importing Assets/PolygonFarm/Prefabs/Plants/SM_Prop_Banana_01_L.prefab using Guid(369659e6ee72c834ab7c033770728439) Importer(815301076,1909f56bfc062723c751e8b465ee728b)  -> (artifact id: '2c4842c3dd2e5d0254ab696c7467418b') in 0.024296 seconds 
========================================================================
Received Import Request.
  Time since last request: 0.000023 seconds.
  path: Assets/PolygonFarm/Prefabs/Environments/SM_Env_Tree_Stump_03.prefab
  artifactKey: Guid(f3497c2d5d40e9a49ab32a4db51b95a2) Importer(815301076,1909f56bfc062723c751e8b465ee728b)
Start importing Assets/PolygonFarm/Prefabs/Environments/SM_Env_Tree_Stump_03.prefab using Guid(f3497c2d5d40e9a49ab32a4db51b95a2) Importer(815301076,1909f56bfc062723c751e8b465ee728b)  -> (artifact id: '96e9462d37d45e7854623a64e1ac261c') in 0.035089 seconds 
========================================================================
Received Import Request.
  Time since last request: 0.000026 seconds.
  path: Assets/PolygonFarm/Prefabs/Environments/SM_Env_Dirt_Rows_End_Bottom_01.prefab
  artifactKey: Guid(4068e2171cecb934a92214b137b4f32a) Importer(815301076,1909f56bfc062723c751e8b465ee728b)
Start importing Assets/PolygonFarm/Prefabs/Environments/SM_Env_Dirt_Rows_End_Bottom_01.prefab using Guid(4068e2171cecb934a92214b137b4f32a) Importer(815301076,1909f56bfc062723c751e8b465ee728b)  -> (artifact id: 'cdb0d4d6683520d535e850bd56d5399a') in 0.033328 seconds 
========================================================================
Received Import Request.
  Time since last request: 0.000045 seconds.
  path: Assets/PolygonFarm/Prefabs/Plants/SM_Prop_Box_Apple_01.prefab
  artifactKey: Guid(d091694a92da3e84c96220a4d6a10442) Importer(815301076,1909f56bfc062723c751e8b465ee728b)
Start importing Assets/PolygonFarm/Prefabs/Plants/SM_Prop_Box_Apple_01.prefab using Guid(d091694a92da3e84c96220a4d6a10442) Importer(815301076,1909f56bfc062723c751e8b465ee728b)  -> (artifact id: '3caa6432d7d3a91d92f66916c374a878') in 0.041928 seconds 
========================================================================
Received Import Request.
  Time since last request: 0.000025 seconds.
  path: Assets/PolygonFarm/Prefabs/Environments/SM_Env_Tree_Lemon_Grown_01.prefab
  artifactKey: Guid(5297d92bdfdbdc84a92d432e32eabd6b) Importer(815301076,1909f56bfc062723c751e8b465ee728b)
Start importing Assets/PolygonFarm/Prefabs/Environments/SM_Env_Tree_Lemon_Grown_01.prefab using Guid(5297d92bdfdbdc84a92d432e32eabd6b) Importer(815301076,1909f56bfc062723c751e8b465ee728b)  -> (artifact id: 'e8c45c517e6ef97188d471ef8acc9ca6') in 0.028766 seconds 
========================================================================
Received Import Request.
  Time since last request: 0.000023 seconds.
  path: Assets/PolygonFarm/Prefabs/Plants/SM_Prop_Lettuce_01_L.prefab
  artifactKey: Guid(0d64776e4e2c7de4cb02f9b3998fa4bf) Importer(815301076,1909f56bfc062723c751e8b465ee728b)
Start importing Assets/PolygonFarm/Prefabs/Plants/SM_Prop_Lettuce_01_L.prefab using Guid(0d64776e4e2c7de4cb02f9b3998fa4bf) Importer(815301076,1909f56bfc062723c751e8b465ee728b)  -> (artifact id: '8ef05ef19efa0fe1153a3d1e6c7642a9') in 0.030465 seconds 
========================================================================
Received Import Request.
  Time since last request: 0.000025 seconds.
  path: Assets/PolygonFarm/Prefabs/Environments/SM_Env_Tree_Pear_Grown_01.prefab
  artifactKey: Guid(225a40219daad294990d34508e2bf7e1) Importer(815301076,1909f56bfc062723c751e8b465ee728b)
Start importing Assets/PolygonFarm/Prefabs/Environments/SM_Env_Tree_Pear_Grown_01.prefab using Guid(225a40219daad294990d34508e2bf7e1) Importer(815301076,1909f56bfc062723c751e8b465ee728b)  -> (artifact id: '482f67f75af670660aaf6525a470ce96') in 0.026064 seconds 
========================================================================
Received Import Request.
  Time since last request: 0.000318 seconds.
  path: Assets/PolygonFarm/Prefabs/Plants/SM_Prop_Apricot_01.prefab
  artifactKey: Guid(415e2da24d3fba34d8cdcfffdf4d553c) Importer(815301076,1909f56bfc062723c751e8b465ee728b)
Start importing Assets/PolygonFarm/Prefabs/Plants/SM_Prop_Apricot_01.prefab using Guid(415e2da24d3fba34d8cdcfffdf4d553c) Importer(815301076,1909f56bfc062723c751e8b465ee728b)  -> (artifact id: '35de9532ef39f3f2e2096c758e7c9343') in 0.032587 seconds 
========================================================================
Received Import Request.
  Time since last request: 0.000028 seconds.
  path: Assets/PolygonFarm/Prefabs/Plants/SM_Prop_Beetroot_01_S.prefab
  artifactKey: Guid(741311cc36ce74e4c8bdeea51ad10665) Importer(815301076,1909f56bfc062723c751e8b465ee728b)
Start importing Assets/PolygonFarm/Prefabs/Plants/SM_Prop_Beetroot_01_S.prefab using Guid(741311cc36ce74e4c8bdeea51ad10665) Importer(815301076,1909f56bfc062723c751e8b465ee728b)  -> (artifact id: 'b69d2de5079dbd5ae8c362d564c6649b') in 0.031403 seconds 
========================================================================
Received Import Request.
  Time since last request: 0.000032 seconds.
  path: Assets/PolygonFarm/Prefabs/Environments/SM_Env_Road_Gravel_T_Section_01.prefab
  artifactKey: Guid(1ca2940b901ea2740981e6fde6694afa) Importer(815301076,1909f56bfc062723c751e8b465ee728b)
Start importing Assets/PolygonFarm/Prefabs/Environments/SM_Env_Road_Gravel_T_Section_01.prefab using Guid(1ca2940b901ea2740981e6fde6694afa) Importer(815301076,1909f56bfc062723c751e8b465ee728b)  -> (artifact id: '9f0aec4980dacc9f7e196888244e8716') in 0.037700 seconds 
========================================================================
Received Import Request.
  Time since last request: 0.001036 seconds.
  path: Assets/PolygonFarm/Prefabs/Environments/SM_Env_Reeds_01.prefab
  artifactKey: Guid(02c424bec73aad84caf6289c21e490f0) Importer(815301076,1909f56bfc062723c751e8b465ee728b)
Start importing Assets/PolygonFarm/Prefabs/Environments/SM_Env_Reeds_01.prefab using Guid(02c424bec73aad84caf6289c21e490f0) Importer(815301076,1909f56bfc062723c751e8b465ee728b)  -> (artifact id: '8e9cdd66c807cb6c98d32aca043b0fc6') in 0.042772 seconds 
========================================================================
Received Import Request.
  Time since last request: 0.000047 seconds.
  path: Assets/PolygonFarm/Prefabs/Plants/SM_Prop_Hemp_01_L.prefab
  artifactKey: Guid(42bcd748f9c371743aed3a3e24ca46dd) Importer(815301076,1909f56bfc062723c751e8b465ee728b)
Start importing Assets/PolygonFarm/Prefabs/Plants/SM_Prop_Hemp_01_L.prefab using Guid(42bcd748f9c371743aed3a3e24ca46dd) Importer(815301076,1909f56bfc062723c751e8b465ee728b)  -> (artifact id: 'a7dae390fb0a3a4a1f863378c3cd95cb') in 0.049645 seconds 
========================================================================
Received Import Request.
  Time since last request: 0.001035 seconds.
  path: Assets/PolygonFarm/Prefabs/Plants/SM_Prop_Beetroot_01_M.prefab
  artifactKey: Guid(8264ff67b81fb69418f4d7c116104a23) Importer(815301076,1909f56bfc062723c751e8b465ee728b)
Start importing Assets/PolygonFarm/Prefabs/Plants/SM_Prop_Beetroot_01_M.prefab using Guid(8264ff67b81fb69418f4d7c116104a23) Importer(815301076,1909f56bfc062723c751e8b465ee728b)  -> (artifact id: '294b03febaac5da4647cc041d760809a') in 0.032782 seconds 
========================================================================
Received Import Request.
  Time since last request: 0.000026 seconds.
  path: Assets/PolygonFarm/Prefabs/Environments/SM_Env_Pond_01.prefab
  artifactKey: Guid(548bedb53320de946a3d6ca14d0295ee) Importer(815301076,1909f56bfc062723c751e8b465ee728b)
Start importing Assets/PolygonFarm/Prefabs/Environments/SM_Env_Pond_01.prefab using Guid(548bedb53320de946a3d6ca14d0295ee) Importer(815301076,1909f56bfc062723c751e8b465ee728b)  -> (artifact id: '1733e56a5199bbdf2fae97ce4a14acf8') in 0.057074 seconds 
========================================================================
Received Import Request.
  Time since last request: 0.000029 seconds.
  path: Assets/PolygonFarm/Prefabs/Plants/SM_Prop_Chilli_01_S.prefab
  artifactKey: Guid(d94b073b47f2f7b4cad86d8994b2323d) Importer(815301076,1909f56bfc062723c751e8b465ee728b)
Start importing Assets/PolygonFarm/Prefabs/Plants/SM_Prop_Chilli_01_S.prefab using Guid(d94b073b47f2f7b4cad86d8994b2323d) Importer(815301076,1909f56bfc062723c751e8b465ee728b)  -> (artifact id: 'bcf8b132d6232179ec6c822d7cdf864d') in 0.030726 seconds 
========================================================================
Received Import Request.
  Time since last request: 0.000304 seconds.
  path: Assets/PolygonFarm/Prefabs/Environments/SM_Env_Pebbles_01.prefab
  artifactKey: Guid(e8733f093ca0ec94f90080693cb8a852) Importer(815301076,1909f56bfc062723c751e8b465ee728b)
Start importing Assets/PolygonFarm/Prefabs/Environments/SM_Env_Pebbles_01.prefab using Guid(e8733f093ca0ec94f90080693cb8a852) Importer(815301076,1909f56bfc062723c751e8b465ee728b)  -> (artifact id: '8ba19c5a56c9621418ca570dae5c4040') in 0.054104 seconds 
========================================================================
Received Import Request.
  Time since last request: 0.000023 seconds.
  path: Assets/PolygonFarm/Prefabs/Plants/SM_Prop_Broccoli_01.prefab
  artifactKey: Guid(27ef5075d0043c343ab994b5a9f95310) Importer(815301076,1909f56bfc062723c751e8b465ee728b)
Start importing Assets/PolygonFarm/Prefabs/Plants/SM_Prop_Broccoli_01.prefab using Guid(27ef5075d0043c343ab994b5a9f95310) Importer(815301076,1909f56bfc062723c751e8b465ee728b)  -> (artifact id: '7e1f27a7df672e9873b31a1a805a350b') in 0.031068 seconds 
========================================================================
Received Import Request.
  Time since last request: 0.000029 seconds.
  path: Assets/PolygonFarm/Prefabs/Environments/SM_Env_Road_GrassEdge_02.prefab
  artifactKey: Guid(324abc47bda02754eb66b9534b819cdb) Importer(815301076,1909f56bfc062723c751e8b465ee728b)
Start importing Assets/PolygonFarm/Prefabs/Environments/SM_Env_Road_GrassEdge_02.prefab using Guid(324abc47bda02754eb66b9534b819cdb) Importer(815301076,1909f56bfc062723c751e8b465ee728b)  -> (artifact id: 'ef12dc04a3baef88cf45d42066820bbe') in 0.052881 seconds 
========================================================================
Received Import Request.
  Time since last request: 0.006496 seconds.
  path: Assets/PolygonFarm/Prefabs/Plants/SM_Prop_Peach_01.prefab
  artifactKey: Guid(29fda00182d9ced4286060c7ed82eae4) Importer(815301076,1909f56bfc062723c751e8b465ee728b)
Start importing Assets/PolygonFarm/Prefabs/Plants/SM_Prop_Peach_01.prefab using Guid(29fda00182d9ced4286060c7ed82eae4) Importer(815301076,1909f56bfc062723c751e8b465ee728b)  -> (artifact id: '46335bc950cefd7df3fd9ab4d2128796') in 0.049948 seconds 
========================================================================
Received Import Request.
  Time since last request: 0.000022 seconds.
  path: Assets/PolygonFarm/Prefabs/Environments/SM_Env_Vege_Rows_02.prefab
  artifactKey: Guid(49683e4468311674398fda816c18b177) Importer(815301076,1909f56bfc062723c751e8b465ee728b)
Start importing Assets/PolygonFarm/Prefabs/Environments/SM_Env_Vege_Rows_02.prefab using Guid(49683e4468311674398fda816c18b177) Importer(815301076,1909f56bfc062723c751e8b465ee728b)  -> (artifact id: '88b865ad720427142106be6aeb70dbaf') in 0.032343 seconds 
========================================================================
Received Import Request.
  Time since last request: 0.000025 seconds.
  path: Assets/PolygonFarm/Prefabs/Environments/SM_Env_Flowers_03.prefab
  artifactKey: Guid(7be4bd550acb32d44bc5512036055741) Importer(815301076,1909f56bfc062723c751e8b465ee728b)
Start importing Assets/PolygonFarm/Prefabs/Environments/SM_Env_Flowers_03.prefab using Guid(7be4bd550acb32d44bc5512036055741) Importer(815301076,1909f56bfc062723c751e8b465ee728b)  -> (artifact id: '171148885d44505792778ec332eb7ca2') in 0.031141 seconds 
========================================================================
Received Import Request.
  Time since last request: 0.000022 seconds.
  path: Assets/PolygonFarm/Prefabs/Plants/SM_Prop_Bean_01_L.prefab
  artifactKey: Guid(6196ce15f76e7b74e992273699dcd024) Importer(815301076,1909f56bfc062723c751e8b465ee728b)
Start importing Assets/PolygonFarm/Prefabs/Plants/SM_Prop_Bean_01_L.prefab using Guid(6196ce15f76e7b74e992273699dcd024) Importer(815301076,1909f56bfc062723c751e8b465ee728b)  -> (artifact id: 'a5bfa265b42d5d1c82e5856474212bac') in 0.034848 seconds 
========================================================================
Received Import Request.
  Time since last request: 0.000031 seconds.
  path: Assets/PolygonFarm/Prefabs/Environments/SM_Env_Road_Dirt_Intersection_01.prefab
  artifactKey: Guid(78374d7ad5f1b4f4aa2768268016cb6b) Importer(815301076,1909f56bfc062723c751e8b465ee728b)
Start importing Assets/PolygonFarm/Prefabs/Environments/SM_Env_Road_Dirt_Intersection_01.prefab using Guid(78374d7ad5f1b4f4aa2768268016cb6b) Importer(815301076,1909f56bfc062723c751e8b465ee728b)  -> (artifact id: '0103c975a5fe1b61b210ad9eb0f0c750') in 0.028163 seconds 
========================================================================
Received Import Request.
  Time since last request: 0.000032 seconds.
  path: Assets/PolygonFarm/Prefabs/Environments/SM_Env_Tree_Stump_01.prefab
  artifactKey: Guid(b67ccacdde0002b488adcf598d9493c8) Importer(815301076,1909f56bfc062723c751e8b465ee728b)
Start importing Assets/PolygonFarm/Prefabs/Environments/SM_Env_Tree_Stump_01.prefab using Guid(b67ccacdde0002b488adcf598d9493c8) Importer(815301076,1909f56bfc062723c751e8b465ee728b)  -> (artifact id: '94753528593de21ce95f89e5c85070a7') in 0.042040 seconds 
========================================================================
Received Import Request.
  Time since last request: 0.000663 seconds.
  path: Assets/PolygonFarm/Prefabs/Environments/SM_Env_Road_Pebbles_01.prefab
  artifactKey: Guid(f823016012a708d448aa0acf3b3ff4e1) Importer(815301076,1909f56bfc062723c751e8b465ee728b)
Start importing Assets/PolygonFarm/Prefabs/Environments/SM_Env_Road_Pebbles_01.prefab using Guid(f823016012a708d448aa0acf3b3ff4e1) Importer(815301076,1909f56bfc062723c751e8b465ee728b)  -> (artifact id: '04786e32a7b4a588f5814f411107f81c') in 0.041491 seconds 
========================================================================
Received Import Request.
  Time since last request: 0.000022 seconds.
  path: Assets/PolygonFarm/Prefabs/Plants/SM_Prop_Hemp_01_S.prefab
  artifactKey: Guid(2c58b8e346d22cb49b8213c45d52f8d6) Importer(815301076,1909f56bfc062723c751e8b465ee728b)
Start importing Assets/PolygonFarm/Prefabs/Plants/SM_Prop_Hemp_01_S.prefab using Guid(2c58b8e346d22cb49b8213c45d52f8d6) Importer(815301076,1909f56bfc062723c751e8b465ee728b)  -> (artifact id: '89bebbc190ba562c1f035d9f06db0cb8') in 0.054117 seconds 
========================================================================
Received Import Request.
  Time since last request: 0.000311 seconds.
  path: Assets/PolygonFarm/Prefabs/Environments/SM_Env_PuddlePlane_01.prefab
  artifactKey: Guid(b5ec6b9da4e1c634ab806dc2ee59d2fb) Importer(815301076,1909f56bfc062723c751e8b465ee728b)
Start importing Assets/PolygonFarm/Prefabs/Environments/SM_Env_PuddlePlane_01.prefab using Guid(b5ec6b9da4e1c634ab806dc2ee59d2fb) Importer(815301076,1909f56bfc062723c751e8b465ee728b)  -> (artifact id: 'b2da82b1817c3f90b3d8619631032767') in 0.030981 seconds 
========================================================================
Received Import Request.
  Time since last request: 0.000019 seconds.
  path: Assets/PolygonFarm/Prefabs/Environments/SM_Env_Tree_Pear_01.prefab
  artifactKey: Guid(b39a80e2973223644b07f21c385bccc2) Importer(815301076,1909f56bfc062723c751e8b465ee728b)
Start importing Assets/PolygonFarm/Prefabs/Environments/SM_Env_Tree_Pear_01.prefab using Guid(b39a80e2973223644b07f21c385bccc2) Importer(815301076,1909f56bfc062723c751e8b465ee728b)  -> (artifact id: 'aeb2f8720736ef72d363975184839da2') in 0.051666 seconds 
========================================================================
Received Import Request.
  Time since last request: 0.402180 seconds.
  path: Assets/PolygonFarm/Textures/Fence_Alpha.tga
  artifactKey: Guid(119ca2ae49113894f88dd6d12e68ac35) Importer(815301076,1909f56bfc062723c751e8b465ee728b)
Start importing Assets/PolygonFarm/Textures/Fence_Alpha.tga using Guid(119ca2ae49113894f88dd6d12e68ac35) Importer(815301076,1909f56bfc062723c751e8b465ee728b)  -> (artifact id: '6d9a08e20cce4d0d0ec803c65508f340') in 0.033230 seconds 
========================================================================
Received Import Request.
  Time since last request: 0.000025 seconds.
  path: Assets/PolygonFarm/Textures/PolygonFarm_Texture_02_A.png
  artifactKey: Guid(611d398dfa4b6ec4885e04eb9698b56f) Importer(815301076,1909f56bfc062723c751e8b465ee728b)
Start importing Assets/PolygonFarm/Textures/PolygonFarm_Texture_02_A.png using Guid(611d398dfa4b6ec4885e04eb9698b56f) Importer(815301076,1909f56bfc062723c751e8b465ee728b)  -> (artifact id: '1e2ab77f9b6c1ab4f69c6284835945a5') in 0.034654 seconds 
========================================================================
Received Import Request.
  Time since last request: 0.000031 seconds.
  path: Assets/PolygonFarm/Textures/PolygonFarm_Signs.png
  artifactKey: Guid(f6126cec9a696994e801505559cf2f27) Importer(815301076,1909f56bfc062723c751e8b465ee728b)
Start importing Assets/PolygonFarm/Textures/PolygonFarm_Signs.png using Guid(f6126cec9a696994e801505559cf2f27) Importer(815301076,1909f56bfc062723c751e8b465ee728b)  -> (artifact id: '838303fb2c85395a5c5d715e385cea40') in 0.045379 seconds 
========================================================================
Received Import Request.
  Time since last request: 0.000024 seconds.
  path: Assets/PolygonFarm/Textures/PolygonFarm_Texture_Metallic_Dirt.tga
  artifactKey: Guid(2c5d50796bb2ed74684f63b7f71b7e30) Importer(815301076,1909f56bfc062723c751e8b465ee728b)
Start importing Assets/PolygonFarm/Textures/PolygonFarm_Texture_Metallic_Dirt.tga using Guid(2c5d50796bb2ed74684f63b7f71b7e30) Importer(815301076,1909f56bfc062723c751e8b465ee728b)  -> (artifact id: '5e20d1e36d9d7db207d1741700c404f2') in 0.027664 seconds 
========================================================================
Received Import Request.
  Time since last request: 0.000031 seconds.
  path: Assets/PolygonFarm/Textures/PolygonFarm_Texture_Emissive_01.png
  artifactKey: Guid(714d5f655b2edf543a83504b67c01861) Importer(815301076,1909f56bfc062723c751e8b465ee728b)
Start importing Assets/PolygonFarm/Textures/PolygonFarm_Texture_Emissive_01.png using Guid(714d5f655b2edf543a83504b67c01861) Importer(815301076,1909f56bfc062723c751e8b465ee728b)  -> (artifact id: 'a82001ebdac297579da15262c8a324ee') in 0.034052 seconds 
========================================================================
Received Import Request.
  Time since last request: 0.000026 seconds.
  path: Assets/PolygonFarm/Textures/PolygonFarm_Texture_03_C.png
  artifactKey: Guid(687c9db25462a9945a008a678bff04c2) Importer(815301076,1909f56bfc062723c751e8b465ee728b)
Start importing Assets/PolygonFarm/Textures/PolygonFarm_Texture_03_C.png using Guid(687c9db25462a9945a008a678bff04c2) Importer(815301076,1909f56bfc062723c751e8b465ee728b)  -> (artifact id: '133f544617e979397565d74878f3f580') in 0.038211 seconds 
========================================================================
Received Import Request.
  Time since last request: 0.003524 seconds.
  path: Assets/PolygonFarm/Textures/PolygonFarm_Texture_04_B.png
  artifactKey: Guid(57aefcb63282e874fbb6884bf1471f1f) Importer(815301076,1909f56bfc062723c751e8b465ee728b)
Start importing Assets/PolygonFarm/Textures/PolygonFarm_Texture_04_B.png using Guid(57aefcb63282e874fbb6884bf1471f1f) Importer(815301076,1909f56bfc062723c751e8b465ee728b)  -> (artifact id: 'cc78727bd1407413b57d38d89277f668') in 0.031936 seconds 
========================================================================
Received Import Request.
  Time since last request: 0.009527 seconds.
  path: Assets/PolygonFarm/Textures/PolygonFarm_Texture_Metallic.tga
  artifactKey: Guid(e67c1760eb8372147963f558a3eda112) Importer(815301076,1909f56bfc062723c751e8b465ee728b)
Start importing Assets/PolygonFarm/Textures/PolygonFarm_Texture_Metallic.tga using Guid(e67c1760eb8372147963f558a3eda112) Importer(815301076,1909f56bfc062723c751e8b465ee728b)  -> (artifact id: '0e175aa5aa265f2e92c5f86794df74d7') in 0.040707 seconds 
========================================================================
Received Import Request.
  Time since last request: 0.001946 seconds.
  path: Assets/PolygonFarm/Textures/Wheat_Texture.png
  artifactKey: Guid(3f4aaf474d28d7341b3f1d05082fdd16) Importer(815301076,1909f56bfc062723c751e8b465ee728b)
Start importing Assets/PolygonFarm/Textures/Wheat_Texture.png using Guid(3f4aaf474d28d7341b3f1d05082fdd16) Importer(815301076,1909f56bfc062723c751e8b465ee728b)  -> (artifact id: '03ada0907f7872ef687ca3b95a33ff57') in 0.031054 seconds 
========================================================================
Received Import Request.
  Time since last request: 0.000023 seconds.
  path: Assets/PolygonFarm/Textures/PolygonFarm_Texture_03_B.png
  artifactKey: Guid(5d24c3253a0fd3a4bbec990294cc11bf) Importer(815301076,1909f56bfc062723c751e8b465ee728b)
Start importing Assets/PolygonFarm/Textures/PolygonFarm_Texture_03_B.png using Guid(5d24c3253a0fd3a4bbec990294cc11bf) Importer(815301076,1909f56bfc062723c751e8b465ee728b)  -> (artifact id: 'b624247e89760f66a335136b38052821') in 0.023774 seconds 
Editor requested this worker to shutdown with reason: Scaling down because of idle timeout
AssetImportWorker is now disconnected from the server
Process exiting
Exiting without the bug reporter. Application will terminate with return code 0