Using pre-set license
Built from '2021.3/release' branch; Version is '2021.3.12f1 (8af3c3e441b1) revision 9106371'; Using compiler version '192829333'; Build Type 'Release'
OS: 'Windows 10  (10.0.19044) 64bit Professional' Language: 'es' Physical Memory: 16321 MB
BatchMode: 1, IsHumanControllingUs: 0, StartBugReporterOnCrash: 0, Is64bit: 1, IsPro: 1

COMMAND LINE ARGUMENTS:
C:\Program Files\Unity\Hub\Editor\2021.3.12f1\Editor\Unity.exe
-adb2
-batchMode
-noUpm
-name
AssetImportWorker3
-projectPath
C:/Users/Alumnado 3D/Desktop/3d/Repository/farm/farm
-logFile
Logs/AssetImportWorker3.log
-srvPort
64304
Successfully changed project path to: C:/Users/Alumnado 3D/Desktop/3d/Repository/farm/farm
C:/Users/Alumnado 3D/Desktop/3d/Repository/farm/farm
[UnityMemory] Configuration Parameters - Can be set up in boot.config
    "memorysetup-bucket-allocator-granularity=16"
    "memorysetup-bucket-allocator-bucket-count=8"
    "memorysetup-bucket-allocator-block-size=33554432"
    "memorysetup-bucket-allocator-block-count=8"
    "memorysetup-main-allocator-block-size=16777216"
    "memorysetup-thread-allocator-block-size=16777216"
    "memorysetup-gfx-main-allocator-block-size=16777216"
    "memorysetup-gfx-thread-allocator-block-size=16777216"
    "memorysetup-cache-allocator-block-size=4194304"
    "memorysetup-typetree-allocator-block-size=2097152"
    "memorysetup-profiler-bucket-allocator-granularity=16"
    "memorysetup-profiler-bucket-allocator-bucket-count=8"
    "memorysetup-profiler-bucket-allocator-block-size=33554432"
    "memorysetup-profiler-bucket-allocator-block-count=8"
    "memorysetup-profiler-allocator-block-size=16777216"
    "memorysetup-profiler-editor-allocator-block-size=1048576"
    "memorysetup-temp-allocator-size-main=16777216"
    "memorysetup-job-temp-allocator-block-size=2097152"
    "memorysetup-job-temp-allocator-block-size-background=1048576"
    "memorysetup-job-temp-allocator-reduction-small-platforms=262144"
    "memorysetup-temp-allocator-size-background-worker=32768"
    "memorysetup-temp-allocator-size-job-worker=262144"
    "memorysetup-temp-allocator-size-preload-manager=33554432"
    "memorysetup-temp-allocator-size-nav-mesh-worker=65536"
    "memorysetup-temp-allocator-size-audio-worker=65536"
    "memorysetup-temp-allocator-size-cloud-worker=32768"
    "memorysetup-temp-allocator-size-gi-baking-worker=262144"
    "memorysetup-temp-allocator-size-gfx=262144"
Refreshing native plugins compatible for Editor in 689.65 ms, found 3 plugins.
Preloading 0 native plugins for Editor in 0.00 ms.
Initialize engine version: 2021.3.12f1 (8af3c3e441b1)
[Subsystems] Discovering subsystems at path C:/Program Files/Unity/Hub/Editor/2021.3.12f1/Editor/Data/Resources/UnitySubsystems
[Subsystems] Discovering subsystems at path C:/Users/Alumnado 3D/Desktop/3d/Repository/farm/farm/Assets
GfxDevice: creating device client; threaded=0; jobified=0
Direct3D:
    Version:  Direct3D 11.0 [level 11.0]
    Renderer: NVIDIA GeForce GT 730 (ID=0x1287)
    Vendor:   NVIDIA
    VRAM:     4052 MB
    Driver:   27.21.14.5671
Initialize mono
Mono path[0] = 'C:/Program Files/Unity/Hub/Editor/2021.3.12f1/Editor/Data/Managed'
Mono path[1] = 'C:/Program Files/Unity/Hub/Editor/2021.3.12f1/Editor/Data/MonoBleedingEdge/lib/mono/unityjit-win32'
Mono config path = 'C:/Program Files/Unity/Hub/Editor/2021.3.12f1/Editor/Data/MonoBleedingEdge/etc'
Using monoOptions --debugger-agent=transport=dt_socket,embedding=1,server=y,suspend=n,address=127.0.0.1:56024
Begin MonoManager ReloadAssembly
Registering precompiled unity dll's ...
Register platform support module: C:/Program Files/Unity/Hub/Editor/2021.3.12f1/Editor/Data/PlaybackEngines/AndroidPlayer/UnityEditor.Android.Extensions.dll
Register platform support module: C:/Program Files/Unity/Hub/Editor/2021.3.12f1/Editor/Data/PlaybackEngines/WindowsStandaloneSupport/UnityEditor.WindowsStandalone.Extensions.dll
Registered in 0.026740 seconds.
Native extension for WindowsStandalone target not found
Native extension for Android target not found
Refreshing native plugins compatible for Editor in 153.68 ms, found 3 plugins.
Preloading 0 native plugins for Editor in 0.00 ms.
Mono: successfully reloaded assembly
- Completed reload, in  1.570 seconds
Domain Reload Profiling:
	ReloadAssembly (1570ms)
		BeginReloadAssembly (499ms)
			ExecutionOrderSort (0ms)
			DisableScriptedObjects (0ms)
			BackupInstance (0ms)
			ReleaseScriptingObjects (0ms)
			CreateAndSetChildDomain (2ms)
		EndReloadAssembly (637ms)
			LoadAssemblies (457ms)
			RebuildTransferFunctionScriptingTraits (0ms)
			SetupTypeCache (137ms)
			ReleaseScriptCaches (0ms)
			RebuildScriptCaches (34ms)
			SetupLoadedEditorAssemblies (388ms)
				LogAssemblyErrors (0ms)
				InitializePlatformSupportModulesInManaged (73ms)
				SetLoadedEditorAssemblies (0ms)
				RefreshPlugins (154ms)
				BeforeProcessingInitializeOnLoad (1ms)
				ProcessInitializeOnLoadAttributes (110ms)
				ProcessInitializeOnLoadMethodAttributes (50ms)
				AfterProcessingInitializeOnLoad (0ms)
				EditorAssembliesLoaded (0ms)
			ExecutionOrderSort2 (0ms)
			AwakeInstancesAfterBackupRestoration (0ms)
Platform modules already initialized, skipping
Registering precompiled user dll's ...
Registered in 0.010366 seconds.
Begin MonoManager ReloadAssembly
Symbol file LoadedFromMemory doesn't match image C:\Users\Alumnado 3D\Desktop\3d\Repository\farm\farm\Library\PackageCache\com.unity.visualscripting@1.7.8\Editor\VisualScripting.Core\Dependencies\DotNetZip\Unity.VisualScripting.IonicZip.dll
Symbol file LoadedFromMemory doesn't match image C:\Users\Alumnado 3D\Desktop\3d\Repository\farm\farm\Library\PackageCache\com.unity.visualscripting@1.7.8\Editor\VisualScripting.Core\Dependencies\YamlDotNet\Unity.VisualScripting.YamlDotNet.dll
Native extension for WindowsStandalone target not found
Native extension for Android target not found
Refreshing native plugins compatible for Editor in 1.11 ms, found 3 plugins.
Preloading 0 native plugins for Editor in 0.00 ms.
Package Manager log level set to [2]
Mono: successfully reloaded assembly
- Completed reload, in  1.910 seconds
Domain Reload Profiling:
	ReloadAssembly (1911ms)
		BeginReloadAssembly (240ms)
			ExecutionOrderSort (0ms)
			DisableScriptedObjects (6ms)
			BackupInstance (0ms)
			ReleaseScriptingObjects (0ms)
			CreateAndSetChildDomain (132ms)
		EndReloadAssembly (1536ms)
			LoadAssemblies (113ms)
			RebuildTransferFunctionScriptingTraits (0ms)
			SetupTypeCache (330ms)
			ReleaseScriptCaches (1ms)
			RebuildScriptCaches (61ms)
			SetupLoadedEditorAssemblies (992ms)
				LogAssemblyErrors (0ms)
				InitializePlatformSupportModulesInManaged (16ms)
				SetLoadedEditorAssemblies (0ms)
				RefreshPlugins (1ms)
				BeforeProcessingInitializeOnLoad (136ms)
				ProcessInitializeOnLoadAttributes (671ms)
				ProcessInitializeOnLoadMethodAttributes (156ms)
				AfterProcessingInitializeOnLoad (10ms)
				EditorAssembliesLoaded (0ms)
			ExecutionOrderSort2 (0ms)
			AwakeInstancesAfterBackupRestoration (7ms)
Platform modules already initialized, skipping
========================================================================
Worker process is ready to serve import requests
Launched and connected shader compiler UnityShaderCompiler.exe after 0.05 seconds
Refreshing native plugins compatible for Editor in 0.99 ms, found 3 plugins.
Preloading 0 native plugins for Editor in 0.00 ms.
Unloading 4119 Unused Serialized files (Serialized files now loaded: 0)
Unloading 68 unused Assets / (114.4 KB). Loaded Objects now: 4549.
Memory consumption went from 138.3 MB to 138.2 MB.
Total: 6.729900 ms (FindLiveObjects: 0.335400 ms CreateObjectMapping: 0.250900 ms MarkObjects: 6.014600 ms  DeleteObjects: 0.128000 ms)

AssetImportParameters requested are different than current active one (requested -> active):
  custom:video-decoder-ogg-theora: a1e56fd34408186e4bbccfd4996cb3dc -> 
  custom:container-muxer-webm: aa71ff27fc2769a1b78a27578f13a17b -> 
  custom:container-demuxer-webm: 4f35f7cbe854078d1ac9338744f61a02 -> 
  custom:video-encoder-webm-vp8: eb34c28f22e8b96e1ab97ce403110664 -> 
  custom:audio-encoder-webm-vorbis: bf7c407c2cedff20999df2af8eb42d56 -> 
  custom:framework-win-MediaFoundation: 216162199b28c13a410421893ffa2e32 -> 
  custom:container-demuxer-ogg: 62fdf1f143b41e24485cea50d1cbac27 -> 
  custom:video-decoder-webm-vp8: 9c59270c3fd7afecdb556c50c9e8de78 -> 
  custom:audio-decoder-ogg-vorbis: bf7c407c2cedff20999df2af8eb42d56 -> 
========================================================================
Received Import Request.
  Time since last request: 4191.606608 seconds.
  path: Assets/PolygonFarm/Prefabs/Props/SM_Prop_Sign_Strawberries_01.prefab
  artifactKey: Guid(c4e6061bdbec1a149acd492d61b77ac0) Importer(815301076,1909f56bfc062723c751e8b465ee728b)
Start importing Assets/PolygonFarm/Prefabs/Props/SM_Prop_Sign_Strawberries_01.prefab using Guid(c4e6061bdbec1a149acd492d61b77ac0) Importer(815301076,1909f56bfc062723c751e8b465ee728b)  -> (artifact id: 'f8b614b16878b3ba2bb8207ed8938051') in 0.305265 seconds 
========================================================================
Received Import Request.
  Time since last request: 0.000025 seconds.
  path: Assets/PolygonFarm/Prefabs/Props/SM_Prop_Tool_Bucket_01.prefab
  artifactKey: Guid(039409c92d04b334db62bd0ee9b51c6f) Importer(815301076,1909f56bfc062723c751e8b465ee728b)
Start importing Assets/PolygonFarm/Prefabs/Props/SM_Prop_Tool_Bucket_01.prefab using Guid(039409c92d04b334db62bd0ee9b51c6f) Importer(815301076,1909f56bfc062723c751e8b465ee728b)  -> (artifact id: '716f232ea0ad2edafc224dca22478c54') in 0.103583 seconds 
========================================================================
Received Import Request.
  Time since last request: 0.000029 seconds.
  path: Assets/PolygonFarm/Prefabs/Props/SM_Prop_Tool_Rake_01.prefab
  artifactKey: Guid(79e26d971e19c1f449f5d11c36eb05de) Importer(815301076,1909f56bfc062723c751e8b465ee728b)
Start importing Assets/PolygonFarm/Prefabs/Props/SM_Prop_Tool_Rake_01.prefab using Guid(79e26d971e19c1f449f5d11c36eb05de) Importer(815301076,1909f56bfc062723c751e8b465ee728b)  -> (artifact id: '8d741b4eaffa7885cea09b84186aa892') in 0.042391 seconds 
========================================================================
Received Import Request.
  Time since last request: 0.000021 seconds.
  path: Assets/PolygonFarm/Prefabs/Props/SM_Prop_Weathervane_01.prefab
  artifactKey: Guid(8b4dc830c289a9c419d42996c34bd56c) Importer(815301076,1909f56bfc062723c751e8b465ee728b)
Start importing Assets/PolygonFarm/Prefabs/Props/SM_Prop_Weathervane_01.prefab using Guid(8b4dc830c289a9c419d42996c34bd56c) Importer(815301076,1909f56bfc062723c751e8b465ee728b)  -> (artifact id: 'e3a3726285ae3384b71c355ea76a46a6') in 0.030359 seconds 
========================================================================
Received Import Request.
  Time since last request: 0.000022 seconds.
  path: Assets/PolygonFarm/Prefabs/Props/SM_Prop_Wheelbarrow_01.prefab
  artifactKey: Guid(b28439d2722e88b469ef11ac4a6e5b6c) Importer(815301076,1909f56bfc062723c751e8b465ee728b)
Start importing Assets/PolygonFarm/Prefabs/Props/SM_Prop_Wheelbarrow_01.prefab using Guid(b28439d2722e88b469ef11ac4a6e5b6c) Importer(815301076,1909f56bfc062723c751e8b465ee728b)  -> (artifact id: '519fb946d98233e4158a547e874f307d') in 0.038744 seconds 
========================================================================
Received Import Request.
  Time since last request: 0.000020 seconds.
  path: Assets/PolygonFarm/Prefabs/Props/SM_Prop_Well_01.prefab
  artifactKey: Guid(67762d8bd3734a7438c2df391d2709de) Importer(815301076,1909f56bfc062723c751e8b465ee728b)
Start importing Assets/PolygonFarm/Prefabs/Props/SM_Prop_Well_01.prefab using Guid(67762d8bd3734a7438c2df391d2709de) Importer(815301076,1909f56bfc062723c751e8b465ee728b)  -> (artifact id: 'ef8a9525270b8aa81eae2ffbbd69b24f') in 0.031130 seconds 
========================================================================
Received Import Request.
  Time since last request: 0.000022 seconds.
  path: Assets/PolygonFarm/Prefabs/Props/SM_Prop_Truck_Rusted_01.prefab
  artifactKey: Guid(9f470d0cec85b424792889e715164185) Importer(815301076,1909f56bfc062723c751e8b465ee728b)
Start importing Assets/PolygonFarm/Prefabs/Props/SM_Prop_Truck_Rusted_01.prefab using Guid(9f470d0cec85b424792889e715164185) Importer(815301076,1909f56bfc062723c751e8b465ee728b)  -> (artifact id: '2799771132ca182138b9a0a64b34fc20') in 0.054615 seconds 
========================================================================
Received Import Request.
  Time since last request: 0.000022 seconds.
  path: Assets/PolygonFarm/Prefabs/Props/SM_Prop_ToolBox_01.prefab
  artifactKey: Guid(2d0d15b5c59b9944a994e08dcc2f55b4) Importer(815301076,1909f56bfc062723c751e8b465ee728b)
Start importing Assets/PolygonFarm/Prefabs/Props/SM_Prop_ToolBox_01.prefab using Guid(2d0d15b5c59b9944a994e08dcc2f55b4) Importer(815301076,1909f56bfc062723c751e8b465ee728b)  -> (artifact id: '7f89efdc2d37974564d950f1163d13bc') in 0.033065 seconds 
========================================================================
Received Import Request.
  Time since last request: 0.000029 seconds.
  path: Assets/PolygonFarm/Prefabs/Props/SM_Prop_Tool_Pitchfork_01.prefab
  artifactKey: Guid(d5ac20042826928479fc7af3e4a17a05) Importer(815301076,1909f56bfc062723c751e8b465ee728b)
Start importing Assets/PolygonFarm/Prefabs/Props/SM_Prop_Tool_Pitchfork_01.prefab using Guid(d5ac20042826928479fc7af3e4a17a05) Importer(815301076,1909f56bfc062723c751e8b465ee728b)  -> (artifact id: 'a512ff277b25cc063e3d87e12deb5b17') in 0.045174 seconds 
========================================================================
Received Import Request.
  Time since last request: 0.000023 seconds.
  path: Assets/PolygonFarm/Prefabs/Props/SM_Prop_Tool_Axe_01.prefab
  artifactKey: Guid(e5be75d5ca4632148b3b88be731396f1) Importer(815301076,1909f56bfc062723c751e8b465ee728b)
Start importing Assets/PolygonFarm/Prefabs/Props/SM_Prop_Tool_Axe_01.prefab using Guid(e5be75d5ca4632148b3b88be731396f1) Importer(815301076,1909f56bfc062723c751e8b465ee728b)  -> (artifact id: 'dc4307d8ece2ecace79e18ffe1236566') in 0.039587 seconds 
========================================================================
Received Import Request.
  Time since last request: 0.000019 seconds.
  path: Assets/PolygonFarm/Prefabs/Props/SM_Prop_Tool_Scythe_01.prefab
  artifactKey: Guid(1e528a9f343d94840b7363fd6c347453) Importer(815301076,1909f56bfc062723c751e8b465ee728b)
Start importing Assets/PolygonFarm/Prefabs/Props/SM_Prop_Tool_Scythe_01.prefab using Guid(1e528a9f343d94840b7363fd6c347453) Importer(815301076,1909f56bfc062723c751e8b465ee728b)  -> (artifact id: '232ad2c990bf46b27982f342ad15ff9b') in 0.035334 seconds 
========================================================================
Received Import Request.
  Time since last request: 0.000022 seconds.
  path: Assets/PolygonFarm/Prefabs/Props/SM_Prop_Wheelbarrow_Metal_01.prefab
  artifactKey: Guid(fee415062d6516644bae411dfb4be339) Importer(815301076,1909f56bfc062723c751e8b465ee728b)
Start importing Assets/PolygonFarm/Prefabs/Props/SM_Prop_Wheelbarrow_Metal_01.prefab using Guid(fee415062d6516644bae411dfb4be339) Importer(815301076,1909f56bfc062723c751e8b465ee728b)  -> (artifact id: 'bd66319423f68f7416cbbf705390c8d0') in 0.030942 seconds 
========================================================================
Received Import Request.
  Time since last request: 0.000022 seconds.
  path: Assets/PolygonFarm/Prefabs/Props/SM_Prop_Sign_Veges_01.prefab
  artifactKey: Guid(557800696e586fa40be401dafd1c374e) Importer(815301076,1909f56bfc062723c751e8b465ee728b)
Start importing Assets/PolygonFarm/Prefabs/Props/SM_Prop_Sign_Veges_01.prefab using Guid(557800696e586fa40be401dafd1c374e) Importer(815301076,1909f56bfc062723c751e8b465ee728b)  -> (artifact id: 'e1df8d67a15dcf3187ca290c0c289ec6') in 0.042934 seconds 
Editor requested this worker to shutdown with reason: Scaling down because of idle timeout
AssetImportWorker is now disconnected from the server
Process exiting
Exiting without the bug reporter. Application will terminate with return code 0