Using pre-set license
Built from '2021.3/release' branch; Version is '2021.3.12f1 (8af3c3e441b1) revision 9106371'; Using compiler version '192829333'; Build Type 'Release'
OS: 'Windows 10  (10.0.19044) 64bit Professional' Language: 'es' Physical Memory: 16309 MB
BatchMode: 1, IsHumanControllingUs: 0, StartBugReporterOnCrash: 0, Is64bit: 1, IsPro: 1

COMMAND LINE ARGUMENTS:
C:\Program Files\Unity\Hub\Editor\2021.3.12f1\Editor\Unity.exe
-adb2
-batchMode
-noUpm
-name
AssetImportWorker12
-projectPath
C:/Users/idayr/OneDrive/Documentos/GitHub/farm/farm
-logFile
Logs/AssetImportWorker12.log
-srvPort
57903
Successfully changed project path to: C:/Users/idayr/OneDrive/Documentos/GitHub/farm/farm
C:/Users/idayr/OneDrive/Documentos/GitHub/farm/farm
[UnityMemory] Configuration Parameters - Can be set up in boot.config
    "memorysetup-bucket-allocator-granularity=16"
    "memorysetup-bucket-allocator-bucket-count=8"
    "memorysetup-bucket-allocator-block-size=33554432"
    "memorysetup-bucket-allocator-block-count=8"
    "memorysetup-main-allocator-block-size=16777216"
    "memorysetup-thread-allocator-block-size=16777216"
    "memorysetup-gfx-main-allocator-block-size=16777216"
    "memorysetup-gfx-thread-allocator-block-size=16777216"
    "memorysetup-cache-allocator-block-size=4194304"
    "memorysetup-typetree-allocator-block-size=2097152"
    "memorysetup-profiler-bucket-allocator-granularity=16"
    "memorysetup-profiler-bucket-allocator-bucket-count=8"
    "memorysetup-profiler-bucket-allocator-block-size=33554432"
    "memorysetup-profiler-bucket-allocator-block-count=8"
    "memorysetup-profiler-allocator-block-size=16777216"
    "memorysetup-profiler-editor-allocator-block-size=1048576"
    "memorysetup-temp-allocator-size-main=16777216"
    "memorysetup-job-temp-allocator-block-size=2097152"
    "memorysetup-job-temp-allocator-block-size-background=1048576"
    "memorysetup-job-temp-allocator-reduction-small-platforms=262144"
    "memorysetup-temp-allocator-size-background-worker=32768"
    "memorysetup-temp-allocator-size-job-worker=262144"
    "memorysetup-temp-allocator-size-preload-manager=33554432"
    "memorysetup-temp-allocator-size-nav-mesh-worker=65536"
    "memorysetup-temp-allocator-size-audio-worker=65536"
    "memorysetup-temp-allocator-size-cloud-worker=32768"
    "memorysetup-temp-allocator-size-gi-baking-worker=262144"
    "memorysetup-temp-allocator-size-gfx=262144"
Refreshing native plugins compatible for Editor in 168.67 ms, found 3 plugins.
Preloading 0 native plugins for Editor in 0.00 ms.
Initialize engine version: 2021.3.12f1 (8af3c3e441b1)
[Subsystems] Discovering subsystems at path C:/Program Files/Unity/Hub/Editor/2021.3.12f1/Editor/Data/Resources/UnitySubsystems
[Subsystems] Discovering subsystems at path C:/Users/idayr/OneDrive/Documentos/GitHub/farm/farm/Assets
GfxDevice: creating device client; threaded=0; jobified=0
Direct3D:
    Version:  Direct3D 11.0 [level 11.1]
    Renderer: NVIDIA GeForce RTX 2060 (ID=0x1f08)
    Vendor:   NVIDIA
    VRAM:     5968 MB
    Driver:   31.0.15.2698
Initialize mono
Mono path[0] = 'C:/Program Files/Unity/Hub/Editor/2021.3.12f1/Editor/Data/Managed'
Mono path[1] = 'C:/Program Files/Unity/Hub/Editor/2021.3.12f1/Editor/Data/MonoBleedingEdge/lib/mono/unityjit-win32'
Mono config path = 'C:/Program Files/Unity/Hub/Editor/2021.3.12f1/Editor/Data/MonoBleedingEdge/etc'
Using monoOptions --debugger-agent=transport=dt_socket,embedding=1,server=y,suspend=n,address=127.0.0.1:56256
Begin MonoManager ReloadAssembly
Registering precompiled unity dll's ...
Register platform support module: C:/Program Files/Unity/Hub/Editor/2021.3.12f1/Editor/Data/PlaybackEngines/WindowsStandaloneSupport/UnityEditor.WindowsStandalone.Extensions.dll
Registered in 0.008513 seconds.
Native extension for WindowsStandalone target not found
Refreshing native plugins compatible for Editor in 151.16 ms, found 3 plugins.
Preloading 0 native plugins for Editor in 0.00 ms.
Mono: successfully reloaded assembly
- Completed reload, in  0.864 seconds
Domain Reload Profiling:
	ReloadAssembly (864ms)
		BeginReloadAssembly (92ms)
			ExecutionOrderSort (0ms)
			DisableScriptedObjects (0ms)
			BackupInstance (0ms)
			ReleaseScriptingObjects (0ms)
			CreateAndSetChildDomain (1ms)
		EndReloadAssembly (636ms)
			LoadAssemblies (90ms)
			RebuildTransferFunctionScriptingTraits (0ms)
			SetupTypeCache (152ms)
			ReleaseScriptCaches (0ms)
			RebuildScriptCaches (42ms)
			SetupLoadedEditorAssemblies (367ms)
				LogAssemblyErrors (0ms)
				InitializePlatformSupportModulesInManaged (12ms)
				SetLoadedEditorAssemblies (0ms)
				RefreshPlugins (151ms)
				BeforeProcessingInitializeOnLoad (3ms)
				ProcessInitializeOnLoadAttributes (159ms)
				ProcessInitializeOnLoadMethodAttributes (42ms)
				AfterProcessingInitializeOnLoad (0ms)
				EditorAssembliesLoaded (0ms)
			ExecutionOrderSort2 (0ms)
			AwakeInstancesAfterBackupRestoration (0ms)
Platform modules already initialized, skipping
Registering precompiled user dll's ...
Registered in 0.008446 seconds.
Begin MonoManager ReloadAssembly
Symbol file LoadedFromMemory doesn't match image C:\Users\idayr\OneDrive\Documentos\GitHub\farm\farm\Library\PackageCache\com.unity.visualscripting@1.7.8\Editor\VisualScripting.Core\Dependencies\DotNetZip\Unity.VisualScripting.IonicZip.dll
Symbol file LoadedFromMemory doesn't match image C:\Users\idayr\OneDrive\Documentos\GitHub\farm\farm\Library\PackageCache\com.unity.visualscripting@1.7.8\Editor\VisualScripting.Core\Dependencies\YamlDotNet\Unity.VisualScripting.YamlDotNet.dll
Native extension for WindowsStandalone target not found
Refreshing native plugins compatible for Editor in 1.35 ms, found 3 plugins.
Preloading 0 native plugins for Editor in 0.00 ms.
Package Manager log level set to [2]
Mono: successfully reloaded assembly
- Completed reload, in  1.144 seconds
Domain Reload Profiling:
	ReloadAssembly (1145ms)
		BeginReloadAssembly (103ms)
			ExecutionOrderSort (0ms)
			DisableScriptedObjects (5ms)
			BackupInstance (0ms)
			ReleaseScriptingObjects (0ms)
			CreateAndSetChildDomain (19ms)
		EndReloadAssembly (917ms)
			LoadAssemblies (90ms)
			RebuildTransferFunctionScriptingTraits (0ms)
			SetupTypeCache (256ms)
			ReleaseScriptCaches (1ms)
			RebuildScriptCaches (49ms)
			SetupLoadedEditorAssemblies (483ms)
				LogAssemblyErrors (0ms)
				InitializePlatformSupportModulesInManaged (5ms)
				SetLoadedEditorAssemblies (0ms)
				RefreshPlugins (1ms)
				BeforeProcessingInitializeOnLoad (105ms)
				ProcessInitializeOnLoadAttributes (227ms)
				ProcessInitializeOnLoadMethodAttributes (134ms)
				AfterProcessingInitializeOnLoad (10ms)
				EditorAssembliesLoaded (0ms)
			ExecutionOrderSort2 (0ms)
			AwakeInstancesAfterBackupRestoration (6ms)
Platform modules already initialized, skipping
========================================================================
Worker process is ready to serve import requests
Launched and connected shader compiler UnityShaderCompiler.exe after 0.04 seconds
Refreshing native plugins compatible for Editor in 1.16 ms, found 3 plugins.
Preloading 0 native plugins for Editor in 0.00 ms.
Unloading 4119 Unused Serialized files (Serialized files now loaded: 0)
Unloading 68 unused Assets / (114.5 KB). Loaded Objects now: 4547.
Memory consumption went from 138.2 MB to 138.1 MB.
Total: 6.727100 ms (FindLiveObjects: 0.313000 ms CreateObjectMapping: 0.106900 ms MarkObjects: 6.164700 ms  DeleteObjects: 0.141400 ms)

AssetImportParameters requested are different than current active one (requested -> active):
  custom:video-decoder-ogg-theora: a1e56fd34408186e4bbccfd4996cb3dc -> 
  custom:container-muxer-webm: aa71ff27fc2769a1b78a27578f13a17b -> 
  custom:container-demuxer-webm: 4f35f7cbe854078d1ac9338744f61a02 -> 
  custom:video-encoder-webm-vp8: eb34c28f22e8b96e1ab97ce403110664 -> 
  custom:audio-encoder-webm-vorbis: bf7c407c2cedff20999df2af8eb42d56 -> 
  custom:framework-win-MediaFoundation: 216162199b28c13a410421893ffa2e32 -> 
  custom:container-demuxer-ogg: 62fdf1f143b41e24485cea50d1cbac27 -> 
  custom:video-decoder-webm-vp8: 9c59270c3fd7afecdb556c50c9e8de78 -> 
  custom:audio-decoder-ogg-vorbis: bf7c407c2cedff20999df2af8eb42d56 -> 
========================================================================
Received Import Request.
  Time since last request: 77365.613716 seconds.
  path: Assets/PolygonFarm/Prefabs/Plants/SM_Prop_Pear_01.prefab
  artifactKey: Guid(f63aff1f911ad9a41bb9d419f9530cb9) Importer(815301076,1909f56bfc062723c751e8b465ee728b)
Start importing Assets/PolygonFarm/Prefabs/Plants/SM_Prop_Pear_01.prefab using Guid(f63aff1f911ad9a41bb9d419f9530cb9) Importer(815301076,1909f56bfc062723c751e8b465ee728b)  -> (artifact id: 'f984489472a9c50fac89b8a901dcae78') in 0.210472 seconds 
========================================================================
Received Import Request.
  Time since last request: 0.000034 seconds.
  path: Assets/PolygonFarm/Prefabs/Plants/SM_Prop_Plum_01_Group.prefab
  artifactKey: Guid(ce27cab08667a6145954e0e52a56d908) Importer(815301076,1909f56bfc062723c751e8b465ee728b)
Start importing Assets/PolygonFarm/Prefabs/Plants/SM_Prop_Plum_01_Group.prefab using Guid(ce27cab08667a6145954e0e52a56d908) Importer(815301076,1909f56bfc062723c751e8b465ee728b)  -> (artifact id: '1604798ac2058c4d72d3adda768fc28c') in 0.051350 seconds 
========================================================================
Received Import Request.
  Time since last request: 0.000034 seconds.
  path: Assets/PolygonFarm/Prefabs/Plants/SM_Prop_Potato_02.prefab
  artifactKey: Guid(499739b4eb90c2d4b98c45ee06b11caa) Importer(815301076,1909f56bfc062723c751e8b465ee728b)
Start importing Assets/PolygonFarm/Prefabs/Plants/SM_Prop_Potato_02.prefab using Guid(499739b4eb90c2d4b98c45ee06b11caa) Importer(815301076,1909f56bfc062723c751e8b465ee728b)  -> (artifact id: 'b983644849cc51a1771a7652bdc390d2') in 0.021433 seconds 
========================================================================
Received Import Request.
  Time since last request: 0.000027 seconds.
  path: Assets/PolygonFarm/Prefabs/Plants/SM_Prop_Plant_Bush_01_Pepper.prefab
  artifactKey: Guid(613ec6aab7c2e7749ba54f9a5163ffa9) Importer(815301076,1909f56bfc062723c751e8b465ee728b)
Start importing Assets/PolygonFarm/Prefabs/Plants/SM_Prop_Plant_Bush_01_Pepper.prefab using Guid(613ec6aab7c2e7749ba54f9a5163ffa9) Importer(815301076,1909f56bfc062723c751e8b465ee728b)  -> (artifact id: '43756c4b6e90ffb9b095daf93f986570') in 0.291085 seconds 
========================================================================
Received Import Request.
  Time since last request: 0.000024 seconds.
  path: Assets/PolygonFarm/Prefabs/Plants/SM_Prop_Plant_Wheat_Optimised_02.prefab
  artifactKey: Guid(6a2f9d9b8ff20ed45ae53639b8045a04) Importer(815301076,1909f56bfc062723c751e8b465ee728b)
Start importing Assets/PolygonFarm/Prefabs/Plants/SM_Prop_Plant_Wheat_Optimised_02.prefab using Guid(6a2f9d9b8ff20ed45ae53639b8045a04) Importer(815301076,1909f56bfc062723c751e8b465ee728b)  -> (artifact id: '9b6d4e844871359a4395d2fd8182b9e5') in 0.018680 seconds 
========================================================================
Received Import Request.
  Time since last request: 0.000036 seconds.
  path: Assets/PolygonFarm/Prefabs/Plants/SM_Prop_Plant_Wheat_Optimised_04.prefab
  artifactKey: Guid(6348e51cddb9c4b4a9b0a5787f6651e4) Importer(815301076,1909f56bfc062723c751e8b465ee728b)
Start importing Assets/PolygonFarm/Prefabs/Plants/SM_Prop_Plant_Wheat_Optimised_04.prefab using Guid(6348e51cddb9c4b4a9b0a5787f6651e4) Importer(815301076,1909f56bfc062723c751e8b465ee728b)  -> (artifact id: 'f75147cd1b37f3340be5db0f1018f82d') in 0.019056 seconds 
========================================================================
Received Import Request.
  Time since last request: 0.000029 seconds.
  path: Assets/PolygonFarm/Prefabs/Plants/SM_Prop_Plant_Wheat_01.prefab
  artifactKey: Guid(4ced565a8adc6734ca8208e9760d4a0f) Importer(815301076,1909f56bfc062723c751e8b465ee728b)
Start importing Assets/PolygonFarm/Prefabs/Plants/SM_Prop_Plant_Wheat_01.prefab using Guid(4ced565a8adc6734ca8208e9760d4a0f) Importer(815301076,1909f56bfc062723c751e8b465ee728b)  -> (artifact id: '402414ddd3839ef0f1a03e3cda0071c7') in 0.017574 seconds 
========================================================================
Received Import Request.
  Time since last request: 0.000033 seconds.
  path: Assets/PolygonFarm/Prefabs/Plants/SM_Prop_Plant_Bush_03_Chilli.prefab
  artifactKey: Guid(4bc7afe3fada16546a291ec2fc800b37) Importer(815301076,1909f56bfc062723c751e8b465ee728b)
Start importing Assets/PolygonFarm/Prefabs/Plants/SM_Prop_Plant_Bush_03_Chilli.prefab using Guid(4bc7afe3fada16546a291ec2fc800b37) Importer(815301076,1909f56bfc062723c751e8b465ee728b)  -> (artifact id: 'c2c7da30f402068098c8b4fc9eca629d') in 0.031250 seconds 
========================================================================
Received Import Request.
  Time since last request: 0.000024 seconds.
  path: Assets/PolygonFarm/Prefabs/Plants/SM_Prop_Plant_Bush_03_L.prefab
  artifactKey: Guid(eeff9644f4a5b284faf7be559353277e) Importer(815301076,1909f56bfc062723c751e8b465ee728b)
Start importing Assets/PolygonFarm/Prefabs/Plants/SM_Prop_Plant_Bush_03_L.prefab using Guid(eeff9644f4a5b284faf7be559353277e) Importer(815301076,1909f56bfc062723c751e8b465ee728b)  -> (artifact id: '84137132a3c5bd50c6cf6220b0ac3812') in 0.029282 seconds 
========================================================================
Received Import Request.
  Time since last request: 0.000022 seconds.
  path: Assets/PolygonFarm/Prefabs/Plants/SM_Prop_Pumpkin_Italian_01_M.prefab
  artifactKey: Guid(3ca76f97d9b7f904284878e5711c8b13) Importer(815301076,1909f56bfc062723c751e8b465ee728b)
Start importing Assets/PolygonFarm/Prefabs/Plants/SM_Prop_Pumpkin_Italian_01_M.prefab using Guid(3ca76f97d9b7f904284878e5711c8b13) Importer(815301076,1909f56bfc062723c751e8b465ee728b)  -> (artifact id: '51da203bb6aa5aad4cab1588c54fd87a') in 0.022202 seconds 
========================================================================
Received Import Request.
  Time since last request: 0.000024 seconds.
  path: Assets/PolygonFarm/Prefabs/Plants/SM_Prop_Plant_Bush_03_M.prefab
  artifactKey: Guid(53848b3668c371945a42e67cc6233f75) Importer(815301076,1909f56bfc062723c751e8b465ee728b)
Start importing Assets/PolygonFarm/Prefabs/Plants/SM_Prop_Plant_Bush_03_M.prefab using Guid(53848b3668c371945a42e67cc6233f75) Importer(815301076,1909f56bfc062723c751e8b465ee728b)  -> (artifact id: 'ad79e64f92e2b6e14c8e9fb3ee209e85') in 0.027277 seconds 
========================================================================
Received Import Request.
  Time since last request: 0.000050 seconds.
  path: Assets/PolygonFarm/Prefabs/Plants/SM_Prop_Plant_Corn_01_S.prefab
  artifactKey: Guid(23303cb0efade674b946eb8d8fb90e7f) Importer(815301076,1909f56bfc062723c751e8b465ee728b)
Start importing Assets/PolygonFarm/Prefabs/Plants/SM_Prop_Plant_Corn_01_S.prefab using Guid(23303cb0efade674b946eb8d8fb90e7f) Importer(815301076,1909f56bfc062723c751e8b465ee728b)  -> (artifact id: '0ec633377fc19b2d2fa52daf5402d2f1') in 0.018886 seconds 
========================================================================
Received Import Request.
  Time since last request: 0.385125 seconds.
  path: Assets/PolygonFarm/Prefabs/Plants/SM_Prop_Pumpkin_White_01_L.prefab
  artifactKey: Guid(afc662b5412ac8e459a8baf65d6b1aef) Importer(815301076,1909f56bfc062723c751e8b465ee728b)
Start importing Assets/PolygonFarm/Prefabs/Plants/SM_Prop_Pumpkin_White_01_L.prefab using Guid(afc662b5412ac8e459a8baf65d6b1aef) Importer(815301076,1909f56bfc062723c751e8b465ee728b)  -> (artifact id: 'a246cb84f60838123e11cc012493098c') in 0.018122 seconds 
========================================================================
Received Import Request.
  Time since last request: 0.000023 seconds.
  path: Assets/PolygonFarm/Prefabs/Plants/SM_Prop_Squash_Butternut_01.prefab
  artifactKey: Guid(75ce2cee274ad8a4dbff16bdc8d6d245) Importer(815301076,1909f56bfc062723c751e8b465ee728b)
Start importing Assets/PolygonFarm/Prefabs/Plants/SM_Prop_Squash_Butternut_01.prefab using Guid(75ce2cee274ad8a4dbff16bdc8d6d245) Importer(815301076,1909f56bfc062723c751e8b465ee728b)  -> (artifact id: '84afc3179795ac1b7219fda915b0f5fb') in 0.021458 seconds 
========================================================================
Received Import Request.
  Time since last request: 0.000023 seconds.
  path: Assets/PolygonFarm/Prefabs/Plants/SM_Prop_Strawberry_01_M.prefab
  artifactKey: Guid(a0c26b0094e8c154eae3fb8e7a91f99d) Importer(815301076,1909f56bfc062723c751e8b465ee728b)
Start importing Assets/PolygonFarm/Prefabs/Plants/SM_Prop_Strawberry_01_M.prefab using Guid(a0c26b0094e8c154eae3fb8e7a91f99d) Importer(815301076,1909f56bfc062723c751e8b465ee728b)  -> (artifact id: '651b2ea00f26716e31f0499f1c4fb1ec') in 0.017952 seconds 
========================================================================
Received Import Request.
  Time since last request: 0.000028 seconds.
  path: Assets/PolygonFarm/Prefabs/Plants/SM_Prop_Sunflower_02.prefab
  artifactKey: Guid(774bd4c582a137c40a49a7931be665ce) Importer(815301076,1909f56bfc062723c751e8b465ee728b)
Start importing Assets/PolygonFarm/Prefabs/Plants/SM_Prop_Sunflower_02.prefab using Guid(774bd4c582a137c40a49a7931be665ce) Importer(815301076,1909f56bfc062723c751e8b465ee728b)  -> (artifact id: '60c0976901cad56baf97b90111e0f5db') in 0.019419 seconds 
========================================================================
Received Import Request.
  Time since last request: 0.000028 seconds.
  path: Assets/PolygonFarm/Prefabs/Plants/SM_Prop_Squash_Butternut_01_L.prefab
  artifactKey: Guid(c24deef209c1fbf478f7f3e244bf1993) Importer(815301076,1909f56bfc062723c751e8b465ee728b)
Start importing Assets/PolygonFarm/Prefabs/Plants/SM_Prop_Squash_Butternut_01_L.prefab using Guid(c24deef209c1fbf478f7f3e244bf1993) Importer(815301076,1909f56bfc062723c751e8b465ee728b)  -> (artifact id: 'e997f1709a28e93d0045a95c37cf5c3b') in 0.020983 seconds 
========================================================================
Received Import Request.
  Time since last request: 0.000025 seconds.
  path: Assets/PolygonFarm/Prefabs/Plants/SM_Prop_Strawberry_01.prefab
  artifactKey: Guid(ea43cab2c8552d9418bd6a742a8855ad) Importer(815301076,1909f56bfc062723c751e8b465ee728b)
Start importing Assets/PolygonFarm/Prefabs/Plants/SM_Prop_Strawberry_01.prefab using Guid(ea43cab2c8552d9418bd6a742a8855ad) Importer(815301076,1909f56bfc062723c751e8b465ee728b)  -> (artifact id: '6f64a20c9b2d54e1ec4b4074bcb72404') in 0.022003 seconds 
========================================================================
Received Import Request.
  Time since last request: 0.000022 seconds.
  path: Assets/PolygonFarm/Prefabs/Plants/SM_Prop_Watermelon_01_M.prefab
  artifactKey: Guid(6a47ffa391bc13344926e5daf2861cba) Importer(815301076,1909f56bfc062723c751e8b465ee728b)
Start importing Assets/PolygonFarm/Prefabs/Plants/SM_Prop_Watermelon_01_M.prefab using Guid(6a47ffa391bc13344926e5daf2861cba) Importer(815301076,1909f56bfc062723c751e8b465ee728b)  -> (artifact id: 'cc605b80227a9258ebc278b0b2b434fd') in 0.017512 seconds 
========================================================================
Received Import Request.
  Time since last request: 0.000029 seconds.
  path: Assets/PolygonFarm/Prefabs/Plants/SM_Prop_Sunflower_01.prefab
  artifactKey: Guid(6fe2d4acc42e2c04fadc916ead4a9a5a) Importer(815301076,1909f56bfc062723c751e8b465ee728b)
Start importing Assets/PolygonFarm/Prefabs/Plants/SM_Prop_Sunflower_01.prefab using Guid(6fe2d4acc42e2c04fadc916ead4a9a5a) Importer(815301076,1909f56bfc062723c751e8b465ee728b)  -> (artifact id: '6b193724c95a468ddab636250237cf90') in 0.017223 seconds 
========================================================================
Received Import Request.
  Time since last request: 0.000029 seconds.
  path: Assets/PolygonFarm/Prefabs/Plants/SM_Prop_Tomato_01_M.prefab
  artifactKey: Guid(d1d6e6bd9deeb5443a7de9548979e947) Importer(815301076,1909f56bfc062723c751e8b465ee728b)
Start importing Assets/PolygonFarm/Prefabs/Plants/SM_Prop_Tomato_01_M.prefab using Guid(d1d6e6bd9deeb5443a7de9548979e947) Importer(815301076,1909f56bfc062723c751e8b465ee728b)  -> (artifact id: 'a343d3bdbb9f510140b3166126be71fb') in 0.021439 seconds 
Editor requested this worker to shutdown with reason: Scaling down because of idle timeout
AssetImportWorker is now disconnected from the server
Process exiting
Exiting without the bug reporter. Application will terminate with return code 0