Using pre-set license
Built from '2021.3/release' branch; Version is '2021.3.12f1 (8af3c3e441b1) revision 9106371'; Using compiler version '192829333'; Build Type 'Release'
OS: 'Windows 10  (10.0.19044) 64bit Professional' Language: 'es' Physical Memory: 16309 MB
BatchMode: 1, IsHumanControllingUs: 0, StartBugReporterOnCrash: 0, Is64bit: 1, IsPro: 1

COMMAND LINE ARGUMENTS:
C:\Program Files\Unity\Hub\Editor\2021.3.12f1\Editor\Unity.exe
-adb2
-batchMode
-noUpm
-name
AssetImportWorker10
-projectPath
C:/Users/idayr/OneDrive/Documentos/GitHub/farm/farm
-logFile
Logs/AssetImportWorker10.log
-srvPort
57903
Successfully changed project path to: C:/Users/idayr/OneDrive/Documentos/GitHub/farm/farm
C:/Users/idayr/OneDrive/Documentos/GitHub/farm/farm
[UnityMemory] Configuration Parameters - Can be set up in boot.config
    "memorysetup-bucket-allocator-granularity=16"
    "memorysetup-bucket-allocator-bucket-count=8"
    "memorysetup-bucket-allocator-block-size=33554432"
    "memorysetup-bucket-allocator-block-count=8"
    "memorysetup-main-allocator-block-size=16777216"
    "memorysetup-thread-allocator-block-size=16777216"
    "memorysetup-gfx-main-allocator-block-size=16777216"
    "memorysetup-gfx-thread-allocator-block-size=16777216"
    "memorysetup-cache-allocator-block-size=4194304"
    "memorysetup-typetree-allocator-block-size=2097152"
    "memorysetup-profiler-bucket-allocator-granularity=16"
    "memorysetup-profiler-bucket-allocator-bucket-count=8"
    "memorysetup-profiler-bucket-allocator-block-size=33554432"
    "memorysetup-profiler-bucket-allocator-block-count=8"
    "memorysetup-profiler-allocator-block-size=16777216"
    "memorysetup-profiler-editor-allocator-block-size=1048576"
    "memorysetup-temp-allocator-size-main=16777216"
    "memorysetup-job-temp-allocator-block-size=2097152"
    "memorysetup-job-temp-allocator-block-size-background=1048576"
    "memorysetup-job-temp-allocator-reduction-small-platforms=262144"
    "memorysetup-temp-allocator-size-background-worker=32768"
    "memorysetup-temp-allocator-size-job-worker=262144"
    "memorysetup-temp-allocator-size-preload-manager=33554432"
    "memorysetup-temp-allocator-size-nav-mesh-worker=65536"
    "memorysetup-temp-allocator-size-audio-worker=65536"
    "memorysetup-temp-allocator-size-cloud-worker=32768"
    "memorysetup-temp-allocator-size-gi-baking-worker=262144"
    "memorysetup-temp-allocator-size-gfx=262144"
Refreshing native plugins compatible for Editor in 190.11 ms, found 3 plugins.
Preloading 0 native plugins for Editor in 0.00 ms.
Initialize engine version: 2021.3.12f1 (8af3c3e441b1)
[Subsystems] Discovering subsystems at path C:/Program Files/Unity/Hub/Editor/2021.3.12f1/Editor/Data/Resources/UnitySubsystems
[Subsystems] Discovering subsystems at path C:/Users/idayr/OneDrive/Documentos/GitHub/farm/farm/Assets
GfxDevice: creating device client; threaded=0; jobified=0
Direct3D:
    Version:  Direct3D 11.0 [level 11.1]
    Renderer: NVIDIA GeForce RTX 2060 (ID=0x1f08)
    Vendor:   NVIDIA
    VRAM:     5968 MB
    Driver:   31.0.15.2698
Initialize mono
Mono path[0] = 'C:/Program Files/Unity/Hub/Editor/2021.3.12f1/Editor/Data/Managed'
Mono path[1] = 'C:/Program Files/Unity/Hub/Editor/2021.3.12f1/Editor/Data/MonoBleedingEdge/lib/mono/unityjit-win32'
Mono config path = 'C:/Program Files/Unity/Hub/Editor/2021.3.12f1/Editor/Data/MonoBleedingEdge/etc'
Using monoOptions --debugger-agent=transport=dt_socket,embedding=1,server=y,suspend=n,address=127.0.0.1:56640
Begin MonoManager ReloadAssembly
Registering precompiled unity dll's ...
Register platform support module: C:/Program Files/Unity/Hub/Editor/2021.3.12f1/Editor/Data/PlaybackEngines/WindowsStandaloneSupport/UnityEditor.WindowsStandalone.Extensions.dll
Registered in 0.013220 seconds.
Native extension for WindowsStandalone target not found
Refreshing native plugins compatible for Editor in 215.94 ms, found 3 plugins.
Preloading 0 native plugins for Editor in 0.00 ms.
Mono: successfully reloaded assembly
- Completed reload, in  1.878 seconds
Domain Reload Profiling:
	ReloadAssembly (1880ms)
		BeginReloadAssembly (135ms)
			ExecutionOrderSort (0ms)
			DisableScriptedObjects (0ms)
			BackupInstance (0ms)
			ReleaseScriptingObjects (0ms)
			CreateAndSetChildDomain (1ms)
		EndReloadAssembly (1516ms)
			LoadAssemblies (131ms)
			RebuildTransferFunctionScriptingTraits (0ms)
			SetupTypeCache (143ms)
			ReleaseScriptCaches (0ms)
			RebuildScriptCaches (60ms)
			SetupLoadedEditorAssemblies (1179ms)
				LogAssemblyErrors (0ms)
				InitializePlatformSupportModulesInManaged (27ms)
				SetLoadedEditorAssemblies (1ms)
				RefreshPlugins (216ms)
				BeforeProcessingInitializeOnLoad (2ms)
				ProcessInitializeOnLoadAttributes (248ms)
				ProcessInitializeOnLoadMethodAttributes (685ms)
				AfterProcessingInitializeOnLoad (0ms)
				EditorAssembliesLoaded (0ms)
			ExecutionOrderSort2 (0ms)
			AwakeInstancesAfterBackupRestoration (0ms)
Platform modules already initialized, skipping
Registering precompiled user dll's ...
Registered in 0.015369 seconds.
Begin MonoManager ReloadAssembly
Symbol file LoadedFromMemory doesn't match image C:\Users\idayr\OneDrive\Documentos\GitHub\farm\farm\Library\PackageCache\com.unity.visualscripting@1.7.8\Editor\VisualScripting.Core\Dependencies\DotNetZip\Unity.VisualScripting.IonicZip.dll
Symbol file LoadedFromMemory doesn't match image C:\Users\idayr\OneDrive\Documentos\GitHub\farm\farm\Library\PackageCache\com.unity.visualscripting@1.7.8\Editor\VisualScripting.Core\Dependencies\YamlDotNet\Unity.VisualScripting.YamlDotNet.dll
Native extension for WindowsStandalone target not found
Refreshing native plugins compatible for Editor in 1.67 ms, found 3 plugins.
Preloading 0 native plugins for Editor in 0.00 ms.
Package Manager log level set to [2]
Mono: successfully reloaded assembly
- Completed reload, in  3.671 seconds
Domain Reload Profiling:
	ReloadAssembly (3672ms)
		BeginReloadAssembly (918ms)
			ExecutionOrderSort (0ms)
			DisableScriptedObjects (10ms)
			BackupInstance (0ms)
			ReleaseScriptingObjects (1ms)
			CreateAndSetChildDomain (67ms)
		EndReloadAssembly (2500ms)
			LoadAssemblies (472ms)
			RebuildTransferFunctionScriptingTraits (0ms)
			SetupTypeCache (423ms)
			ReleaseScriptCaches (1ms)
			RebuildScriptCaches (87ms)
			SetupLoadedEditorAssemblies (1715ms)
				LogAssemblyErrors (0ms)
				InitializePlatformSupportModulesInManaged (11ms)
				SetLoadedEditorAssemblies (1ms)
				RefreshPlugins (2ms)
				BeforeProcessingInitializeOnLoad (311ms)
				ProcessInitializeOnLoadAttributes (890ms)
				ProcessInitializeOnLoadMethodAttributes (485ms)
				AfterProcessingInitializeOnLoad (16ms)
				EditorAssembliesLoaded (0ms)
			ExecutionOrderSort2 (0ms)
			AwakeInstancesAfterBackupRestoration (8ms)
Platform modules already initialized, skipping
========================================================================
Worker process is ready to serve import requests
Launched and connected shader compiler UnityShaderCompiler.exe after 2.13 seconds
Refreshing native plugins compatible for Editor in 2.13 ms, found 3 plugins.
Preloading 0 native plugins for Editor in 0.00 ms.
Unloading 4119 Unused Serialized files (Serialized files now loaded: 0)
Unloading 68 unused Assets / (114.5 KB). Loaded Objects now: 4547.
Memory consumption went from 138.3 MB to 138.2 MB.
Total: 10.256800 ms (FindLiveObjects: 0.399200 ms CreateObjectMapping: 0.132100 ms MarkObjects: 9.563200 ms  DeleteObjects: 0.161100 ms)

AssetImportParameters requested are different than current active one (requested -> active):
  custom:video-decoder-ogg-theora: a1e56fd34408186e4bbccfd4996cb3dc -> 
  custom:container-muxer-webm: aa71ff27fc2769a1b78a27578f13a17b -> 
  custom:container-demuxer-webm: 4f35f7cbe854078d1ac9338744f61a02 -> 
  custom:video-encoder-webm-vp8: eb34c28f22e8b96e1ab97ce403110664 -> 
  custom:audio-encoder-webm-vorbis: bf7c407c2cedff20999df2af8eb42d56 -> 
  custom:framework-win-MediaFoundation: 216162199b28c13a410421893ffa2e32 -> 
  custom:container-demuxer-ogg: 62fdf1f143b41e24485cea50d1cbac27 -> 
  custom:video-decoder-webm-vp8: 9c59270c3fd7afecdb556c50c9e8de78 -> 
  custom:audio-decoder-ogg-vorbis: bf7c407c2cedff20999df2af8eb42d56 -> 
========================================================================
Received Import Request.
  Time since last request: 75235.043043 seconds.
  path: Assets/PolygonFarm/Models/SM_Prop_Fence_Wood_Pole_02.fbx
  artifactKey: Guid(95d298a11790be045a36457e258296f2) Importer(815301076,1909f56bfc062723c751e8b465ee728b)
Start importing Assets/PolygonFarm/Models/SM_Prop_Fence_Wood_Pole_02.fbx using Guid(95d298a11790be045a36457e258296f2) Importer(815301076,1909f56bfc062723c751e8b465ee728b)  -> (artifact id: '9efce319a21212d5e931097d9656108c') in 0.847995 seconds 
========================================================================
Received Import Request.
  Time since last request: 0.000300 seconds.
  path: Assets/PolygonFarm/Models/SM_Prop_Plant_Wheat_Optimised_02.fbx
  artifactKey: Guid(f9133f22be096a747abc5be2c28d69a1) Importer(815301076,1909f56bfc062723c751e8b465ee728b)
Start importing Assets/PolygonFarm/Models/SM_Prop_Plant_Wheat_Optimised_02.fbx using Guid(f9133f22be096a747abc5be2c28d69a1) Importer(815301076,1909f56bfc062723c751e8b465ee728b)  -> (artifact id: 'c99ea254fe20f706e20524a6a0327730') in 0.100850 seconds 
========================================================================
Received Import Request.
  Time since last request: 0.000407 seconds.
  path: Assets/PolygonFarm/Models/SM_Prop_Plant_Potato_01_L.fbx
  artifactKey: Guid(5ff177d63a1d75442aee573d15d26ffd) Importer(815301076,1909f56bfc062723c751e8b465ee728b)
Start importing Assets/PolygonFarm/Models/SM_Prop_Plant_Potato_01_L.fbx using Guid(5ff177d63a1d75442aee573d15d26ffd) Importer(815301076,1909f56bfc062723c751e8b465ee728b)  -> (artifact id: 'e53b65c3b2b6cbcfa8ab94bb38c40ed4') in 0.033859 seconds 
========================================================================
Received Import Request.
  Time since last request: 0.000466 seconds.
  path: Assets/PolygonFarm/Models/SM_Prop_Fence_Fancy_02.fbx
  artifactKey: Guid(239b2a9b99849cf42ad971dd10340f13) Importer(815301076,1909f56bfc062723c751e8b465ee728b)
Start importing Assets/PolygonFarm/Models/SM_Prop_Fence_Fancy_02.fbx using Guid(239b2a9b99849cf42ad971dd10340f13) Importer(815301076,1909f56bfc062723c751e8b465ee728b)  -> (artifact id: '158d163f5fc38158637938bb6125295b') in 0.025836 seconds 
========================================================================
Received Import Request.
  Time since last request: 0.000349 seconds.
  path: Assets/PolygonFarm/Models/SM_Prop_Plant_Bush_01_M.fbx
  artifactKey: Guid(e1b712ee1ad26614c9427194ffd7f3dc) Importer(815301076,1909f56bfc062723c751e8b465ee728b)
Start importing Assets/PolygonFarm/Models/SM_Prop_Plant_Bush_01_M.fbx using Guid(e1b712ee1ad26614c9427194ffd7f3dc) Importer(815301076,1909f56bfc062723c751e8b465ee728b)  -> (artifact id: 'a8937354a5a25c43978974f29d3ea147') in 0.026367 seconds 
========================================================================
Received Import Request.
  Time since last request: 0.000224 seconds.
  path: Assets/PolygonFarm/Models/SM_Prop_Plant_Bush_03_S.fbx
  artifactKey: Guid(472e6f42396124543a8e84ec9b1f6feb) Importer(815301076,1909f56bfc062723c751e8b465ee728b)
Start importing Assets/PolygonFarm/Models/SM_Prop_Plant_Bush_03_S.fbx using Guid(472e6f42396124543a8e84ec9b1f6feb) Importer(815301076,1909f56bfc062723c751e8b465ee728b)  -> (artifact id: 'ef0e6b5b95a0af766101823a46cb836f') in 0.032917 seconds 
========================================================================
Received Import Request.
  Time since last request: 0.000372 seconds.
  path: Assets/PolygonFarm/Models/SM_Prop_Plant_Wheat_Optimised_01.fbx
  artifactKey: Guid(19c34830e190e9043933e9c1fdd0d329) Importer(815301076,1909f56bfc062723c751e8b465ee728b)
Start importing Assets/PolygonFarm/Models/SM_Prop_Plant_Wheat_Optimised_01.fbx using Guid(19c34830e190e9043933e9c1fdd0d329) Importer(815301076,1909f56bfc062723c751e8b465ee728b)  -> (artifact id: '67ed5c2cc6daf2fa1beb724d2861a068') in 0.034525 seconds 
========================================================================
Received Import Request.
  Time since last request: 0.000290 seconds.
  path: Assets/PolygonFarm/Models/SM_Prop_Pepper_01.fbx
  artifactKey: Guid(c58b31bad6702e945bc19d5875bc1b34) Importer(815301076,1909f56bfc062723c751e8b465ee728b)
Start importing Assets/PolygonFarm/Models/SM_Prop_Pepper_01.fbx using Guid(c58b31bad6702e945bc19d5875bc1b34) Importer(815301076,1909f56bfc062723c751e8b465ee728b)  -> (artifact id: '7a5fbba7ef69b83788fb72caf5f133c6') in 0.041296 seconds 
========================================================================
Received Import Request.
  Time since last request: 0.000509 seconds.
  path: Assets/PolygonFarm/Models/SM_Prop_Chilli_01_S.fbx
  artifactKey: Guid(f54c57c9519d76c43bf59d11814ad0b5) Importer(815301076,1909f56bfc062723c751e8b465ee728b)
Start importing Assets/PolygonFarm/Models/SM_Prop_Chilli_01_S.fbx using Guid(f54c57c9519d76c43bf59d11814ad0b5) Importer(815301076,1909f56bfc062723c751e8b465ee728b)  -> (artifact id: '80bf545b724fa201109cfac333bce1cd') in 0.078224 seconds 
========================================================================
Received Import Request.
  Time since last request: 0.000024 seconds.
  path: Assets/PolygonFarm/Models/SM_Prop_Plant_Bush_03_L.fbx
  artifactKey: Guid(8484d07b53c7bda4ea4804e01a561f95) Importer(815301076,1909f56bfc062723c751e8b465ee728b)
Start importing Assets/PolygonFarm/Models/SM_Prop_Plant_Bush_03_L.fbx using Guid(8484d07b53c7bda4ea4804e01a561f95) Importer(815301076,1909f56bfc062723c751e8b465ee728b)  -> (artifact id: '769cdd051cdd3700b2484872ee028acb') in 0.202470 seconds 
========================================================================
Received Import Request.
  Time since last request: 0.000402 seconds.
  path: Assets/PolygonFarm/Models/SM_Prop_GasCan_01.fbx
  artifactKey: Guid(40888848fa8a88141a5a33775d6e3b77) Importer(815301076,1909f56bfc062723c751e8b465ee728b)
Start importing Assets/PolygonFarm/Models/SM_Prop_GasCan_01.fbx using Guid(40888848fa8a88141a5a33775d6e3b77) Importer(815301076,1909f56bfc062723c751e8b465ee728b)  -> (artifact id: 'eaf35c451fff5b2885be2d96728d4f73') in 0.024047 seconds 
========================================================================
Received Import Request.
  Time since last request: 0.000023 seconds.
  path: Assets/PolygonFarm/Models/SM_Prop_Lettuce_01_M.fbx
  artifactKey: Guid(dd167a2e92f246c46819d90378a5235d) Importer(815301076,1909f56bfc062723c751e8b465ee728b)
Start importing Assets/PolygonFarm/Models/SM_Prop_Lettuce_01_M.fbx using Guid(dd167a2e92f246c46819d90378a5235d) Importer(815301076,1909f56bfc062723c751e8b465ee728b)  -> (artifact id: '7a53c9a48c3b512b80c2690912a6b6b7') in 0.017413 seconds 
========================================================================
Received Import Request.
  Time since last request: 0.000029 seconds.
  path: Assets/PolygonFarm/Models/SM_Prop_LetterBox_Numbers_03.fbx
  artifactKey: Guid(84b9346890e7fd94eb5605f7a577273d) Importer(815301076,1909f56bfc062723c751e8b465ee728b)
Start importing Assets/PolygonFarm/Models/SM_Prop_LetterBox_Numbers_03.fbx using Guid(84b9346890e7fd94eb5605f7a577273d) Importer(815301076,1909f56bfc062723c751e8b465ee728b)  -> (artifact id: '09894da17ce6ad32784abba5943af1c2') in 0.022994 seconds 
========================================================================
Received Import Request.
  Time since last request: 0.000040 seconds.
  path: Assets/PolygonFarm/Models/SM_Prop_Plant_Ground_03_L.fbx
  artifactKey: Guid(beddbbe7493318d448738fa4f39b70e1) Importer(815301076,1909f56bfc062723c751e8b465ee728b)
Start importing Assets/PolygonFarm/Models/SM_Prop_Plant_Ground_03_L.fbx using Guid(beddbbe7493318d448738fa4f39b70e1) Importer(815301076,1909f56bfc062723c751e8b465ee728b)  -> (artifact id: '11bfdff91043f25b6f59b9ba3b649210') in 0.017195 seconds 
========================================================================
Received Import Request.
  Time since last request: 0.000040 seconds.
  path: Assets/PolygonFarm/Models/SM_Prop_Plant_Ground_01_M.fbx
  artifactKey: Guid(b1efe73e3a110004690c91634482a651) Importer(815301076,1909f56bfc062723c751e8b465ee728b)
Start importing Assets/PolygonFarm/Models/SM_Prop_Plant_Ground_01_M.fbx using Guid(b1efe73e3a110004690c91634482a651) Importer(815301076,1909f56bfc062723c751e8b465ee728b)  -> (artifact id: '566c8f58f8713dcd33fa98278ff5eb0e') in 0.022650 seconds 
========================================================================
Received Import Request.
  Time since last request: 0.000053 seconds.
  path: Assets/PolygonFarm/Models/SM_Prop_Plant_Corn_01_M.fbx
  artifactKey: Guid(f87bba4954ce6484eb1f059e27e91885) Importer(815301076,1909f56bfc062723c751e8b465ee728b)
Start importing Assets/PolygonFarm/Models/SM_Prop_Plant_Corn_01_M.fbx using Guid(f87bba4954ce6484eb1f059e27e91885) Importer(815301076,1909f56bfc062723c751e8b465ee728b)  -> (artifact id: '0a833e19f3b40468e22cf1d91b68dac3') in 0.047766 seconds 
========================================================================
Received Import Request.
  Time since last request: 0.000047 seconds.
  path: Assets/PolygonFarm/Models/SM_Prop_Plant_Corn_01_S.fbx
  artifactKey: Guid(2b4d37b8a04925949b8d2ae559996a37) Importer(815301076,1909f56bfc062723c751e8b465ee728b)
Start importing Assets/PolygonFarm/Models/SM_Prop_Plant_Corn_01_S.fbx using Guid(2b4d37b8a04925949b8d2ae559996a37) Importer(815301076,1909f56bfc062723c751e8b465ee728b)  -> (artifact id: '3064aff7f4f6b207ecdfba56bfdae179') in 0.101587 seconds 
========================================================================
Received Import Request.
  Time since last request: 0.000037 seconds.
  path: Assets/PolygonFarm/Models/SM_Prop_LetterBox_07.fbx
  artifactKey: Guid(67bcfdddb2b3ab047b157a1c69688dc3) Importer(815301076,1909f56bfc062723c751e8b465ee728b)
Start importing Assets/PolygonFarm/Models/SM_Prop_LetterBox_07.fbx using Guid(67bcfdddb2b3ab047b157a1c69688dc3) Importer(815301076,1909f56bfc062723c751e8b465ee728b)  -> (artifact id: 'fc7327427de9a351022c0a9e0aa7da37') in 0.027691 seconds 
========================================================================
Received Import Request.
  Time since last request: 0.000028 seconds.
  path: Assets/PolygonFarm/Models/SM_Prop_Hemp_01_L.fbx
  artifactKey: Guid(9cab9db6b0c57d449b0f5563f92de14c) Importer(815301076,1909f56bfc062723c751e8b465ee728b)
Start importing Assets/PolygonFarm/Models/SM_Prop_Hemp_01_L.fbx using Guid(9cab9db6b0c57d449b0f5563f92de14c) Importer(815301076,1909f56bfc062723c751e8b465ee728b)  -> (artifact id: '3e34c67a69b209be753671546eb0aeb4') in 0.025371 seconds 
========================================================================
Received Import Request.
  Time since last request: 0.000038 seconds.
  path: Assets/PolygonFarm/Models/SM_Prop_Horse_Jump_03.fbx
  artifactKey: Guid(258f0d4540938594681cb716d12ccc0c) Importer(815301076,1909f56bfc062723c751e8b465ee728b)
Start importing Assets/PolygonFarm/Models/SM_Prop_Horse_Jump_03.fbx using Guid(258f0d4540938594681cb716d12ccc0c) Importer(815301076,1909f56bfc062723c751e8b465ee728b)  -> (artifact id: 'a3c18de4c1adc7228d5cb13b7aa72338') in 0.036245 seconds 
========================================================================
Received Import Request.
  Time since last request: 0.000029 seconds.
  path: Assets/PolygonFarm/Models/SM_Prop_Lemon_01.fbx
  artifactKey: Guid(916637786263e1a43b7b1c732dcf3d22) Importer(815301076,1909f56bfc062723c751e8b465ee728b)
Start importing Assets/PolygonFarm/Models/SM_Prop_Lemon_01.fbx using Guid(916637786263e1a43b7b1c732dcf3d22) Importer(815301076,1909f56bfc062723c751e8b465ee728b)  -> (artifact id: 'abd18f310294440748794fb9c4b77af3') in 0.018800 seconds 
========================================================================
Received Import Request.
  Time since last request: 0.000029 seconds.
  path: Assets/PolygonFarm/Models/SM_Prop_Plant_Ground_02_L2.fbx
  artifactKey: Guid(f2288ba0ffdff9b4d8d4c8c0a98170b2) Importer(815301076,1909f56bfc062723c751e8b465ee728b)
Start importing Assets/PolygonFarm/Models/SM_Prop_Plant_Ground_02_L2.fbx using Guid(f2288ba0ffdff9b4d8d4c8c0a98170b2) Importer(815301076,1909f56bfc062723c751e8b465ee728b)  -> (artifact id: '2d5dadba0dad72ef1cc9bc3c96c275eb') in 0.056281 seconds 
========================================================================
Received Import Request.
  Time since last request: 0.000025 seconds.
  path: Assets/PolygonFarm/Models/SM_Prop_Plant_Ground_01_L.fbx
  artifactKey: Guid(0c35dc4a42a9b36469a6d86a9ca86a3e) Importer(815301076,1909f56bfc062723c751e8b465ee728b)
Start importing Assets/PolygonFarm/Models/SM_Prop_Plant_Ground_01_L.fbx using Guid(0c35dc4a42a9b36469a6d86a9ca86a3e) Importer(815301076,1909f56bfc062723c751e8b465ee728b)  -> (artifact id: '78686a22d30abd6d164abeed270f42dc') in 0.029585 seconds 
========================================================================
Received Import Request.
  Time since last request: 1149.674554 seconds.
  path: Assets/PolygonFarm/Models/SM_Prop_Pumpkin_Italian_01_S.fbx
  artifactKey: Guid(d6f10ed7484e22c49a1c3f348e2b8ac2) Importer(815301076,1909f56bfc062723c751e8b465ee728b)
Start importing Assets/PolygonFarm/Models/SM_Prop_Pumpkin_Italian_01_S.fbx using Guid(d6f10ed7484e22c49a1c3f348e2b8ac2) Importer(815301076,1909f56bfc062723c751e8b465ee728b)  -> (artifact id: '132b9694e675b81679bed104bb94d809') in 0.043450 seconds 
========================================================================
Received Import Request.
  Time since last request: 0.000022 seconds.
  path: Assets/PolygonFarm/Models/SM_Prop_Sign_Oranges_01.fbx
  artifactKey: Guid(cb114f290167da3478e18298ea1f70c7) Importer(815301076,1909f56bfc062723c751e8b465ee728b)
Start importing Assets/PolygonFarm/Models/SM_Prop_Sign_Oranges_01.fbx using Guid(cb114f290167da3478e18298ea1f70c7) Importer(815301076,1909f56bfc062723c751e8b465ee728b)  -> (artifact id: '5ebbf97fd2c45bd68716342388c9af9b') in 0.029942 seconds 
========================================================================
Received Import Request.
  Time since last request: 0.000026 seconds.
  path: Assets/PolygonFarm/Models/SM_Prop_Spinkler_Hose_01.fbx
  artifactKey: Guid(06465f778838c5e4988ea110d55d02ae) Importer(815301076,1909f56bfc062723c751e8b465ee728b)
Start importing Assets/PolygonFarm/Models/SM_Prop_Spinkler_Hose_01.fbx using Guid(06465f778838c5e4988ea110d55d02ae) Importer(815301076,1909f56bfc062723c751e8b465ee728b)  -> (artifact id: 'b89db93a163d43cd0fe0f65b559e14a1') in 0.046357 seconds 
========================================================================
Received Import Request.
  Time since last request: 0.000027 seconds.
  path: Assets/PolygonFarm/Models/SM_Prop_SpoolWheel_01.fbx
  artifactKey: Guid(765c22c58ae980b428e42c676291f121) Importer(815301076,1909f56bfc062723c751e8b465ee728b)
Start importing Assets/PolygonFarm/Models/SM_Prop_SpoolWheel_01.fbx using Guid(765c22c58ae980b428e42c676291f121) Importer(815301076,1909f56bfc062723c751e8b465ee728b)  -> (artifact id: 'ba5e56460892b0fc75812e35ce10cfb9') in 0.022628 seconds 
========================================================================
Received Import Request.
  Time since last request: 0.000037 seconds.
  path: Assets/PolygonFarm/Models/SM_Prop_Ranch_Sign_01.fbx
  artifactKey: Guid(a9a0a09e0adc6e84caa18344da6aa87f) Importer(815301076,1909f56bfc062723c751e8b465ee728b)
Start importing Assets/PolygonFarm/Models/SM_Prop_Ranch_Sign_01.fbx using Guid(a9a0a09e0adc6e84caa18344da6aa87f) Importer(815301076,1909f56bfc062723c751e8b465ee728b)  -> (artifact id: '7f3f25a070102cc9356422f86890bf87') in 0.026216 seconds 
========================================================================
Received Import Request.
  Time since last request: 0.000029 seconds.
  path: Assets/PolygonFarm/Models/SM_Prop_Sign_Potatoes_01.fbx
  artifactKey: Guid(0da6d6d95d977ca4687e55fa0213d58e) Importer(815301076,1909f56bfc062723c751e8b465ee728b)
Start importing Assets/PolygonFarm/Models/SM_Prop_Sign_Potatoes_01.fbx using Guid(0da6d6d95d977ca4687e55fa0213d58e) Importer(815301076,1909f56bfc062723c751e8b465ee728b)  -> (artifact id: '005c695b108d3015393acc44e85d6968') in 0.020447 seconds 
========================================================================
Received Import Request.
  Time since last request: 0.000031 seconds.
  path: Assets/PolygonFarm/Models/SM_Prop_Sign_Peaches_01.fbx
  artifactKey: Guid(2ddbae9ab973740429f88af7d7bae6eb) Importer(815301076,1909f56bfc062723c751e8b465ee728b)
Start importing Assets/PolygonFarm/Models/SM_Prop_Sign_Peaches_01.fbx using Guid(2ddbae9ab973740429f88af7d7bae6eb) Importer(815301076,1909f56bfc062723c751e8b465ee728b)  -> (artifact id: '5eb3660983a395b4b8253fafbe0b3f93') in 0.018446 seconds 
========================================================================
Received Import Request.
  Time since last request: 0.000027 seconds.
  path: Assets/PolygonFarm/Models/SM_Prop_Rubbish_01.fbx
  artifactKey: Guid(55a41e23bd7755145b9bf3457cb959c6) Importer(815301076,1909f56bfc062723c751e8b465ee728b)
Start importing Assets/PolygonFarm/Models/SM_Prop_Rubbish_01.fbx using Guid(55a41e23bd7755145b9bf3457cb959c6) Importer(815301076,1909f56bfc062723c751e8b465ee728b)  -> (artifact id: '7ece2e7bc3678842749bca45daf089ff') in 0.018021 seconds 
========================================================================
Received Import Request.
  Time since last request: 0.000024 seconds.
  path: Assets/PolygonFarm/Models/SM_Prop_Sign_Fruit_01.fbx
  artifactKey: Guid(f37bb6d87658e2642a4f3811530e8b28) Importer(815301076,1909f56bfc062723c751e8b465ee728b)
Start importing Assets/PolygonFarm/Models/SM_Prop_Sign_Fruit_01.fbx using Guid(f37bb6d87658e2642a4f3811530e8b28) Importer(815301076,1909f56bfc062723c751e8b465ee728b)  -> (artifact id: 'b7411a2033e653ce2746d7ead66c0e34') in 0.015496 seconds 
========================================================================
Received Import Request.
  Time since last request: 0.000017 seconds.
  path: Assets/PolygonFarm/Models/SM_Prop_SignPost_01.fbx
  artifactKey: Guid(4b780a6cb6a59784ab832e212d08ebcc) Importer(815301076,1909f56bfc062723c751e8b465ee728b)
Start importing Assets/PolygonFarm/Models/SM_Prop_SignPost_01.fbx using Guid(4b780a6cb6a59784ab832e212d08ebcc) Importer(815301076,1909f56bfc062723c751e8b465ee728b)  -> (artifact id: 'e5ae946239b40cc40a331d9fa334121f') in 0.019881 seconds 
========================================================================
Received Import Request.
  Time since last request: 0.000033 seconds.
  path: Assets/PolygonFarm/Models/SM_Prop_Rubbish_02.fbx
  artifactKey: Guid(628c857babf478d4cafbd78f60d73a9b) Importer(815301076,1909f56bfc062723c751e8b465ee728b)
Start importing Assets/PolygonFarm/Models/SM_Prop_Rubbish_02.fbx using Guid(628c857babf478d4cafbd78f60d73a9b) Importer(815301076,1909f56bfc062723c751e8b465ee728b)  -> (artifact id: 'be152be550be922975dbc8816c05ccec') in 0.017343 seconds 
========================================================================
Received Import Request.
  Time since last request: 0.000023 seconds.
  path: Assets/PolygonFarm/Models/SM_Prop_Rubbish_03.fbx
  artifactKey: Guid(f90e0ea685296e74c9b22db530be25d2) Importer(815301076,1909f56bfc062723c751e8b465ee728b)
Start importing Assets/PolygonFarm/Models/SM_Prop_Rubbish_03.fbx using Guid(f90e0ea685296e74c9b22db530be25d2) Importer(815301076,1909f56bfc062723c751e8b465ee728b)  -> (artifact id: '9c209c2d1086ced6fa5a684ffe1c4680') in 0.015096 seconds 
========================================================================
Received Import Request.
  Time since last request: 0.000026 seconds.
  path: Assets/PolygonFarm/Models/SM_Prop_Pumpkin_White_01_L.fbx
  artifactKey: Guid(02bf52a39abd40d42ab866b559d67c52) Importer(815301076,1909f56bfc062723c751e8b465ee728b)
Start importing Assets/PolygonFarm/Models/SM_Prop_Pumpkin_White_01_L.fbx using Guid(02bf52a39abd40d42ab866b559d67c52) Importer(815301076,1909f56bfc062723c751e8b465ee728b)  -> (artifact id: '9642e7c40f100e4031da65dc95ad3ab6') in 0.015604 seconds 
========================================================================
Received Import Request.
  Time since last request: 0.000027 seconds.
  path: Assets/PolygonFarm/Models/SM_Prop_Spinkler_01.fbx
  artifactKey: Guid(993cde9ffd8667a40969e58df4e1ceb1) Importer(815301076,1909f56bfc062723c751e8b465ee728b)
Start importing Assets/PolygonFarm/Models/SM_Prop_Spinkler_01.fbx using Guid(993cde9ffd8667a40969e58df4e1ceb1) Importer(815301076,1909f56bfc062723c751e8b465ee728b)  -> (artifact id: 'c8bbd14c248b490376898648ec85aa39') in 0.014289 seconds 
========================================================================
Received Import Request.
  Time since last request: 0.000037 seconds.
  path: Assets/PolygonFarm/Models/SM_Prop_Sign_Plums_01.fbx
  artifactKey: Guid(a8a6ae27f9a47a046b455799f084344a) Importer(815301076,1909f56bfc062723c751e8b465ee728b)
Start importing Assets/PolygonFarm/Models/SM_Prop_Sign_Plums_01.fbx using Guid(a8a6ae27f9a47a046b455799f084344a) Importer(815301076,1909f56bfc062723c751e8b465ee728b)  -> (artifact id: 'a19a2f90043932e0d176ffffd271ac82') in 0.015607 seconds 
========================================================================
Received Import Request.
  Time since last request: 0.000025 seconds.
  path: Assets/PolygonFarm/Models/SM_Prop_Rubbish_05.fbx
  artifactKey: Guid(77da9af59b43c2c4c9b347982f40a0ac) Importer(815301076,1909f56bfc062723c751e8b465ee728b)
Start importing Assets/PolygonFarm/Models/SM_Prop_Rubbish_05.fbx using Guid(77da9af59b43c2c4c9b347982f40a0ac) Importer(815301076,1909f56bfc062723c751e8b465ee728b)  -> (artifact id: '827477d6ec81d320ea06ae68b8541537') in 0.015644 seconds 
========================================================================
Received Import Request.
  Time since last request: 0.000021 seconds.
  path: Assets/PolygonFarm/Models/SM_Prop_Squash_Butternut_01_M.fbx
  artifactKey: Guid(6f00cd30002c32b4f8de78a367f8e590) Importer(815301076,1909f56bfc062723c751e8b465ee728b)
Start importing Assets/PolygonFarm/Models/SM_Prop_Squash_Butternut_01_M.fbx using Guid(6f00cd30002c32b4f8de78a367f8e590) Importer(815301076,1909f56bfc062723c751e8b465ee728b)  -> (artifact id: '8a709d258718664c05e14fb48a7364cb') in 0.015099 seconds 
========================================================================
Received Import Request.
  Time since last request: 0.000029 seconds.
  path: Assets/PolygonFarm/Models/SM_Prop_Sign_Strawberries_01.fbx
  artifactKey: Guid(83bd687f5c95c054e98021460b6c4b3a) Importer(815301076,1909f56bfc062723c751e8b465ee728b)
Start importing Assets/PolygonFarm/Models/SM_Prop_Sign_Strawberries_01.fbx using Guid(83bd687f5c95c054e98021460b6c4b3a) Importer(815301076,1909f56bfc062723c751e8b465ee728b)  -> (artifact id: '1fcf524f3dd9f95c0e2a155698b0e2fc') in 0.016192 seconds 
========================================================================
Received Import Request.
  Time since last request: 0.000026 seconds.
  path: Assets/PolygonFarm/Models/SM_Prop_SignPost_03.fbx
  artifactKey: Guid(608d8aac94bfbf740b3b199b62cee519) Importer(815301076,1909f56bfc062723c751e8b465ee728b)
Start importing Assets/PolygonFarm/Models/SM_Prop_SignPost_03.fbx using Guid(608d8aac94bfbf740b3b199b62cee519) Importer(815301076,1909f56bfc062723c751e8b465ee728b)  -> (artifact id: '510133f963d0b3712202c76cea8b0869') in 0.015562 seconds 
========================================================================
Received Import Request.
  Time since last request: 0.000023 seconds.
  path: Assets/PolygonFarm/Models/SM_Prop_Squash_Butternut_01_L.fbx
  artifactKey: Guid(db53c5d60a47f974687a34347c1aa59f) Importer(815301076,1909f56bfc062723c751e8b465ee728b)
Start importing Assets/PolygonFarm/Models/SM_Prop_Squash_Butternut_01_L.fbx using Guid(db53c5d60a47f974687a34347c1aa59f) Importer(815301076,1909f56bfc062723c751e8b465ee728b)  -> (artifact id: '5fcacab9819dc8d9863085465d07e4fb') in 0.016107 seconds 
========================================================================
Received Import Request.
  Time since last request: 0.000029 seconds.
  path: Assets/PolygonFarm/Models/SM_Prop_Rubbish_Pile_01.fbx
  artifactKey: Guid(ef17d80be04f8f840963d6927ab7859a) Importer(815301076,1909f56bfc062723c751e8b465ee728b)
Start importing Assets/PolygonFarm/Models/SM_Prop_Rubbish_Pile_01.fbx using Guid(ef17d80be04f8f840963d6927ab7859a) Importer(815301076,1909f56bfc062723c751e8b465ee728b)  -> (artifact id: 'c1c1dff09a10c955fc3195413ac6e938') in 0.017372 seconds 
========================================================================
Received Import Request.
  Time since last request: 0.000021 seconds.
  path: Assets/PolygonFarm/Models/SM_Prop_Sign_Squash_01.fbx
  artifactKey: Guid(bf6f57bd4f367954bbefa6c6376bb14d) Importer(815301076,1909f56bfc062723c751e8b465ee728b)
Start importing Assets/PolygonFarm/Models/SM_Prop_Sign_Squash_01.fbx using Guid(bf6f57bd4f367954bbefa6c6376bb14d) Importer(815301076,1909f56bfc062723c751e8b465ee728b)  -> (artifact id: 'f800c36464b663ab55b421ce35b64ecf') in 0.017043 seconds 
========================================================================
Received Import Request.
  Time since last request: 0.000033 seconds.
  path: Assets/PolygonFarm/Models/SM_Prop_Sign_Veges_01.fbx
  artifactKey: Guid(ca4e04a227945974a895a85c425b0964) Importer(815301076,1909f56bfc062723c751e8b465ee728b)
Start importing Assets/PolygonFarm/Models/SM_Prop_Sign_Veges_01.fbx using Guid(ca4e04a227945974a895a85c425b0964) Importer(815301076,1909f56bfc062723c751e8b465ee728b)  -> (artifact id: '6fa544c97487c085d57bc6f545dc7e2e') in 0.015917 seconds 
========================================================================
Received Import Request.
  Time since last request: 0.000023 seconds.
  path: Assets/PolygonFarm/Models/SM_Prop_Rubbish_06.fbx
  artifactKey: Guid(978ad5ceaa83f654d940555a0f6b45b4) Importer(815301076,1909f56bfc062723c751e8b465ee728b)
Start importing Assets/PolygonFarm/Models/SM_Prop_Rubbish_06.fbx using Guid(978ad5ceaa83f654d940555a0f6b45b4) Importer(815301076,1909f56bfc062723c751e8b465ee728b)  -> (artifact id: 'c4a7d0918abb2b6b75db7ce700db3812') in 0.016608 seconds 
========================================================================
Received Import Request.
  Time since last request: 5.483546 seconds.
  path: Assets/PolygonFarm/Models/SM_Prop_Squash_Delicata_01.fbx
  artifactKey: Guid(11acd6c3391e73744a506bb5d85b2c61) Importer(815301076,1909f56bfc062723c751e8b465ee728b)
Start importing Assets/PolygonFarm/Models/SM_Prop_Squash_Delicata_01.fbx using Guid(11acd6c3391e73744a506bb5d85b2c61) Importer(815301076,1909f56bfc062723c751e8b465ee728b)  -> (artifact id: '244669a999c1b44611e90ce8f634eb47') in 0.013508 seconds 
========================================================================
Received Import Request.
  Time since last request: 0.000028 seconds.
  path: Assets/PolygonFarm/Models/SM_Prop_Stop_Sign_01.fbx
  artifactKey: Guid(0637a3f0dd9612548bd3ecd828d73388) Importer(815301076,1909f56bfc062723c751e8b465ee728b)
Start importing Assets/PolygonFarm/Models/SM_Prop_Stop_Sign_01.fbx using Guid(0637a3f0dd9612548bd3ecd828d73388) Importer(815301076,1909f56bfc062723c751e8b465ee728b)  -> (artifact id: '97ea233a4028afdafce4c2aef6865840') in 0.014438 seconds 
========================================================================
Received Import Request.
  Time since last request: 0.000028 seconds.
  path: Assets/PolygonFarm/Models/SM_Prop_Strawberry_01_S.fbx
  artifactKey: Guid(e2712f4c09600494eb1bb326a66881fd) Importer(815301076,1909f56bfc062723c751e8b465ee728b)
Start importing Assets/PolygonFarm/Models/SM_Prop_Strawberry_01_S.fbx using Guid(e2712f4c09600494eb1bb326a66881fd) Importer(815301076,1909f56bfc062723c751e8b465ee728b)  -> (artifact id: '83c624448939b40f0c65f60e24a32f39') in 0.016613 seconds 
========================================================================
Received Import Request.
  Time since last request: 0.000019 seconds.
  path: Assets/PolygonFarm/Models/SM_Prop_Table_01.fbx
  artifactKey: Guid(87f4cd45b028bcd4eaa6f6ebd885157d) Importer(815301076,1909f56bfc062723c751e8b465ee728b)
Start importing Assets/PolygonFarm/Models/SM_Prop_Table_01.fbx using Guid(87f4cd45b028bcd4eaa6f6ebd885157d) Importer(815301076,1909f56bfc062723c751e8b465ee728b)  -> (artifact id: 'a728a94cf4ab2757d6a21835c37e8f77') in 0.016288 seconds 
========================================================================
Received Import Request.
  Time since last request: 0.000028 seconds.
  path: Assets/PolygonFarm/Models/SM_Prop_Trough_01.fbx
  artifactKey: Guid(6016fe986ec11de49ac4b86f4d47436f) Importer(815301076,1909f56bfc062723c751e8b465ee728b)
Start importing Assets/PolygonFarm/Models/SM_Prop_Trough_01.fbx using Guid(6016fe986ec11de49ac4b86f4d47436f) Importer(815301076,1909f56bfc062723c751e8b465ee728b)  -> (artifact id: '0f25f8001f87b9e36c2fe6c2e1e000d6') in 0.025685 seconds 
========================================================================
Received Import Request.
  Time since last request: 0.000030 seconds.
  path: Assets/PolygonFarm/Models/SM_Prop_Tyre_01.fbx
  artifactKey: Guid(cfa2065df5e7e23408429e19a6592005) Importer(815301076,1909f56bfc062723c751e8b465ee728b)
Start importing Assets/PolygonFarm/Models/SM_Prop_Tyre_01.fbx using Guid(cfa2065df5e7e23408429e19a6592005) Importer(815301076,1909f56bfc062723c751e8b465ee728b)  -> (artifact id: 'bee5b3ca7c7d441cd2e4b1931f57bd4c') in 0.018343 seconds 
========================================================================
Received Import Request.
  Time since last request: 0.000026 seconds.
  path: Assets/PolygonFarm/Models/SM_Prop_Tool_Bucket_01.fbx
  artifactKey: Guid(6a0462221a6bfb44c87b72c0cf8afcb6) Importer(815301076,1909f56bfc062723c751e8b465ee728b)
Start importing Assets/PolygonFarm/Models/SM_Prop_Tool_Bucket_01.fbx using Guid(6a0462221a6bfb44c87b72c0cf8afcb6) Importer(815301076,1909f56bfc062723c751e8b465ee728b)  -> (artifact id: 'a324a5ece9eefece784c7ddccea3fd0c') in 0.015514 seconds 
========================================================================
Received Import Request.
  Time since last request: 0.000017 seconds.
  path: Assets/PolygonFarm/Models/SM_Wep_Shotgun_01.fbx
  artifactKey: Guid(8905b4c3dcf816e4f961806af20eb1d7) Importer(815301076,1909f56bfc062723c751e8b465ee728b)
Start importing Assets/PolygonFarm/Models/SM_Wep_Shotgun_01.fbx using Guid(8905b4c3dcf816e4f961806af20eb1d7) Importer(815301076,1909f56bfc062723c751e8b465ee728b)  -> (artifact id: '4779754bab93b89d4ee7a79302d1dd1c') in 0.038403 seconds 
========================================================================
Received Import Request.
  Time since last request: 0.000036 seconds.
  path: Assets/PolygonFarm/Models/SM_Veh_Pickup_01.fbx
  artifactKey: Guid(9badcac488342344aa2e3c5292f8b1e6) Importer(815301076,1909f56bfc062723c751e8b465ee728b)
Start importing Assets/PolygonFarm/Models/SM_Veh_Pickup_01.fbx using Guid(9badcac488342344aa2e3c5292f8b1e6) Importer(815301076,1909f56bfc062723c751e8b465ee728b)  -> (artifact id: 'bccdb986cfe68ebb9a9235a0aa022cf6') in 0.070301 seconds 
========================================================================
Received Import Request.
  Time since last request: 0.000026 seconds.
  path: Assets/PolygonFarm/Models/SM_Prop_Squash_Delicata_01_S.fbx
  artifactKey: Guid(68f95c4a92870ad49be97ee336258c9a) Importer(815301076,1909f56bfc062723c751e8b465ee728b)
Start importing Assets/PolygonFarm/Models/SM_Prop_Squash_Delicata_01_S.fbx using Guid(68f95c4a92870ad49be97ee336258c9a) Importer(815301076,1909f56bfc062723c751e8b465ee728b)  -> (artifact id: '6518a2e679904654b0d699261de4166f') in 0.015987 seconds 
========================================================================
Received Import Request.
  Time since last request: 0.000027 seconds.
  path: Assets/PolygonFarm/Models/SM_Prop_Tool_Axe_01.fbx
  artifactKey: Guid(fbd987385e40b654db3857859d8e2560) Importer(815301076,1909f56bfc062723c751e8b465ee728b)
Start importing Assets/PolygonFarm/Models/SM_Prop_Tool_Axe_01.fbx using Guid(fbd987385e40b654db3857859d8e2560) Importer(815301076,1909f56bfc062723c751e8b465ee728b)  -> (artifact id: '61ed71a83cdc540e791b10ff5614fcd7') in 0.017116 seconds 
========================================================================
Received Import Request.
  Time since last request: 0.000031 seconds.
  path: Assets/PolygonFarm/Models/SM_Prop_Windmill_01.fbx
  artifactKey: Guid(1eb00aa03440eb34b9c1ffe6f6812001) Importer(815301076,1909f56bfc062723c751e8b465ee728b)
Start importing Assets/PolygonFarm/Models/SM_Prop_Windmill_01.fbx using Guid(1eb00aa03440eb34b9c1ffe6f6812001) Importer(815301076,1909f56bfc062723c751e8b465ee728b)  -> (artifact id: '3214724db1253fadadd0ed9c5cd4d93d') in 0.027016 seconds 
========================================================================
Received Import Request.
  Time since last request: 0.000064 seconds.
  path: Assets/PolygonFarm/Models/SM_Veh_Attach_Planter_01.fbx
  artifactKey: Guid(ed3846ba63f43bf42be0fd04e4e21d6e) Importer(815301076,1909f56bfc062723c751e8b465ee728b)
Start importing Assets/PolygonFarm/Models/SM_Veh_Attach_Planter_01.fbx using Guid(ed3846ba63f43bf42be0fd04e4e21d6e) Importer(815301076,1909f56bfc062723c751e8b465ee728b)  -> (artifact id: '59e3703c800a0b4533a2b2a301943407') in 0.027619 seconds 
========================================================================
Received Import Request.
  Time since last request: 0.000019 seconds.
  path: Assets/PolygonFarm/Models/SM_Prop_Tomato_01_M.fbx
  artifactKey: Guid(f69efe22417e2464e93dd123205d0a4d) Importer(815301076,1909f56bfc062723c751e8b465ee728b)
Start importing Assets/PolygonFarm/Models/SM_Prop_Tomato_01_M.fbx using Guid(f69efe22417e2464e93dd123205d0a4d) Importer(815301076,1909f56bfc062723c751e8b465ee728b)  -> (artifact id: '4c7cbba8ed86ce55d17472824ab16acd') in 0.016510 seconds 
========================================================================
Received Import Request.
  Time since last request: 0.000027 seconds.
  path: Assets/PolygonFarm/Models/SM_Prop_Table_02.fbx
  artifactKey: Guid(0f2d3bff67e486e40bdd967af726a86e) Importer(815301076,1909f56bfc062723c751e8b465ee728b)
Start importing Assets/PolygonFarm/Models/SM_Prop_Table_02.fbx using Guid(0f2d3bff67e486e40bdd967af726a86e) Importer(815301076,1909f56bfc062723c751e8b465ee728b)  -> (artifact id: '3820a49e7857799bd1c0bc33632423e3') in 0.016255 seconds 
========================================================================
Received Import Request.
  Time since last request: 0.000024 seconds.
  path: Assets/PolygonFarm/Models/SM_Veh_Attach_Plough_01.fbx
  artifactKey: Guid(77c07b9ea79763144b576b122a8b72be) Importer(815301076,1909f56bfc062723c751e8b465ee728b)
Start importing Assets/PolygonFarm/Models/SM_Veh_Attach_Plough_01.fbx using Guid(77c07b9ea79763144b576b122a8b72be) Importer(815301076,1909f56bfc062723c751e8b465ee728b)  -> (artifact id: 'ed54285f3bea095b890ce4c20bea6a32') in 0.048135 seconds 
========================================================================
Received Import Request.
  Time since last request: 0.000023 seconds.
  path: Assets/PolygonFarm/Models/SM_Prop_Sunflower_01.fbx
  artifactKey: Guid(3375963121ff0b54c86813011c31bd19) Importer(815301076,1909f56bfc062723c751e8b465ee728b)
Start importing Assets/PolygonFarm/Models/SM_Prop_Sunflower_01.fbx using Guid(3375963121ff0b54c86813011c31bd19) Importer(815301076,1909f56bfc062723c751e8b465ee728b)  -> (artifact id: '8c85f23cab5502609b459c08a6ecd9c6') in 0.015457 seconds 
========================================================================
Received Import Request.
  Time since last request: 0.000022 seconds.
  path: Assets/PolygonFarm/Models/SM_Prop_Weathervane_02.fbx
  artifactKey: Guid(a405f4fc471860c4bab196a8b23431ea) Importer(815301076,1909f56bfc062723c751e8b465ee728b)
Start importing Assets/PolygonFarm/Models/SM_Prop_Weathervane_02.fbx using Guid(a405f4fc471860c4bab196a8b23431ea) Importer(815301076,1909f56bfc062723c751e8b465ee728b)  -> (artifact id: 'a57564f50b689ba551199c115df31a9b') in 0.015639 seconds 
========================================================================
Received Import Request.
  Time since last request: 0.000028 seconds.
  path: Assets/PolygonFarm/Models/SM_Prop_Tool_Hoe_01.fbx
  artifactKey: Guid(82c336f51f06ccb479a465ed9234a679) Importer(815301076,1909f56bfc062723c751e8b465ee728b)
Start importing Assets/PolygonFarm/Models/SM_Prop_Tool_Hoe_01.fbx using Guid(82c336f51f06ccb479a465ed9234a679) Importer(815301076,1909f56bfc062723c751e8b465ee728b)  -> (artifact id: 'be7df9d5ddee70769d7a6f38a8b183bf') in 0.014798 seconds 
========================================================================
Received Import Request.
  Time since last request: 0.000023 seconds.
  path: Assets/PolygonFarm/Models/SM_Prop_Tool_Spade_01.fbx
  artifactKey: Guid(1247151900394d541913840f639c2d9f) Importer(815301076,1909f56bfc062723c751e8b465ee728b)
Start importing Assets/PolygonFarm/Models/SM_Prop_Tool_Spade_01.fbx using Guid(1247151900394d541913840f639c2d9f) Importer(815301076,1909f56bfc062723c751e8b465ee728b)  -> (artifact id: '831074ef5dba8cfe48e23eaed3b9867e') in 0.015600 seconds 
========================================================================
Received Import Request.
  Time since last request: 0.000037 seconds.
  path: Assets/PolygonFarm/Models/SM_Veh_Attach_Trailer_Cylinder_01.fbx
  artifactKey: Guid(97a3ad00785c83e40bfb747a28ba98f3) Importer(815301076,1909f56bfc062723c751e8b465ee728b)
Start importing Assets/PolygonFarm/Models/SM_Veh_Attach_Trailer_Cylinder_01.fbx using Guid(97a3ad00785c83e40bfb747a28ba98f3) Importer(815301076,1909f56bfc062723c751e8b465ee728b)  -> (artifact id: '844e190ee8a0d2678f237da3f7389a55') in 0.033615 seconds 
========================================================================
Received Import Request.
  Time since last request: 0.000018 seconds.
  path: Assets/PolygonFarm/Models/SM_Veh_Attach_Sprayer_01.fbx
  artifactKey: Guid(bce9dfdfe9945574bbc93f749cd57770) Importer(815301076,1909f56bfc062723c751e8b465ee728b)
Start importing Assets/PolygonFarm/Models/SM_Veh_Attach_Sprayer_01.fbx using Guid(bce9dfdfe9945574bbc93f749cd57770) Importer(815301076,1909f56bfc062723c751e8b465ee728b)  -> (artifact id: '76fe45c529672d042876b36f1587b1b0') in 0.046025 seconds 
Editor requested this worker to shutdown with reason: Scaling down because of idle timeout
AssetImportWorker is now disconnected from the server
Process exiting
Exiting without the bug reporter. Application will terminate with return code 0