Using pre-set license
Built from '2021.3/release' branch; Version is '2021.3.12f1 (8af3c3e441b1) revision 9106371'; Using compiler version '192829333'; Build Type 'Release'
OS: 'Windows 10  (10.0.19044) 64bit Professional' Language: 'es' Physical Memory: 16309 MB
BatchMode: 1, IsHumanControllingUs: 0, StartBugReporterOnCrash: 0, Is64bit: 1, IsPro: 1

COMMAND LINE ARGUMENTS:
C:\Program Files\Unity\Hub\Editor\2021.3.12f1\Editor\Unity.exe
-adb2
-batchMode
-noUpm
-name
AssetImportWorker13
-projectPath
C:/Users/idayr/OneDrive/Documentos/GitHub/farm/farm
-logFile
Logs/AssetImportWorker13.log
-srvPort
57903
Successfully changed project path to: C:/Users/idayr/OneDrive/Documentos/GitHub/farm/farm
C:/Users/idayr/OneDrive/Documentos/GitHub/farm/farm
[UnityMemory] Configuration Parameters - Can be set up in boot.config
    "memorysetup-bucket-allocator-granularity=16"
    "memorysetup-bucket-allocator-bucket-count=8"
    "memorysetup-bucket-allocator-block-size=33554432"
    "memorysetup-bucket-allocator-block-count=8"
    "memorysetup-main-allocator-block-size=16777216"
    "memorysetup-thread-allocator-block-size=16777216"
    "memorysetup-gfx-main-allocator-block-size=16777216"
    "memorysetup-gfx-thread-allocator-block-size=16777216"
    "memorysetup-cache-allocator-block-size=4194304"
    "memorysetup-typetree-allocator-block-size=2097152"
    "memorysetup-profiler-bucket-allocator-granularity=16"
    "memorysetup-profiler-bucket-allocator-bucket-count=8"
    "memorysetup-profiler-bucket-allocator-block-size=33554432"
    "memorysetup-profiler-bucket-allocator-block-count=8"
    "memorysetup-profiler-allocator-block-size=16777216"
    "memorysetup-profiler-editor-allocator-block-size=1048576"
    "memorysetup-temp-allocator-size-main=16777216"
    "memorysetup-job-temp-allocator-block-size=2097152"
    "memorysetup-job-temp-allocator-block-size-background=1048576"
    "memorysetup-job-temp-allocator-reduction-small-platforms=262144"
    "memorysetup-temp-allocator-size-background-worker=32768"
    "memorysetup-temp-allocator-size-job-worker=262144"
    "memorysetup-temp-allocator-size-preload-manager=33554432"
    "memorysetup-temp-allocator-size-nav-mesh-worker=65536"
    "memorysetup-temp-allocator-size-audio-worker=65536"
    "memorysetup-temp-allocator-size-cloud-worker=32768"
    "memorysetup-temp-allocator-size-gi-baking-worker=262144"
    "memorysetup-temp-allocator-size-gfx=262144"
Refreshing native plugins compatible for Editor in 173.03 ms, found 3 plugins.
Preloading 0 native plugins for Editor in 0.00 ms.
Initialize engine version: 2021.3.12f1 (8af3c3e441b1)
[Subsystems] Discovering subsystems at path C:/Program Files/Unity/Hub/Editor/2021.3.12f1/Editor/Data/Resources/UnitySubsystems
[Subsystems] Discovering subsystems at path C:/Users/idayr/OneDrive/Documentos/GitHub/farm/farm/Assets
GfxDevice: creating device client; threaded=0; jobified=0
Direct3D:
    Version:  Direct3D 11.0 [level 11.1]
    Renderer: NVIDIA GeForce RTX 2060 (ID=0x1f08)
    Vendor:   NVIDIA
    VRAM:     5968 MB
    Driver:   31.0.15.2698
Initialize mono
Mono path[0] = 'C:/Program Files/Unity/Hub/Editor/2021.3.12f1/Editor/Data/Managed'
Mono path[1] = 'C:/Program Files/Unity/Hub/Editor/2021.3.12f1/Editor/Data/MonoBleedingEdge/lib/mono/unityjit-win32'
Mono config path = 'C:/Program Files/Unity/Hub/Editor/2021.3.12f1/Editor/Data/MonoBleedingEdge/etc'
Using monoOptions --debugger-agent=transport=dt_socket,embedding=1,server=y,suspend=n,address=127.0.0.1:56196
Begin MonoManager ReloadAssembly
Registering precompiled unity dll's ...
Register platform support module: C:/Program Files/Unity/Hub/Editor/2021.3.12f1/Editor/Data/PlaybackEngines/WindowsStandaloneSupport/UnityEditor.WindowsStandalone.Extensions.dll
Registered in 0.008792 seconds.
Native extension for WindowsStandalone target not found
Refreshing native plugins compatible for Editor in 140.16 ms, found 3 plugins.
Preloading 0 native plugins for Editor in 0.00 ms.
Mono: successfully reloaded assembly
- Completed reload, in  0.832 seconds
Domain Reload Profiling:
	ReloadAssembly (832ms)
		BeginReloadAssembly (95ms)
			ExecutionOrderSort (0ms)
			DisableScriptedObjects (0ms)
			BackupInstance (0ms)
			ReleaseScriptingObjects (0ms)
			CreateAndSetChildDomain (1ms)
		EndReloadAssembly (580ms)
			LoadAssemblies (91ms)
			RebuildTransferFunctionScriptingTraits (0ms)
			SetupTypeCache (141ms)
			ReleaseScriptCaches (0ms)
			RebuildScriptCaches (36ms)
			SetupLoadedEditorAssemblies (328ms)
				LogAssemblyErrors (0ms)
				InitializePlatformSupportModulesInManaged (10ms)
				SetLoadedEditorAssemblies (0ms)
				RefreshPlugins (140ms)
				BeforeProcessingInitializeOnLoad (1ms)
				ProcessInitializeOnLoadAttributes (131ms)
				ProcessInitializeOnLoadMethodAttributes (45ms)
				AfterProcessingInitializeOnLoad (0ms)
				EditorAssembliesLoaded (0ms)
			ExecutionOrderSort2 (0ms)
			AwakeInstancesAfterBackupRestoration (0ms)
Platform modules already initialized, skipping
Registering precompiled user dll's ...
Registered in 0.007644 seconds.
Begin MonoManager ReloadAssembly
Symbol file LoadedFromMemory doesn't match image C:\Users\idayr\OneDrive\Documentos\GitHub\farm\farm\Library\PackageCache\com.unity.visualscripting@1.7.8\Editor\VisualScripting.Core\Dependencies\DotNetZip\Unity.VisualScripting.IonicZip.dll
Symbol file LoadedFromMemory doesn't match image C:\Users\idayr\OneDrive\Documentos\GitHub\farm\farm\Library\PackageCache\com.unity.visualscripting@1.7.8\Editor\VisualScripting.Core\Dependencies\YamlDotNet\Unity.VisualScripting.YamlDotNet.dll
Native extension for WindowsStandalone target not found
Refreshing native plugins compatible for Editor in 1.90 ms, found 3 plugins.
Preloading 0 native plugins for Editor in 0.00 ms.
Package Manager log level set to [2]
Mono: successfully reloaded assembly
- Completed reload, in  1.227 seconds
Domain Reload Profiling:
	ReloadAssembly (1228ms)
		BeginReloadAssembly (108ms)
			ExecutionOrderSort (0ms)
			DisableScriptedObjects (6ms)
			BackupInstance (0ms)
			ReleaseScriptingObjects (0ms)
			CreateAndSetChildDomain (19ms)
		EndReloadAssembly (1006ms)
			LoadAssemblies (85ms)
			RebuildTransferFunctionScriptingTraits (0ms)
			SetupTypeCache (271ms)
			ReleaseScriptCaches (1ms)
			RebuildScriptCaches (58ms)
			SetupLoadedEditorAssemblies (544ms)
				LogAssemblyErrors (0ms)
				InitializePlatformSupportModulesInManaged (7ms)
				SetLoadedEditorAssemblies (1ms)
				RefreshPlugins (2ms)
				BeforeProcessingInitializeOnLoad (135ms)
				ProcessInitializeOnLoadAttributes (265ms)
				ProcessInitializeOnLoadMethodAttributes (125ms)
				AfterProcessingInitializeOnLoad (9ms)
				EditorAssembliesLoaded (0ms)
			ExecutionOrderSort2 (0ms)
			AwakeInstancesAfterBackupRestoration (6ms)
Platform modules already initialized, skipping
========================================================================
Worker process is ready to serve import requests
Launched and connected shader compiler UnityShaderCompiler.exe after 0.04 seconds
Refreshing native plugins compatible for Editor in 1.61 ms, found 3 plugins.
Preloading 0 native plugins for Editor in 0.00 ms.
Unloading 4119 Unused Serialized files (Serialized files now loaded: 0)
Unloading 68 unused Assets / (114.5 KB). Loaded Objects now: 4547.
Memory consumption went from 138.3 MB to 138.2 MB.
Total: 6.630200 ms (FindLiveObjects: 0.321400 ms CreateObjectMapping: 0.112100 ms MarkObjects: 6.073000 ms  DeleteObjects: 0.122200 ms)

AssetImportParameters requested are different than current active one (requested -> active):
  custom:video-decoder-ogg-theora: a1e56fd34408186e4bbccfd4996cb3dc -> 
  custom:container-muxer-webm: aa71ff27fc2769a1b78a27578f13a17b -> 
  custom:container-demuxer-webm: 4f35f7cbe854078d1ac9338744f61a02 -> 
  custom:video-encoder-webm-vp8: eb34c28f22e8b96e1ab97ce403110664 -> 
  custom:audio-encoder-webm-vorbis: bf7c407c2cedff20999df2af8eb42d56 -> 
  custom:framework-win-MediaFoundation: 216162199b28c13a410421893ffa2e32 -> 
  custom:container-demuxer-ogg: 62fdf1f143b41e24485cea50d1cbac27 -> 
  custom:video-decoder-webm-vp8: 9c59270c3fd7afecdb556c50c9e8de78 -> 
  custom:audio-decoder-ogg-vorbis: bf7c407c2cedff20999df2af8eb42d56 -> 
========================================================================
Received Import Request.
  Time since last request: 78601.593055 seconds.
  path: Assets/PolygonFarm/Prefabs/Generic/SM_Generic_Cloud_02.prefab
  artifactKey: Guid(cd32861b652d51d4c9d6a25309f9d8f3) Importer(815301076,1909f56bfc062723c751e8b465ee728b)
Start importing Assets/PolygonFarm/Prefabs/Generic/SM_Generic_Cloud_02.prefab using Guid(cd32861b652d51d4c9d6a25309f9d8f3) Importer(815301076,1909f56bfc062723c751e8b465ee728b)  -> (artifact id: '704bc35c00d4a13e994a04796628d8e9') in 0.173537 seconds 
========================================================================
Received Import Request.
  Time since last request: 0.000075 seconds.
  path: Assets/PolygonFarm/Prefabs/Generic/SM_Generic_Grass_Patch_01.prefab
  artifactKey: Guid(56cd170081ba60048994f8d31d86724b) Importer(815301076,1909f56bfc062723c751e8b465ee728b)
Start importing Assets/PolygonFarm/Prefabs/Generic/SM_Generic_Grass_Patch_01.prefab using Guid(56cd170081ba60048994f8d31d86724b) Importer(815301076,1909f56bfc062723c751e8b465ee728b)  -> (artifact id: 'c5448f779e8cd898047f166973da1369') in 0.037501 seconds 
========================================================================
Received Import Request.
  Time since last request: 0.000034 seconds.
  path: Assets/PolygonFarm/Prefabs/Generic/SM_Generic_Tree_01.prefab
  artifactKey: Guid(7a49ca0e5bf43fa45b5159d6d6265a09) Importer(815301076,1909f56bfc062723c751e8b465ee728b)
Start importing Assets/PolygonFarm/Prefabs/Generic/SM_Generic_Tree_01.prefab using Guid(7a49ca0e5bf43fa45b5159d6d6265a09) Importer(815301076,1909f56bfc062723c751e8b465ee728b)  -> (artifact id: 'f69d8461e8ee75aee4385839e8bc3863') in 0.024776 seconds 
========================================================================
Received Import Request.
  Time since last request: 0.000023 seconds.
  path: Assets/PolygonFarm/Prefabs/Generic/SM_Generic_Ground_Tile_01.prefab
  artifactKey: Guid(3a0695e531fc85f4fa3795eec1fef0bc) Importer(815301076,1909f56bfc062723c751e8b465ee728b)
Start importing Assets/PolygonFarm/Prefabs/Generic/SM_Generic_Ground_Tile_01.prefab using Guid(3a0695e531fc85f4fa3795eec1fef0bc) Importer(815301076,1909f56bfc062723c751e8b465ee728b)  -> (artifact id: '1f237e6ac20bfef62747d0ea78074a8d') in 0.019760 seconds 
========================================================================
Received Import Request.
  Time since last request: 0.000030 seconds.
  path: Assets/PolygonFarm/Prefabs/Generic/SM_Generic_Mountains_Grass_01.prefab
  artifactKey: Guid(33ab5149d67e8c3498714d3b695ba28b) Importer(815301076,1909f56bfc062723c751e8b465ee728b)
Start importing Assets/PolygonFarm/Prefabs/Generic/SM_Generic_Mountains_Grass_01.prefab using Guid(33ab5149d67e8c3498714d3b695ba28b) Importer(815301076,1909f56bfc062723c751e8b465ee728b)  -> (artifact id: 'e5bff9a254871e620b6960194d8b207f') in 0.022905 seconds 
========================================================================
Received Import Request.
  Time since last request: 0.000031 seconds.
  path: Assets/PolygonFarm/Prefabs/Generic/SM_Generic_Small_Rocks_02.prefab
  artifactKey: Guid(9a9d46596a5b6864b80f3fa8596a141f) Importer(815301076,1909f56bfc062723c751e8b465ee728b)
Start importing Assets/PolygonFarm/Prefabs/Generic/SM_Generic_Small_Rocks_02.prefab using Guid(9a9d46596a5b6864b80f3fa8596a141f) Importer(815301076,1909f56bfc062723c751e8b465ee728b)  -> (artifact id: 'ec9272420b8eb787b1f6f84f26bb037d') in 0.023378 seconds 
========================================================================
Received Import Request.
  Time since last request: 0.000026 seconds.
  path: Assets/PolygonFarm/Prefabs/Generic/SM_Generic_Ground_01.prefab
  artifactKey: Guid(b0fcc14b6f7a2b94394dc718c2b8d094) Importer(815301076,1909f56bfc062723c751e8b465ee728b)
Start importing Assets/PolygonFarm/Prefabs/Generic/SM_Generic_Ground_01.prefab using Guid(b0fcc14b6f7a2b94394dc718c2b8d094) Importer(815301076,1909f56bfc062723c751e8b465ee728b)  -> (artifact id: 'a852d96b71c5cfb5a5f6119ecf67288b') in 0.021497 seconds 
========================================================================
Received Import Request.
  Time since last request: 0.000029 seconds.
  path: Assets/PolygonFarm/Prefabs/Generic/SM_Generic_Ocean_Tile_Flat_01.prefab
  artifactKey: Guid(5cbd5cdc2d2636d4d8aba89f256a10c2) Importer(815301076,1909f56bfc062723c751e8b465ee728b)
Start importing Assets/PolygonFarm/Prefabs/Generic/SM_Generic_Ocean_Tile_Flat_01.prefab using Guid(5cbd5cdc2d2636d4d8aba89f256a10c2) Importer(815301076,1909f56bfc062723c751e8b465ee728b)  -> (artifact id: '9f98f36759d3ec0e0e2a58311d6d7f5d') in 0.020581 seconds 
========================================================================
Received Import Request.
  Time since last request: 0.000080 seconds.
  path: Assets/PolygonFarm/Prefabs/Generic/SM_Generic_Tree_Patch_01.prefab
  artifactKey: Guid(94dac7c4e5d8a7e44b2c93a46b8eff6d) Importer(815301076,1909f56bfc062723c751e8b465ee728b)
Start importing Assets/PolygonFarm/Prefabs/Generic/SM_Generic_Tree_Patch_01.prefab using Guid(94dac7c4e5d8a7e44b2c93a46b8eff6d) Importer(815301076,1909f56bfc062723c751e8b465ee728b)  -> (artifact id: 'bcf2a9e6d1f94735c90608b5490f7cdd') in 0.021828 seconds 
========================================================================
Received Import Request.
  Time since last request: 0.000032 seconds.
  path: Assets/PolygonFarm/Prefabs/Generic/SM_Generic_Grass_Patch_03.prefab
  artifactKey: Guid(7ea6c767c13a093489de65e27dfd7aca) Importer(815301076,1909f56bfc062723c751e8b465ee728b)
Start importing Assets/PolygonFarm/Prefabs/Generic/SM_Generic_Grass_Patch_03.prefab using Guid(7ea6c767c13a093489de65e27dfd7aca) Importer(815301076,1909f56bfc062723c751e8b465ee728b)  -> (artifact id: 'a1a2080a7d1c77d53e225224e0dca9a7') in 0.018975 seconds 
========================================================================
Received Import Request.
  Time since last request: 620.341377 seconds.
  path: Assets/PolygonFarm/Prefabs/FX/FX_Dust_Wind_01.prefab
  artifactKey: Guid(a4aa62b80441097409b1b568b8ff5f6b) Importer(815301076,1909f56bfc062723c751e8b465ee728b)
Start importing Assets/PolygonFarm/Prefabs/FX/FX_Dust_Wind_01.prefab using Guid(a4aa62b80441097409b1b568b8ff5f6b) Importer(815301076,1909f56bfc062723c751e8b465ee728b)  -> (artifact id: '03a39aa31dec0b4815a65231991bb762') in 0.043069 seconds 
========================================================================
Received Import Request.
  Time since last request: 0.000047 seconds.
  path: Assets/PolygonFarm/Prefabs/FX/FX_Rain.prefab
  artifactKey: Guid(44b2d3a52e392d44382e3b13747093f2) Importer(815301076,1909f56bfc062723c751e8b465ee728b)
Start importing Assets/PolygonFarm/Prefabs/FX/FX_Rain.prefab using Guid(44b2d3a52e392d44382e3b13747093f2) Importer(815301076,1909f56bfc062723c751e8b465ee728b)  -> (artifact id: 'aa2969872c93171ab2979612d127ae54') in 0.016012 seconds 
========================================================================
Received Import Request.
  Time since last request: 0.000039 seconds.
  path: Assets/PolygonFarm/Prefabs/FX/FX_Wheat_Collection_01.prefab
  artifactKey: Guid(e87d3db205908984bbeb980f5090f0d1) Importer(815301076,1909f56bfc062723c751e8b465ee728b)
Start importing Assets/PolygonFarm/Prefabs/FX/FX_Wheat_Collection_01.prefab using Guid(e87d3db205908984bbeb980f5090f0d1) Importer(815301076,1909f56bfc062723c751e8b465ee728b)  -> (artifact id: 'fe62db5912118b746a4d56dc06b3e491') in 0.051872 seconds 
========================================================================
Received Import Request.
  Time since last request: 0.000022 seconds.
  path: Assets/PolygonFarm/Prefabs/FX/FX_Fire_02.prefab
  artifactKey: Guid(d80749e682e1b2347ad32a1189b66577) Importer(815301076,1909f56bfc062723c751e8b465ee728b)
Start importing Assets/PolygonFarm/Prefabs/FX/FX_Fire_02.prefab using Guid(d80749e682e1b2347ad32a1189b66577) Importer(815301076,1909f56bfc062723c751e8b465ee728b)  -> (artifact id: '6fe57f86f7fecc215a78f75a02630f25') in 0.015012 seconds 
========================================================================
Received Import Request.
  Time since last request: 0.000030 seconds.
  path: Assets/PolygonFarm/Prefabs/FX/FX_Sprinkler_Large_01.prefab
  artifactKey: Guid(10093e699a3b3d445a357541cc62bc14) Importer(815301076,1909f56bfc062723c751e8b465ee728b)
Start importing Assets/PolygonFarm/Prefabs/FX/FX_Sprinkler_Large_01.prefab using Guid(10093e699a3b3d445a357541cc62bc14) Importer(815301076,1909f56bfc062723c751e8b465ee728b)  -> (artifact id: '57265cd9281990d1d34324794f72774c') in 0.016115 seconds 
========================================================================
Received Import Request.
  Time since last request: 2.888789 seconds.
  path: Assets/PolygonFarm/Prefabs/Environments/SM_Env_Dirt_01.prefab
  artifactKey: Guid(d7fd0f034fb608643a24ead27702c3a3) Importer(815301076,1909f56bfc062723c751e8b465ee728b)
Start importing Assets/PolygonFarm/Prefabs/Environments/SM_Env_Dirt_01.prefab using Guid(d7fd0f034fb608643a24ead27702c3a3) Importer(815301076,1909f56bfc062723c751e8b465ee728b)  -> (artifact id: 'bcb8811136b6a5b2bfd4ed93a5a54688') in 0.022366 seconds 
========================================================================
Received Import Request.
  Time since last request: 0.000022 seconds.
  path: Assets/PolygonFarm/Prefabs/Environments/SM_Env_Road_Pebbles_02.prefab
  artifactKey: Guid(da0c23b9c7b2dd74c87c14176f98ed17) Importer(815301076,1909f56bfc062723c751e8b465ee728b)
Start importing Assets/PolygonFarm/Prefabs/Environments/SM_Env_Road_Pebbles_02.prefab using Guid(da0c23b9c7b2dd74c87c14176f98ed17) Importer(815301076,1909f56bfc062723c751e8b465ee728b)  -> (artifact id: 'f8de42244e37ed208e3754d72962a4ba') in 0.016267 seconds 
========================================================================
Received Import Request.
  Time since last request: 0.000032 seconds.
  path: Assets/PolygonFarm/Prefabs/Environments/SM_Env_Tree_Cherry_Grown_01.prefab
  artifactKey: Guid(2e992b7db39a4f542a0e1ad222200c67) Importer(815301076,1909f56bfc062723c751e8b465ee728b)
Start importing Assets/PolygonFarm/Prefabs/Environments/SM_Env_Tree_Cherry_Grown_01.prefab using Guid(2e992b7db39a4f542a0e1ad222200c67) Importer(815301076,1909f56bfc062723c751e8b465ee728b)  -> (artifact id: '6503acfd54439e46fb8bc7fab83579c6') in 0.023294 seconds 
========================================================================
Received Import Request.
  Time since last request: 0.000024 seconds.
  path: Assets/PolygonFarm/Prefabs/Environments/SM_Env_Road_Dirt_End_01.prefab
  artifactKey: Guid(b82d8fd9637b1d442929ed23d378d368) Importer(815301076,1909f56bfc062723c751e8b465ee728b)
Start importing Assets/PolygonFarm/Prefabs/Environments/SM_Env_Road_Dirt_End_01.prefab using Guid(b82d8fd9637b1d442929ed23d378d368) Importer(815301076,1909f56bfc062723c751e8b465ee728b)  -> (artifact id: 'c4503dee3ed6298bd253195dcf0caeb3') in 0.022776 seconds 
========================================================================
Received Import Request.
  Time since last request: 0.000027 seconds.
  path: Assets/PolygonFarm/Prefabs/Environments/SM_Env_Tree_Apple_01.prefab
  artifactKey: Guid(91169ee23d4147340bba9836e7c51716) Importer(815301076,1909f56bfc062723c751e8b465ee728b)
Start importing Assets/PolygonFarm/Prefabs/Environments/SM_Env_Tree_Apple_01.prefab using Guid(91169ee23d4147340bba9836e7c51716) Importer(815301076,1909f56bfc062723c751e8b465ee728b)  -> (artifact id: 'e8eb1f2b03a59844a00e83af39bfe128') in 0.026260 seconds 
========================================================================
Received Import Request.
  Time since last request: 0.000073 seconds.
  path: Assets/PolygonFarm/Prefabs/Environments/SM_Env_Road_Gravel_Corner_02.prefab
  artifactKey: Guid(6d4f602eace4c2d40a30b3a70f024fdf) Importer(815301076,1909f56bfc062723c751e8b465ee728b)
Start importing Assets/PolygonFarm/Prefabs/Environments/SM_Env_Road_Gravel_Corner_02.prefab using Guid(6d4f602eace4c2d40a30b3a70f024fdf) Importer(815301076,1909f56bfc062723c751e8b465ee728b)  -> (artifact id: '1a8bb9bfb9be16eb72706f24650faa1b') in 0.020329 seconds 
========================================================================
Received Import Request.
  Time since last request: 0.000031 seconds.
  path: Assets/PolygonFarm/Prefabs/Environments/SM_Env_Dirt_Rows_Center_01.prefab
  artifactKey: Guid(a047ed049826c25489b573d3fd23d2a6) Importer(815301076,1909f56bfc062723c751e8b465ee728b)
Start importing Assets/PolygonFarm/Prefabs/Environments/SM_Env_Dirt_Rows_Center_01.prefab using Guid(a047ed049826c25489b573d3fd23d2a6) Importer(815301076,1909f56bfc062723c751e8b465ee728b)  -> (artifact id: 'b9a72b505ce49dba25d88f5d0b162af3') in 0.020364 seconds 
========================================================================
Received Import Request.
  Time since last request: 0.000027 seconds.
  path: Assets/PolygonFarm/Prefabs/Environments/SM_Env_Flowers_01.prefab
  artifactKey: Guid(cbc26ab00608e0b4abb448fcb98010e2) Importer(815301076,1909f56bfc062723c751e8b465ee728b)
Start importing Assets/PolygonFarm/Prefabs/Environments/SM_Env_Flowers_01.prefab using Guid(cbc26ab00608e0b4abb448fcb98010e2) Importer(815301076,1909f56bfc062723c751e8b465ee728b)  -> (artifact id: '979c6efe79ff21a86ed4dfc5e3731664') in 0.019494 seconds 
========================================================================
Received Import Request.
  Time since last request: 0.000027 seconds.
  path: Assets/PolygonFarm/Prefabs/Environments/SM_Env_Dirt_Rows_01.prefab
  artifactKey: Guid(c738b62174ab09f4eb2d7b486398a6ed) Importer(815301076,1909f56bfc062723c751e8b465ee728b)
Start importing Assets/PolygonFarm/Prefabs/Environments/SM_Env_Dirt_Rows_01.prefab using Guid(c738b62174ab09f4eb2d7b486398a6ed) Importer(815301076,1909f56bfc062723c751e8b465ee728b)  -> (artifact id: '6bfbc4781555c22ba549380bae12138a') in 0.020599 seconds 
========================================================================
Received Import Request.
  Time since last request: 0.000025 seconds.
  path: Assets/PolygonFarm/Prefabs/Environments/SM_Env_Road_Gravel_End_02.prefab
  artifactKey: Guid(37d60c10099afb44a8a73db408836055) Importer(815301076,1909f56bfc062723c751e8b465ee728b)
Start importing Assets/PolygonFarm/Prefabs/Environments/SM_Env_Road_Gravel_End_02.prefab using Guid(37d60c10099afb44a8a73db408836055) Importer(815301076,1909f56bfc062723c751e8b465ee728b)  -> (artifact id: '472b005819df8823d831f145b1447594') in 0.016994 seconds 
========================================================================
Received Import Request.
  Time since last request: 0.000024 seconds.
  path: Assets/PolygonFarm/Prefabs/Environments/SM_Env_Dirt_Rows_End_Top_01.prefab
  artifactKey: Guid(25bc28dd73a2b0045923f7627d7c9638) Importer(815301076,1909f56bfc062723c751e8b465ee728b)
Start importing Assets/PolygonFarm/Prefabs/Environments/SM_Env_Dirt_Rows_End_Top_01.prefab using Guid(25bc28dd73a2b0045923f7627d7c9638) Importer(815301076,1909f56bfc062723c751e8b465ee728b)  -> (artifact id: '4db3b6772d0d9ef4711f735fa0f968e5') in 0.017964 seconds 
========================================================================
Received Import Request.
  Time since last request: 0.000021 seconds.
  path: Assets/PolygonFarm/Prefabs/Environments/SM_Env_Flowers_02.prefab
  artifactKey: Guid(1a8968c1f86914f4f9337b986e0623fa) Importer(815301076,1909f56bfc062723c751e8b465ee728b)
Start importing Assets/PolygonFarm/Prefabs/Environments/SM_Env_Flowers_02.prefab using Guid(1a8968c1f86914f4f9337b986e0623fa) Importer(815301076,1909f56bfc062723c751e8b465ee728b)  -> (artifact id: 'c421a26da71cc241c3ffcbb1ecf9b9a5') in 0.017516 seconds 
========================================================================
Received Import Request.
  Time since last request: 0.001008 seconds.
  path: Assets/PolygonFarm/Prefabs/Environments/SM_Env_Road_Gravel_Corner_01.prefab
  artifactKey: Guid(2a3562d1a8b878547b5b35a9389e55a4) Importer(815301076,1909f56bfc062723c751e8b465ee728b)
Start importing Assets/PolygonFarm/Prefabs/Environments/SM_Env_Road_Gravel_Corner_01.prefab using Guid(2a3562d1a8b878547b5b35a9389e55a4) Importer(815301076,1909f56bfc062723c751e8b465ee728b)  -> (artifact id: '9a09c6284f91aa422a255bad9d8882a9') in 0.020309 seconds 
========================================================================
Received Import Request.
  Time since last request: 0.000024 seconds.
  path: Assets/PolygonFarm/Prefabs/Environments/SM_Env_Road_Dirt_End_02.prefab
  artifactKey: Guid(abc35942d7873e74696fd81f76d012f4) Importer(815301076,1909f56bfc062723c751e8b465ee728b)
Start importing Assets/PolygonFarm/Prefabs/Environments/SM_Env_Road_Dirt_End_02.prefab using Guid(abc35942d7873e74696fd81f76d012f4) Importer(815301076,1909f56bfc062723c751e8b465ee728b)  -> (artifact id: 'c908a4e0852d22225429d3aec5936730') in 0.019661 seconds 
========================================================================
Received Import Request.
  Time since last request: 0.000024 seconds.
  path: Assets/PolygonFarm/Prefabs/Environments/SM_Env_Road_Gravel_Swerve_02.prefab
  artifactKey: Guid(6c01316404598bd478278f658dc8c1b8) Importer(815301076,1909f56bfc062723c751e8b465ee728b)
Start importing Assets/PolygonFarm/Prefabs/Environments/SM_Env_Road_Gravel_Swerve_02.prefab using Guid(6c01316404598bd478278f658dc8c1b8) Importer(815301076,1909f56bfc062723c751e8b465ee728b)  -> (artifact id: 'a4996a9e9891b3558a2e6dbef06c5251') in 0.022515 seconds 
========================================================================
Received Import Request.
  Time since last request: 0.000047 seconds.
  path: Assets/PolygonFarm/Prefabs/Environments/SM_Env_Lillypads_02.prefab
  artifactKey: Guid(19f2b1b83de48fc40a2fc7161b9c859e) Importer(815301076,1909f56bfc062723c751e8b465ee728b)
Start importing Assets/PolygonFarm/Prefabs/Environments/SM_Env_Lillypads_02.prefab using Guid(19f2b1b83de48fc40a2fc7161b9c859e) Importer(815301076,1909f56bfc062723c751e8b465ee728b)  -> (artifact id: 'e37a694f2c33502f83562fdf2959bf76') in 0.018569 seconds 
========================================================================
Received Import Request.
  Time since last request: 0.000027 seconds.
  path: Assets/PolygonFarm/Prefabs/Environments/SM_Env_Reeds_03.prefab
  artifactKey: Guid(4333369e02419114a88beb9339228332) Importer(815301076,1909f56bfc062723c751e8b465ee728b)
Start importing Assets/PolygonFarm/Prefabs/Environments/SM_Env_Reeds_03.prefab using Guid(4333369e02419114a88beb9339228332) Importer(815301076,1909f56bfc062723c751e8b465ee728b)  -> (artifact id: '844556e93bf95f911747589cde295454') in 0.019302 seconds 
========================================================================
Received Import Request.
  Time since last request: 0.000022 seconds.
  path: Assets/PolygonFarm/Prefabs/Environments/SM_Env_Road_Dirt_T_Section_01.prefab
  artifactKey: Guid(684f7c3ce43f90c42bc80935edfdcb6e) Importer(815301076,1909f56bfc062723c751e8b465ee728b)
Start importing Assets/PolygonFarm/Prefabs/Environments/SM_Env_Road_Dirt_T_Section_01.prefab using Guid(684f7c3ce43f90c42bc80935edfdcb6e) Importer(815301076,1909f56bfc062723c751e8b465ee728b)  -> (artifact id: '82a98d737cce5265d9b805fd99c166a4') in 0.018330 seconds 
========================================================================
Received Import Request.
  Time since last request: 0.000023 seconds.
  path: Assets/PolygonFarm/Prefabs/Environments/SM_Env_Tree_Plum_01.prefab
  artifactKey: Guid(33c7ef22276c69f4693a6f0fa2810aa9) Importer(815301076,1909f56bfc062723c751e8b465ee728b)
Start importing Assets/PolygonFarm/Prefabs/Environments/SM_Env_Tree_Plum_01.prefab using Guid(33c7ef22276c69f4693a6f0fa2810aa9) Importer(815301076,1909f56bfc062723c751e8b465ee728b)  -> (artifact id: '97c0687f475a84f69e1fa3ad175a0af4') in 0.020026 seconds 
========================================================================
Received Import Request.
  Time since last request: 0.000021 seconds.
  path: Assets/PolygonFarm/Prefabs/Environments/SM_Env_Vege_Rows_01.prefab
  artifactKey: Guid(f1d92f6821039a348b0b295e7a96c45d) Importer(815301076,1909f56bfc062723c751e8b465ee728b)
Start importing Assets/PolygonFarm/Prefabs/Environments/SM_Env_Vege_Rows_01.prefab using Guid(f1d92f6821039a348b0b295e7a96c45d) Importer(815301076,1909f56bfc062723c751e8b465ee728b)  -> (artifact id: 'b5c7bd05eaa94b8ab90f0b085698c1d5') in 0.023140 seconds 
========================================================================
Received Import Request.
  Time since last request: 0.000030 seconds.
  path: Assets/PolygonFarm/Prefabs/Environments/SM_Env_Tree_Apricot_Grown_01.prefab
  artifactKey: Guid(3f906b96f01718f4aac8de5eda9888d0) Importer(815301076,1909f56bfc062723c751e8b465ee728b)
Start importing Assets/PolygonFarm/Prefabs/Environments/SM_Env_Tree_Apricot_Grown_01.prefab using Guid(3f906b96f01718f4aac8de5eda9888d0) Importer(815301076,1909f56bfc062723c751e8b465ee728b)  -> (artifact id: 'e44fd8a77aea7649a4c93655b0e3f04f') in 0.023229 seconds 
========================================================================
Received Import Request.
  Time since last request: 0.000027 seconds.
  path: Assets/PolygonFarm/Prefabs/Environments/SM_Env_Tree_Stump_03.prefab
  artifactKey: Guid(f3497c2d5d40e9a49ab32a4db51b95a2) Importer(815301076,1909f56bfc062723c751e8b465ee728b)
Start importing Assets/PolygonFarm/Prefabs/Environments/SM_Env_Tree_Stump_03.prefab using Guid(f3497c2d5d40e9a49ab32a4db51b95a2) Importer(815301076,1909f56bfc062723c751e8b465ee728b)  -> (artifact id: 'dfdc8b6cadd11599ad840b0c67dd556e') in 0.020409 seconds 
========================================================================
Received Import Request.
  Time since last request: 0.000025 seconds.
  path: Assets/PolygonFarm/Prefabs/Environments/SM_Env_Tree_Plum_Grown_01.prefab
  artifactKey: Guid(630338913b6d039448f2a32c95f5094c) Importer(815301076,1909f56bfc062723c751e8b465ee728b)
Start importing Assets/PolygonFarm/Prefabs/Environments/SM_Env_Tree_Plum_Grown_01.prefab using Guid(630338913b6d039448f2a32c95f5094c) Importer(815301076,1909f56bfc062723c751e8b465ee728b)  -> (artifact id: 'f3c7c361883806252a25a06c15d3edf1') in 0.023560 seconds 
========================================================================
Received Import Request.
  Time since last request: 0.000057 seconds.
  path: Assets/PolygonFarm/Prefabs/Environments/SM_Env_Tree_Pear_Grown_01.prefab
  artifactKey: Guid(225a40219daad294990d34508e2bf7e1) Importer(815301076,1909f56bfc062723c751e8b465ee728b)
Start importing Assets/PolygonFarm/Prefabs/Environments/SM_Env_Tree_Pear_Grown_01.prefab using Guid(225a40219daad294990d34508e2bf7e1) Importer(815301076,1909f56bfc062723c751e8b465ee728b)  -> (artifact id: '02626aab57f8d0103c10abc773469b9f') in 0.021392 seconds 
========================================================================
Received Import Request.
  Time since last request: 0.000041 seconds.
  path: Assets/PolygonFarm/Prefabs/Environments/SM_Env_Road_Gravel_T_Section_01.prefab
  artifactKey: Guid(1ca2940b901ea2740981e6fde6694afa) Importer(815301076,1909f56bfc062723c751e8b465ee728b)
Start importing Assets/PolygonFarm/Prefabs/Environments/SM_Env_Road_Gravel_T_Section_01.prefab using Guid(1ca2940b901ea2740981e6fde6694afa) Importer(815301076,1909f56bfc062723c751e8b465ee728b)  -> (artifact id: '675bd2e1b89061c9fa787f52b7c8b0ee') in 0.019995 seconds 
========================================================================
Received Import Request.
  Time since last request: 0.000030 seconds.
  path: Assets/PolygonFarm/Prefabs/Environments/SM_Env_Pond_01.prefab
  artifactKey: Guid(548bedb53320de946a3d6ca14d0295ee) Importer(815301076,1909f56bfc062723c751e8b465ee728b)
Start importing Assets/PolygonFarm/Prefabs/Environments/SM_Env_Pond_01.prefab using Guid(548bedb53320de946a3d6ca14d0295ee) Importer(815301076,1909f56bfc062723c751e8b465ee728b)  -> (artifact id: '85b0998920a63cf3f5e0c545029ae90f') in 0.282562 seconds 
========================================================================
Received Import Request.
  Time since last request: 0.000034 seconds.
  path: Assets/PolygonFarm/Prefabs/Environments/SM_Env_PuddlePlane_01.prefab
  artifactKey: Guid(b5ec6b9da4e1c634ab806dc2ee59d2fb) Importer(815301076,1909f56bfc062723c751e8b465ee728b)
Start importing Assets/PolygonFarm/Prefabs/Environments/SM_Env_PuddlePlane_01.prefab using Guid(b5ec6b9da4e1c634ab806dc2ee59d2fb) Importer(815301076,1909f56bfc062723c751e8b465ee728b)  -> (artifact id: '42b856ebb4b954b27e30672aff3b01e3') in 0.021331 seconds 
Editor requested this worker to shutdown with reason: Scaling down because of idle timeout
AssetImportWorker is now disconnected from the server
Process exiting
Exiting without the bug reporter. Application will terminate with return code 0