Using pre-set license
Built from '2021.3/release' branch; Version is '2021.3.12f1 (8af3c3e441b1) revision 9106371'; Using compiler version '192829333'; Build Type 'Release'
OS: 'Windows 10  (10.0.19044) 64bit Professional' Language: 'es' Physical Memory: 16321 MB
BatchMode: 1, IsHumanControllingUs: 0, StartBugReporterOnCrash: 0, Is64bit: 1, IsPro: 1

COMMAND LINE ARGUMENTS:
C:\Program Files\Unity\Hub\Editor\2021.3.12f1\Editor\Unity.exe
-adb2
-batchMode
-noUpm
-name
AssetImportWorker4
-projectPath
C:/Users/Alumnado 3D/Desktop/3d/Repository/farm/farm
-logFile
Logs/AssetImportWorker4.log
-srvPort
64304
Successfully changed project path to: C:/Users/Alumnado 3D/Desktop/3d/Repository/farm/farm
C:/Users/Alumnado 3D/Desktop/3d/Repository/farm/farm
[UnityMemory] Configuration Parameters - Can be set up in boot.config
    "memorysetup-bucket-allocator-granularity=16"
    "memorysetup-bucket-allocator-bucket-count=8"
    "memorysetup-bucket-allocator-block-size=33554432"
    "memorysetup-bucket-allocator-block-count=8"
    "memorysetup-main-allocator-block-size=16777216"
    "memorysetup-thread-allocator-block-size=16777216"
    "memorysetup-gfx-main-allocator-block-size=16777216"
    "memorysetup-gfx-thread-allocator-block-size=16777216"
    "memorysetup-cache-allocator-block-size=4194304"
    "memorysetup-typetree-allocator-block-size=2097152"
    "memorysetup-profiler-bucket-allocator-granularity=16"
    "memorysetup-profiler-bucket-allocator-bucket-count=8"
    "memorysetup-profiler-bucket-allocator-block-size=33554432"
    "memorysetup-profiler-bucket-allocator-block-count=8"
    "memorysetup-profiler-allocator-block-size=16777216"
    "memorysetup-profiler-editor-allocator-block-size=1048576"
    "memorysetup-temp-allocator-size-main=16777216"
    "memorysetup-job-temp-allocator-block-size=2097152"
    "memorysetup-job-temp-allocator-block-size-background=1048576"
    "memorysetup-job-temp-allocator-reduction-small-platforms=262144"
    "memorysetup-temp-allocator-size-background-worker=32768"
    "memorysetup-temp-allocator-size-job-worker=262144"
    "memorysetup-temp-allocator-size-preload-manager=33554432"
    "memorysetup-temp-allocator-size-nav-mesh-worker=65536"
    "memorysetup-temp-allocator-size-audio-worker=65536"
    "memorysetup-temp-allocator-size-cloud-worker=32768"
    "memorysetup-temp-allocator-size-gi-baking-worker=262144"
    "memorysetup-temp-allocator-size-gfx=262144"
Refreshing native plugins compatible for Editor in 377.20 ms, found 3 plugins.
Preloading 0 native plugins for Editor in 0.00 ms.
Initialize engine version: 2021.3.12f1 (8af3c3e441b1)
[Subsystems] Discovering subsystems at path C:/Program Files/Unity/Hub/Editor/2021.3.12f1/Editor/Data/Resources/UnitySubsystems
[Subsystems] Discovering subsystems at path C:/Users/Alumnado 3D/Desktop/3d/Repository/farm/farm/Assets
GfxDevice: creating device client; threaded=0; jobified=0
Direct3D:
    Version:  Direct3D 11.0 [level 11.0]
    Renderer: NVIDIA GeForce GT 730 (ID=0x1287)
    Vendor:   NVIDIA
    VRAM:     4052 MB
    Driver:   27.21.14.5671
Initialize mono
Mono path[0] = 'C:/Program Files/Unity/Hub/Editor/2021.3.12f1/Editor/Data/Managed'
Mono path[1] = 'C:/Program Files/Unity/Hub/Editor/2021.3.12f1/Editor/Data/MonoBleedingEdge/lib/mono/unityjit-win32'
Mono config path = 'C:/Program Files/Unity/Hub/Editor/2021.3.12f1/Editor/Data/MonoBleedingEdge/etc'
Using monoOptions --debugger-agent=transport=dt_socket,embedding=1,server=y,suspend=n,address=127.0.0.1:56304
Begin MonoManager ReloadAssembly
Registering precompiled unity dll's ...
Register platform support module: C:/Program Files/Unity/Hub/Editor/2021.3.12f1/Editor/Data/PlaybackEngines/AndroidPlayer/UnityEditor.Android.Extensions.dll
Register platform support module: C:/Program Files/Unity/Hub/Editor/2021.3.12f1/Editor/Data/PlaybackEngines/WindowsStandaloneSupport/UnityEditor.WindowsStandalone.Extensions.dll
Registered in 0.011985 seconds.
Native extension for WindowsStandalone target not found
Native extension for Android target not found
Refreshing native plugins compatible for Editor in 134.83 ms, found 3 plugins.
Preloading 0 native plugins for Editor in 0.00 ms.
Mono: successfully reloaded assembly
- Completed reload, in  0.833 seconds
Domain Reload Profiling:
	ReloadAssembly (834ms)
		BeginReloadAssembly (93ms)
			ExecutionOrderSort (0ms)
			DisableScriptedObjects (0ms)
			BackupInstance (0ms)
			ReleaseScriptingObjects (0ms)
			CreateAndSetChildDomain (1ms)
		EndReloadAssembly (584ms)
			LoadAssemblies (90ms)
			RebuildTransferFunctionScriptingTraits (0ms)
			SetupTypeCache (123ms)
			ReleaseScriptCaches (0ms)
			RebuildScriptCaches (32ms)
			SetupLoadedEditorAssemblies (368ms)
				LogAssemblyErrors (0ms)
				InitializePlatformSupportModulesInManaged (71ms)
				SetLoadedEditorAssemblies (0ms)
				RefreshPlugins (135ms)
				BeforeProcessingInitializeOnLoad (1ms)
				ProcessInitializeOnLoadAttributes (110ms)
				ProcessInitializeOnLoadMethodAttributes (51ms)
				AfterProcessingInitializeOnLoad (0ms)
				EditorAssembliesLoaded (0ms)
			ExecutionOrderSort2 (0ms)
			AwakeInstancesAfterBackupRestoration (0ms)
Platform modules already initialized, skipping
Registering precompiled user dll's ...
Registered in 0.009589 seconds.
Begin MonoManager ReloadAssembly
Symbol file LoadedFromMemory doesn't match image C:\Users\Alumnado 3D\Desktop\3d\Repository\farm\farm\Library\PackageCache\com.unity.visualscripting@1.7.8\Editor\VisualScripting.Core\Dependencies\DotNetZip\Unity.VisualScripting.IonicZip.dll
Symbol file LoadedFromMemory doesn't match image C:\Users\Alumnado 3D\Desktop\3d\Repository\farm\farm\Library\PackageCache\com.unity.visualscripting@1.7.8\Editor\VisualScripting.Core\Dependencies\YamlDotNet\Unity.VisualScripting.YamlDotNet.dll
Native extension for WindowsStandalone target not found
Native extension for Android target not found
Refreshing native plugins compatible for Editor in 1.07 ms, found 3 plugins.
Preloading 0 native plugins for Editor in 0.00 ms.
Package Manager log level set to [2]
Mono: successfully reloaded assembly
- Completed reload, in  1.604 seconds
Domain Reload Profiling:
	ReloadAssembly (1604ms)
		BeginReloadAssembly (290ms)
			ExecutionOrderSort (0ms)
			DisableScriptedObjects (7ms)
			BackupInstance (0ms)
			ReleaseScriptingObjects (0ms)
			CreateAndSetChildDomain (173ms)
		EndReloadAssembly (1182ms)
			LoadAssemblies (113ms)
			RebuildTransferFunctionScriptingTraits (0ms)
			SetupTypeCache (312ms)
			ReleaseScriptCaches (1ms)
			RebuildScriptCaches (62ms)
			SetupLoadedEditorAssemblies (655ms)
				LogAssemblyErrors (0ms)
				InitializePlatformSupportModulesInManaged (17ms)
				SetLoadedEditorAssemblies (1ms)
				RefreshPlugins (1ms)
				BeforeProcessingInitializeOnLoad (133ms)
				ProcessInitializeOnLoadAttributes (317ms)
				ProcessInitializeOnLoadMethodAttributes (175ms)
				AfterProcessingInitializeOnLoad (12ms)
				EditorAssembliesLoaded (0ms)
			ExecutionOrderSort2 (0ms)
			AwakeInstancesAfterBackupRestoration (8ms)
Platform modules already initialized, skipping
========================================================================
Worker process is ready to serve import requests
Launched and connected shader compiler UnityShaderCompiler.exe after 0.04 seconds
Refreshing native plugins compatible for Editor in 0.98 ms, found 3 plugins.
Preloading 0 native plugins for Editor in 0.00 ms.
Unloading 4119 Unused Serialized files (Serialized files now loaded: 0)
Unloading 68 unused Assets / (114.4 KB). Loaded Objects now: 4549.
Memory consumption went from 138.3 MB to 138.2 MB.
Total: 6.914800 ms (FindLiveObjects: 0.333300 ms CreateObjectMapping: 0.282800 ms MarkObjects: 6.160900 ms  DeleteObjects: 0.136600 ms)

AssetImportParameters requested are different than current active one (requested -> active):
  custom:video-decoder-ogg-theora: a1e56fd34408186e4bbccfd4996cb3dc -> 
  custom:container-muxer-webm: aa71ff27fc2769a1b78a27578f13a17b -> 
  custom:container-demuxer-webm: 4f35f7cbe854078d1ac9338744f61a02 -> 
  custom:video-encoder-webm-vp8: eb34c28f22e8b96e1ab97ce403110664 -> 
  custom:audio-encoder-webm-vorbis: bf7c407c2cedff20999df2af8eb42d56 -> 
  custom:framework-win-MediaFoundation: 216162199b28c13a410421893ffa2e32 -> 
  custom:container-demuxer-ogg: 62fdf1f143b41e24485cea50d1cbac27 -> 
  custom:video-decoder-webm-vp8: 9c59270c3fd7afecdb556c50c9e8de78 -> 
  custom:audio-decoder-ogg-vorbis: bf7c407c2cedff20999df2af8eb42d56 -> 
========================================================================
Received Import Request.
  Time since last request: 5476.517049 seconds.
  path: Assets/PolygonFarm/Prefabs/Buildings/SM_Bld_Barn_01.prefab
  artifactKey: Guid(1135f5bcd489da04cb5f4fcb4355006b) Importer(815301076,1909f56bfc062723c751e8b465ee728b)
Start importing Assets/PolygonFarm/Prefabs/Buildings/SM_Bld_Barn_01.prefab using Guid(1135f5bcd489da04cb5f4fcb4355006b) Importer(815301076,1909f56bfc062723c751e8b465ee728b)  -> (artifact id: 'e7c1993229ce33f3700e0b3a54f47869') in 0.341652 seconds 
========================================================================
Received Import Request.
  Time since last request: 0.000026 seconds.
  path: Assets/PolygonFarm/Prefabs/Buildings/SM_Bld_Silo_02.prefab
  artifactKey: Guid(5c464c52bb892b44b8d6487324c9d5dd) Importer(815301076,1909f56bfc062723c751e8b465ee728b)
Start importing Assets/PolygonFarm/Prefabs/Buildings/SM_Bld_Silo_02.prefab using Guid(5c464c52bb892b44b8d6487324c9d5dd) Importer(815301076,1909f56bfc062723c751e8b465ee728b)  -> (artifact id: 'e5085bace0b12a15d2a9da73d86e77cd') in 0.071220 seconds 
========================================================================
Received Import Request.
  Time since last request: 0.000026 seconds.
  path: Assets/PolygonFarm/Prefabs/Buildings/SM_Bld_ProduceStand_01.prefab
  artifactKey: Guid(95e645d1addbaad4ab26251fd2bdde4c) Importer(815301076,1909f56bfc062723c751e8b465ee728b)
Start importing Assets/PolygonFarm/Prefabs/Buildings/SM_Bld_ProduceStand_01.prefab using Guid(95e645d1addbaad4ab26251fd2bdde4c) Importer(815301076,1909f56bfc062723c751e8b465ee728b)  -> (artifact id: '8171bb224ce6da116e5142ecd6f4f2b9') in 0.064654 seconds 
========================================================================
Received Import Request.
  Time since last request: 0.000026 seconds.
  path: Assets/PolygonFarm/Prefabs/Buildings/SM_Bld_Greenhouse_01.prefab
  artifactKey: Guid(d18a58184e042eb4cbffba24a88ad835) Importer(815301076,1909f56bfc062723c751e8b465ee728b)
Start importing Assets/PolygonFarm/Prefabs/Buildings/SM_Bld_Greenhouse_01.prefab using Guid(d18a58184e042eb4cbffba24a88ad835) Importer(815301076,1909f56bfc062723c751e8b465ee728b)  -> (artifact id: 'a57a766f24fae642d351b049cbd0b537') in 0.103212 seconds 
========================================================================
Received Import Request.
  Time since last request: 0.000018 seconds.
  path: Assets/PolygonFarm/Prefabs/Buildings/SM_Bld_Silo_01.prefab
  artifactKey: Guid(ca2a787328680534488b66d6a68eae8d) Importer(815301076,1909f56bfc062723c751e8b465ee728b)
Start importing Assets/PolygonFarm/Prefabs/Buildings/SM_Bld_Silo_01.prefab using Guid(ca2a787328680534488b66d6a68eae8d) Importer(815301076,1909f56bfc062723c751e8b465ee728b)  -> (artifact id: 'c80d0a6f61132f61621537c7f363d9a0') in 0.040328 seconds 
========================================================================
Received Import Request.
  Time since last request: 0.897475 seconds.
  path: Assets/PolygonFarm/Prefabs/Characters/SM_Chr_Attach_Buckethat_01 (1).prefab
  artifactKey: Guid(60fa9e0c6567acd45b844ed4537a6d72) Importer(815301076,1909f56bfc062723c751e8b465ee728b)
Start importing Assets/PolygonFarm/Prefabs/Characters/SM_Chr_Attach_Buckethat_01 (1).prefab using Guid(60fa9e0c6567acd45b844ed4537a6d72) Importer(815301076,1909f56bfc062723c751e8b465ee728b)  -> (artifact id: '3c12019ecee66bc87cf2881e2c7824f2') in 0.045157 seconds 
========================================================================
Received Import Request.
  Time since last request: 0.000022 seconds.
  path: Assets/PolygonFarm/Prefabs/Characters/SM_Chr_Farmer_Female_01.prefab
  artifactKey: Guid(827a26e9b261b7847ac6cc3df54f2677) Importer(815301076,1909f56bfc062723c751e8b465ee728b)
Start importing Assets/PolygonFarm/Prefabs/Characters/SM_Chr_Farmer_Female_01.prefab using Guid(827a26e9b261b7847ac6cc3df54f2677) Importer(815301076,1909f56bfc062723c751e8b465ee728b)  -> (artifact id: '207e44f16cba784012fdbde8503d49aa') in 0.057983 seconds 
========================================================================
Received Import Request.
  Time since last request: 0.000024 seconds.
  path: Assets/PolygonFarm/Prefabs/Characters/SM_Chr_Farmer_Male_Old_01.prefab
  artifactKey: Guid(6a71738add6483c4e8a1479556240d54) Importer(815301076,1909f56bfc062723c751e8b465ee728b)
Start importing Assets/PolygonFarm/Prefabs/Characters/SM_Chr_Farmer_Male_Old_01.prefab using Guid(6a71738add6483c4e8a1479556240d54) Importer(815301076,1909f56bfc062723c751e8b465ee728b)  -> (artifact id: '2c0c6911016b80c54e7edb731a95647f') in 0.067702 seconds 
========================================================================
Received Import Request.
  Time since last request: 0.000551 seconds.
  path: Assets/PolygonFarm/Prefabs/Characters/SM_Chr_Scarecrow_01.prefab
  artifactKey: Guid(727475cbbf33ea247a2faccbc51c000a) Importer(815301076,1909f56bfc062723c751e8b465ee728b)
Start importing Assets/PolygonFarm/Prefabs/Characters/SM_Chr_Scarecrow_01.prefab using Guid(727475cbbf33ea247a2faccbc51c000a) Importer(815301076,1909f56bfc062723c751e8b465ee728b)  -> (artifact id: '1389293d1febcbd67ba2e52358cf468a') in 0.070506 seconds 
========================================================================
Received Import Request.
  Time since last request: 0.000362 seconds.
  path: Assets/PolygonFarm/Prefabs/Characters/SM_Chr_FarmGirl_01.prefab
  artifactKey: Guid(a3981b0f4b9c4bb489dce3db59ee32b5) Importer(815301076,1909f56bfc062723c751e8b465ee728b)
Start importing Assets/PolygonFarm/Prefabs/Characters/SM_Chr_FarmGirl_01.prefab using Guid(a3981b0f4b9c4bb489dce3db59ee32b5) Importer(815301076,1909f56bfc062723c751e8b465ee728b)  -> (artifact id: 'dfa6f6aaec239a30d6eb049e4e7bb875') in 0.064608 seconds 
========================================================================
Received Import Request.
  Time since last request: 0.000025 seconds.
  path: Assets/PolygonFarm/Prefabs/Characters/SM_Chr_Attach_CowboyHat_01.prefab
  artifactKey: Guid(59607cf23fbe18f4196263a6931d7223) Importer(815301076,1909f56bfc062723c751e8b465ee728b)
Start importing Assets/PolygonFarm/Prefabs/Characters/SM_Chr_Attach_CowboyHat_01.prefab using Guid(59607cf23fbe18f4196263a6931d7223) Importer(815301076,1909f56bfc062723c751e8b465ee728b)  -> (artifact id: 'bff1a528ffd61c6c82b6df976e97a347') in 0.027355 seconds 
========================================================================
Received Import Request.
  Time since last request: 1.848405 seconds.
  path: Assets/PolygonFarm/Prefabs/Generic
  artifactKey: Guid(29dba3ad41c02c24d941212eed5ccb91) Importer(815301076,1909f56bfc062723c751e8b465ee728b)
Start importing Assets/PolygonFarm/Prefabs/Generic using Guid(29dba3ad41c02c24d941212eed5ccb91) Importer(815301076,1909f56bfc062723c751e8b465ee728b)  -> (artifact id: '793602b9755b7de52bb399f513240ce6') in 0.008883 seconds 
========================================================================
Received Import Request.
  Time since last request: 0.034133 seconds.
  path: Assets/PolygonFarm/Prefabs/Generic/SM_Generic_Cloud_01.prefab
  artifactKey: Guid(ef5a38a28b01c9648bc93bc079f3a90b) Importer(815301076,1909f56bfc062723c751e8b465ee728b)
Start importing Assets/PolygonFarm/Prefabs/Generic/SM_Generic_Cloud_01.prefab using Guid(ef5a38a28b01c9648bc93bc079f3a90b) Importer(815301076,1909f56bfc062723c751e8b465ee728b)  -> (artifact id: '97dc2b8510079a9ff12bf8789f87cc94') in 0.035578 seconds 
========================================================================
Received Import Request.
  Time since last request: 0.000021 seconds.
  path: Assets/PolygonFarm/Prefabs/Generic/SM_Generic_Ground_Flat_Wheat_01.prefab
  artifactKey: Guid(15003ceaeeee90f4ebbc62a616483b13) Importer(815301076,1909f56bfc062723c751e8b465ee728b)
Start importing Assets/PolygonFarm/Prefabs/Generic/SM_Generic_Ground_Flat_Wheat_01.prefab using Guid(15003ceaeeee90f4ebbc62a616483b13) Importer(815301076,1909f56bfc062723c751e8b465ee728b)  -> (artifact id: '804f61377c34803e6cc8bb76996c7f0a') in 0.034313 seconds 
========================================================================
Received Import Request.
  Time since last request: 0.000018 seconds.
  path: Assets/PolygonFarm/Prefabs/Generic/SM_Generic_Ground_Tile_01.prefab
  artifactKey: Guid(3a0695e531fc85f4fa3795eec1fef0bc) Importer(815301076,1909f56bfc062723c751e8b465ee728b)
Start importing Assets/PolygonFarm/Prefabs/Generic/SM_Generic_Ground_Tile_01.prefab using Guid(3a0695e531fc85f4fa3795eec1fef0bc) Importer(815301076,1909f56bfc062723c751e8b465ee728b)  -> (artifact id: '02b8398e4cde5a5e7abe53b3a4dcfbdf') in 0.033340 seconds 
========================================================================
Received Import Request.
  Time since last request: 0.000020 seconds.
  path: Assets/PolygonFarm/Prefabs/Generic/SM_Generic_Ground_Dirt_01.prefab
  artifactKey: Guid(3d3589220aff2704b9215dbbd2d8e9d0) Importer(815301076,1909f56bfc062723c751e8b465ee728b)
Start importing Assets/PolygonFarm/Prefabs/Generic/SM_Generic_Ground_Dirt_01.prefab using Guid(3d3589220aff2704b9215dbbd2d8e9d0) Importer(815301076,1909f56bfc062723c751e8b465ee728b)  -> (artifact id: '471ae3fe8ecb71c9f7926c9295ef9dfa') in 0.030274 seconds 
========================================================================
Received Import Request.
  Time since last request: 0.001250 seconds.
  path: Assets/PolygonFarm/Prefabs/Generic/SM_Generic_Mountains_Grass_01.prefab
  artifactKey: Guid(33ab5149d67e8c3498714d3b695ba28b) Importer(815301076,1909f56bfc062723c751e8b465ee728b)
Start importing Assets/PolygonFarm/Prefabs/Generic/SM_Generic_Mountains_Grass_01.prefab using Guid(33ab5149d67e8c3498714d3b695ba28b) Importer(815301076,1909f56bfc062723c751e8b465ee728b)  -> (artifact id: 'b7a585ba03a743c64396b25b0929dc80') in 0.033785 seconds 
========================================================================
Received Import Request.
  Time since last request: 0.000300 seconds.
  path: Assets/PolygonFarm/Prefabs/Generic/SM_Generic_Mountains_Soft_01.prefab
  artifactKey: Guid(4dab4627c54a7ef4c81d2c88d41f977a) Importer(815301076,1909f56bfc062723c751e8b465ee728b)
Start importing Assets/PolygonFarm/Prefabs/Generic/SM_Generic_Mountains_Soft_01.prefab using Guid(4dab4627c54a7ef4c81d2c88d41f977a) Importer(815301076,1909f56bfc062723c751e8b465ee728b)  -> (artifact id: 'b34989fc9b43585451832206c3645b48') in 0.030933 seconds 
========================================================================
Received Import Request.
  Time since last request: 0.000019 seconds.
  path: Assets/PolygonFarm/Prefabs/Generic/SM_Generic_Small_Rocks_03.prefab
  artifactKey: Guid(553d403ff0ec5ce478490475bbc5123b) Importer(815301076,1909f56bfc062723c751e8b465ee728b)
Start importing Assets/PolygonFarm/Prefabs/Generic/SM_Generic_Small_Rocks_03.prefab using Guid(553d403ff0ec5ce478490475bbc5123b) Importer(815301076,1909f56bfc062723c751e8b465ee728b)  -> (artifact id: 'f49a206af224b67f3edd30dbf41ff9cf') in 0.040530 seconds 
========================================================================
Received Import Request.
  Time since last request: 0.000022 seconds.
  path: Assets/PolygonFarm/Prefabs/Generic/SM_Generic_Ground_Hill_01.prefab
  artifactKey: Guid(ffb9f4b999c6f284993a78daf70b985e) Importer(815301076,1909f56bfc062723c751e8b465ee728b)
Start importing Assets/PolygonFarm/Prefabs/Generic/SM_Generic_Ground_Hill_01.prefab using Guid(ffb9f4b999c6f284993a78daf70b985e) Importer(815301076,1909f56bfc062723c751e8b465ee728b)  -> (artifact id: 'a5ffa7f9021005e498e0fb9633381ecb') in 0.041071 seconds 
========================================================================
Received Import Request.
  Time since last request: 0.000260 seconds.
  path: Assets/PolygonFarm/Prefabs/Generic/SM_Generic_Cloud_04.prefab
  artifactKey: Guid(e07698d216db95848a5c8e7b8c9780de) Importer(815301076,1909f56bfc062723c751e8b465ee728b)
Start importing Assets/PolygonFarm/Prefabs/Generic/SM_Generic_Cloud_04.prefab using Guid(e07698d216db95848a5c8e7b8c9780de) Importer(815301076,1909f56bfc062723c751e8b465ee728b)  -> (artifact id: '4298a3ff16454b5999e2ba03f2706a20') in 0.042062 seconds 
========================================================================
Received Import Request.
  Time since last request: 0.000029 seconds.
  path: Assets/PolygonFarm/Prefabs/Generic/SM_Generic_Tree_02.prefab
  artifactKey: Guid(144d244740414c641992a2d495f2d345) Importer(815301076,1909f56bfc062723c751e8b465ee728b)
Start importing Assets/PolygonFarm/Prefabs/Generic/SM_Generic_Tree_02.prefab using Guid(144d244740414c641992a2d495f2d345) Importer(815301076,1909f56bfc062723c751e8b465ee728b)  -> (artifact id: 'f0c0e8e91e143ab96c743a77251328f4') in 0.050620 seconds 
========================================================================
Received Import Request.
  Time since last request: 0.000022 seconds.
  path: Assets/PolygonFarm/Prefabs/Generic/SM_Generic_TreeStump_01.prefab
  artifactKey: Guid(efaaef6408b20f545827e508b270405f) Importer(815301076,1909f56bfc062723c751e8b465ee728b)
Start importing Assets/PolygonFarm/Prefabs/Generic/SM_Generic_TreeStump_01.prefab using Guid(efaaef6408b20f545827e508b270405f) Importer(815301076,1909f56bfc062723c751e8b465ee728b)  -> (artifact id: '22ff943ef65d1adef45d96ca304fb19b') in 0.035873 seconds 
========================================================================
Received Import Request.
  Time since last request: 0.000027 seconds.
  path: Assets/PolygonFarm/Prefabs/Generic/SM_Generic_Ground_01.prefab
  artifactKey: Guid(b0fcc14b6f7a2b94394dc718c2b8d094) Importer(815301076,1909f56bfc062723c751e8b465ee728b)
Start importing Assets/PolygonFarm/Prefabs/Generic/SM_Generic_Ground_01.prefab using Guid(b0fcc14b6f7a2b94394dc718c2b8d094) Importer(815301076,1909f56bfc062723c751e8b465ee728b)  -> (artifact id: '6b45a45699565253632f43f5e8a9139d') in 0.039422 seconds 
========================================================================
Received Import Request.
  Time since last request: 0.000023 seconds.
  path: Assets/PolygonFarm/Prefabs/Generic/SM_Generic_Ocean_Tile_Bumps_01.prefab
  artifactKey: Guid(f9764d1b49564cc4e95c0ef219fb2fd1) Importer(815301076,1909f56bfc062723c751e8b465ee728b)
Start importing Assets/PolygonFarm/Prefabs/Generic/SM_Generic_Ocean_Tile_Bumps_01.prefab using Guid(f9764d1b49564cc4e95c0ef219fb2fd1) Importer(815301076,1909f56bfc062723c751e8b465ee728b)  -> (artifact id: '55d706d15f4d37f31c2d9f2fe1466a46') in 0.048686 seconds 
========================================================================
Received Import Request.
  Time since last request: 0.002074 seconds.
  path: Assets/PolygonFarm/Prefabs/Generic/SM_Generic_Ocean_Tile_Flat_01.prefab
  artifactKey: Guid(5cbd5cdc2d2636d4d8aba89f256a10c2) Importer(815301076,1909f56bfc062723c751e8b465ee728b)
Start importing Assets/PolygonFarm/Prefabs/Generic/SM_Generic_Ocean_Tile_Flat_01.prefab using Guid(5cbd5cdc2d2636d4d8aba89f256a10c2) Importer(815301076,1909f56bfc062723c751e8b465ee728b)  -> (artifact id: 'b6d3c73a83a0fe5c1e004dee4e3318fd') in 0.036873 seconds 
========================================================================
Received Import Request.
  Time since last request: 0.000022 seconds.
  path: Assets/PolygonFarm/Prefabs/Generic/SM_Generic_Tree_03.prefab
  artifactKey: Guid(1e3ebe3c9df04ae44b248326a7b1f3fd) Importer(815301076,1909f56bfc062723c751e8b465ee728b)
Start importing Assets/PolygonFarm/Prefabs/Generic/SM_Generic_Tree_03.prefab using Guid(1e3ebe3c9df04ae44b248326a7b1f3fd) Importer(815301076,1909f56bfc062723c751e8b465ee728b)  -> (artifact id: '5d1d76b7e44f89d07c5ee7f7bc800e74') in 0.037198 seconds 
========================================================================
Received Import Request.
  Time since last request: 0.000026 seconds.
  path: Assets/PolygonFarm/Prefabs/Generic/SM_Generic_Ground_Wheat_01.prefab
  artifactKey: Guid(ae92ba6b9a6540a4db8b59fd55f29c6f) Importer(815301076,1909f56bfc062723c751e8b465ee728b)
Start importing Assets/PolygonFarm/Prefabs/Generic/SM_Generic_Ground_Wheat_01.prefab using Guid(ae92ba6b9a6540a4db8b59fd55f29c6f) Importer(815301076,1909f56bfc062723c751e8b465ee728b)  -> (artifact id: '9814003e6faba383946deac454ac22ec') in 0.032361 seconds 
========================================================================
Received Import Request.
  Time since last request: 0.000030 seconds.
  path: Assets/PolygonFarm/Prefabs/Generic/SM_Generic_Tree_Patch_01.prefab
  artifactKey: Guid(94dac7c4e5d8a7e44b2c93a46b8eff6d) Importer(815301076,1909f56bfc062723c751e8b465ee728b)
Start importing Assets/PolygonFarm/Prefabs/Generic/SM_Generic_Tree_Patch_01.prefab using Guid(94dac7c4e5d8a7e44b2c93a46b8eff6d) Importer(815301076,1909f56bfc062723c751e8b465ee728b)  -> (artifact id: '1bd7801b6607e531df36cb8e5f793c1f') in 0.050275 seconds 
========================================================================
Received Import Request.
  Time since last request: 0.000023 seconds.
  path: Assets/PolygonFarm/Prefabs/Generic/SM_Generic_Small_Rocks_01.prefab
  artifactKey: Guid(e2237f9c45037b34da96772393062ed0) Importer(815301076,1909f56bfc062723c751e8b465ee728b)
Start importing Assets/PolygonFarm/Prefabs/Generic/SM_Generic_Small_Rocks_01.prefab using Guid(e2237f9c45037b34da96772393062ed0) Importer(815301076,1909f56bfc062723c751e8b465ee728b)  -> (artifact id: '57ccb8c8e312cea30a44a0d8c77aaa18') in 0.044573 seconds 
========================================================================
Received Import Request.
  Time since last request: 0.000073 seconds.
  path: Assets/PolygonFarm/Prefabs/Generic/SM_Generic_Grass_Patch_03.prefab
  artifactKey: Guid(7ea6c767c13a093489de65e27dfd7aca) Importer(815301076,1909f56bfc062723c751e8b465ee728b)
Start importing Assets/PolygonFarm/Prefabs/Generic/SM_Generic_Grass_Patch_03.prefab using Guid(7ea6c767c13a093489de65e27dfd7aca) Importer(815301076,1909f56bfc062723c751e8b465ee728b)  -> (artifact id: '8ea05f1abcd3a01b9ba28844fd5ee544') in 0.046291 seconds 
========================================================================
Received Import Request.
  Time since last request: 236.513116 seconds.
  path: Assets/PolygonFarm/Prefabs/Plants/SM_Prop_Apple_01.prefab
  artifactKey: Guid(4cc231a2ac0a02941b660e196db6ce29) Importer(815301076,1909f56bfc062723c751e8b465ee728b)
Start importing Assets/PolygonFarm/Prefabs/Plants/SM_Prop_Apple_01.prefab using Guid(4cc231a2ac0a02941b660e196db6ce29) Importer(815301076,1909f56bfc062723c751e8b465ee728b)  -> (artifact id: '55be0d5e16033ea5a0b1dee83eb084ea') in 0.057046 seconds 
========================================================================
Received Import Request.
  Time since last request: 0.000109 seconds.
  path: Assets/PolygonFarm/Prefabs/Plants/SM_Prop_Box_Cucumber_01.prefab
  artifactKey: Guid(478a7dd49979afb4fb922d94f6eba87c) Importer(815301076,1909f56bfc062723c751e8b465ee728b)
Start importing Assets/PolygonFarm/Prefabs/Plants/SM_Prop_Box_Cucumber_01.prefab using Guid(478a7dd49979afb4fb922d94f6eba87c) Importer(815301076,1909f56bfc062723c751e8b465ee728b)  -> (artifact id: '751cba842785d1d57c03185e2089cc16') in 0.026240 seconds 
========================================================================
Received Import Request.
  Time since last request: 0.000027 seconds.
  path: Assets/PolygonFarm/Prefabs/Plants/SM_Prop_Carrot_01_Group.prefab
  artifactKey: Guid(499ba49ca58a64f468b997cdd7d6112c) Importer(815301076,1909f56bfc062723c751e8b465ee728b)
Start importing Assets/PolygonFarm/Prefabs/Plants/SM_Prop_Carrot_01_Group.prefab using Guid(499ba49ca58a64f468b997cdd7d6112c) Importer(815301076,1909f56bfc062723c751e8b465ee728b)  -> (artifact id: 'd165a1a07cb356fc898aaf9df227b640') in 0.029588 seconds 
========================================================================
Received Import Request.
  Time since last request: 0.000050 seconds.
  path: Assets/PolygonFarm/Prefabs/Plants/SM_Prop_Eggplant_01.prefab
  artifactKey: Guid(f4089018a66c44b409826493af499043) Importer(815301076,1909f56bfc062723c751e8b465ee728b)
Start importing Assets/PolygonFarm/Prefabs/Plants/SM_Prop_Eggplant_01.prefab using Guid(f4089018a66c44b409826493af499043) Importer(815301076,1909f56bfc062723c751e8b465ee728b)  -> (artifact id: 'e33eeba5a04b16a471e92b4fb072f2d4') in 0.030029 seconds 
========================================================================
Received Import Request.
  Time since last request: 0.000021 seconds.
  path: Assets/PolygonFarm/Prefabs/Plants/SM_Prop_Box_Carrot_01.prefab
  artifactKey: Guid(037d960215484f040bd0612ffbbc2a0f) Importer(815301076,1909f56bfc062723c751e8b465ee728b)
Start importing Assets/PolygonFarm/Prefabs/Plants/SM_Prop_Box_Carrot_01.prefab using Guid(037d960215484f040bd0612ffbbc2a0f) Importer(815301076,1909f56bfc062723c751e8b465ee728b)  -> (artifact id: '3b018c4dacc9b850d96c9cf0c9a40b59') in 0.029152 seconds 
========================================================================
Received Import Request.
  Time since last request: 0.000025 seconds.
  path: Assets/PolygonFarm/Prefabs/Plants/SM_Prop_Broccoli_01_L.prefab
  artifactKey: Guid(5bef825efcb5f534f8d005ed0e8379cf) Importer(815301076,1909f56bfc062723c751e8b465ee728b)
Start importing Assets/PolygonFarm/Prefabs/Plants/SM_Prop_Broccoli_01_L.prefab using Guid(5bef825efcb5f534f8d005ed0e8379cf) Importer(815301076,1909f56bfc062723c751e8b465ee728b)  -> (artifact id: 'cd6d4ca5a477c06ffddb205d635c99c2') in 0.022154 seconds 
========================================================================
Received Import Request.
  Time since last request: 0.000030 seconds.
  path: Assets/PolygonFarm/Prefabs/Plants/SM_Prop_Bean_01_M.prefab
  artifactKey: Guid(e205f4202c5a5d443839fe054a099831) Importer(815301076,1909f56bfc062723c751e8b465ee728b)
Start importing Assets/PolygonFarm/Prefabs/Plants/SM_Prop_Bean_01_M.prefab using Guid(e205f4202c5a5d443839fe054a099831) Importer(815301076,1909f56bfc062723c751e8b465ee728b)  -> (artifact id: '3bdabb143bf5ea07e8912595ebdfacd4') in 0.029086 seconds 
========================================================================
Received Import Request.
  Time since last request: 0.000019 seconds.
  path: Assets/PolygonFarm/Prefabs/Plants/SM_Prop_Box_Peach_01.prefab
  artifactKey: Guid(2c5645da25d7a56429ec59e4d8fae095) Importer(815301076,1909f56bfc062723c751e8b465ee728b)
Start importing Assets/PolygonFarm/Prefabs/Plants/SM_Prop_Box_Peach_01.prefab using Guid(2c5645da25d7a56429ec59e4d8fae095) Importer(815301076,1909f56bfc062723c751e8b465ee728b)  -> (artifact id: '98b7e795f35d6b442cf750491f504b17') in 0.029205 seconds 
========================================================================
Received Import Request.
  Time since last request: 0.000022 seconds.
  path: Assets/PolygonFarm/Prefabs/Plants/SM_Prop_Banana_01.prefab
  artifactKey: Guid(29f26d2a30243e14e9c8922118fd5a01) Importer(815301076,1909f56bfc062723c751e8b465ee728b)
Start importing Assets/PolygonFarm/Prefabs/Plants/SM_Prop_Banana_01.prefab using Guid(29f26d2a30243e14e9c8922118fd5a01) Importer(815301076,1909f56bfc062723c751e8b465ee728b)  -> (artifact id: 'eef4f9235c373adba4a225151e67f0eb') in 0.028846 seconds 
========================================================================
Received Import Request.
  Time since last request: 0.000619 seconds.
  path: Assets/PolygonFarm/Prefabs/Plants/SM_Prop_Lemon_01_Group.prefab
  artifactKey: Guid(0967640cc117c294eb13338d101d5c8d) Importer(815301076,1909f56bfc062723c751e8b465ee728b)
Start importing Assets/PolygonFarm/Prefabs/Plants/SM_Prop_Lemon_01_Group.prefab using Guid(0967640cc117c294eb13338d101d5c8d) Importer(815301076,1909f56bfc062723c751e8b465ee728b)  -> (artifact id: '4004262ae4af5015819cc22d7924046a') in 0.031684 seconds 
========================================================================
Received Import Request.
  Time since last request: 0.000020 seconds.
  path: Assets/PolygonFarm/Prefabs/Plants/SM_Prop_Broccoli_01_M.prefab
  artifactKey: Guid(007624b1cde2b434a8166ff9d5e8adcf) Importer(815301076,1909f56bfc062723c751e8b465ee728b)
Start importing Assets/PolygonFarm/Prefabs/Plants/SM_Prop_Broccoli_01_M.prefab using Guid(007624b1cde2b434a8166ff9d5e8adcf) Importer(815301076,1909f56bfc062723c751e8b465ee728b)  -> (artifact id: 'b9f646a8b462affc1c9d0611871b26f0') in 0.085575 seconds 
========================================================================
Received Import Request.
  Time since last request: 0.000057 seconds.
  path: Assets/PolygonFarm/Prefabs/Plants/SM_Prop_Eggplant_01_L.prefab
  artifactKey: Guid(36bc6cf49e846134a93d1008d0bc0e9d) Importer(815301076,1909f56bfc062723c751e8b465ee728b)
Start importing Assets/PolygonFarm/Prefabs/Plants/SM_Prop_Eggplant_01_L.prefab using Guid(36bc6cf49e846134a93d1008d0bc0e9d) Importer(815301076,1909f56bfc062723c751e8b465ee728b)  -> (artifact id: '35398093b7cc057ef238608bc1d27423') in 0.040538 seconds 
========================================================================
Received Import Request.
  Time since last request: 0.009331 seconds.
  path: Assets/PolygonFarm/Prefabs/Environments/SM_Env_Tree_Peach_Grown_01.prefab
  artifactKey: Guid(9a754a3f98ec54b4ea019713f5722e3d) Importer(815301076,1909f56bfc062723c751e8b465ee728b)
Start importing Assets/PolygonFarm/Prefabs/Environments/SM_Env_Tree_Peach_Grown_01.prefab using Guid(9a754a3f98ec54b4ea019713f5722e3d) Importer(815301076,1909f56bfc062723c751e8b465ee728b)  -> (artifact id: '81891a5d97d101e7f6291aaa8f6a05e0') in 0.045472 seconds 
========================================================================
Received Import Request.
  Time since last request: 0.000275 seconds.
  path: Assets/PolygonFarm/Prefabs/Environments/SM_Env_Pebbles_02.prefab
  artifactKey: Guid(2233c191b4ecab04b845ca08c109df3e) Importer(815301076,1909f56bfc062723c751e8b465ee728b)
Start importing Assets/PolygonFarm/Prefabs/Environments/SM_Env_Pebbles_02.prefab using Guid(2233c191b4ecab04b845ca08c109df3e) Importer(815301076,1909f56bfc062723c751e8b465ee728b)  -> (artifact id: '0b269a419f329174740f98a8e59be8e0') in 0.038809 seconds 
========================================================================
Received Import Request.
  Time since last request: 0.000362 seconds.
  path: Assets/PolygonFarm/Prefabs/Environments/SM_Env_Tree_Lemon_01.prefab
  artifactKey: Guid(00cafff9e8700de49b18e027a2c5fa8a) Importer(815301076,1909f56bfc062723c751e8b465ee728b)
Start importing Assets/PolygonFarm/Prefabs/Environments/SM_Env_Tree_Lemon_01.prefab using Guid(00cafff9e8700de49b18e027a2c5fa8a) Importer(815301076,1909f56bfc062723c751e8b465ee728b)  -> (artifact id: '940cd7f729a4efca87e34b924c2ae23b') in 0.046045 seconds 
========================================================================
Received Import Request.
  Time since last request: 0.000029 seconds.
  path: Assets/PolygonFarm/Prefabs/Environments/SM_Env_Tree_Stump_02.prefab
  artifactKey: Guid(4d066123abe70604c93da5e7ef46e98d) Importer(815301076,1909f56bfc062723c751e8b465ee728b)
Start importing Assets/PolygonFarm/Prefabs/Environments/SM_Env_Tree_Stump_02.prefab using Guid(4d066123abe70604c93da5e7ef46e98d) Importer(815301076,1909f56bfc062723c751e8b465ee728b)  -> (artifact id: '5a98b2619f766bc79b5d7c0f555e4efa') in 0.042608 seconds 
========================================================================
Received Import Request.
  Time since last request: 0.000021 seconds.
  path: Assets/PolygonFarm/Prefabs/Environments/SM_Env_Road_Gravel_Corner_02.prefab
  artifactKey: Guid(6d4f602eace4c2d40a30b3a70f024fdf) Importer(815301076,1909f56bfc062723c751e8b465ee728b)
Start importing Assets/PolygonFarm/Prefabs/Environments/SM_Env_Road_Gravel_Corner_02.prefab using Guid(6d4f602eace4c2d40a30b3a70f024fdf) Importer(815301076,1909f56bfc062723c751e8b465ee728b)  -> (artifact id: 'b7704feb403c42eef9d7f554468ed6d0') in 0.033895 seconds 
========================================================================
Received Import Request.
  Time since last request: 0.000029 seconds.
  path: Assets/PolygonFarm/Prefabs/Environments/SM_Env_Dirt_01.prefab
  artifactKey: Guid(d7fd0f034fb608643a24ead27702c3a3) Importer(815301076,1909f56bfc062723c751e8b465ee728b)
Start importing Assets/PolygonFarm/Prefabs/Environments/SM_Env_Dirt_01.prefab using Guid(d7fd0f034fb608643a24ead27702c3a3) Importer(815301076,1909f56bfc062723c751e8b465ee728b)  -> (artifact id: 'b364062ebde48aa3add33706e9f780db') in 0.030948 seconds 
========================================================================
Received Import Request.
  Time since last request: 0.000021 seconds.
  path: Assets/PolygonFarm/Prefabs/Environments/SM_Env_Dirt_Rows_Center_01.prefab
  artifactKey: Guid(a047ed049826c25489b573d3fd23d2a6) Importer(815301076,1909f56bfc062723c751e8b465ee728b)
Start importing Assets/PolygonFarm/Prefabs/Environments/SM_Env_Dirt_Rows_Center_01.prefab using Guid(a047ed049826c25489b573d3fd23d2a6) Importer(815301076,1909f56bfc062723c751e8b465ee728b)  -> (artifact id: '2974daafb8acfb6458728e0366538838') in 0.047856 seconds 
========================================================================
Received Import Request.
  Time since last request: 0.000031 seconds.
  path: Assets/PolygonFarm/Prefabs/Environments/SM_Env_Dirt_Skirt_01.prefab
  artifactKey: Guid(07f1cb66f92cc884f811a47abb580688) Importer(815301076,1909f56bfc062723c751e8b465ee728b)
Start importing Assets/PolygonFarm/Prefabs/Environments/SM_Env_Dirt_Skirt_01.prefab using Guid(07f1cb66f92cc884f811a47abb580688) Importer(815301076,1909f56bfc062723c751e8b465ee728b)  -> (artifact id: '0ddf8a45c88c2a7cf616f98e903108f3') in 0.044783 seconds 
========================================================================
Received Import Request.
  Time since last request: 0.000027 seconds.
  path: Assets/PolygonFarm/Prefabs/Environments/SM_Env_Dirt_Mound_01.prefab
  artifactKey: Guid(c9fcf85374b714e4e9525abaae880483) Importer(815301076,1909f56bfc062723c751e8b465ee728b)
Start importing Assets/PolygonFarm/Prefabs/Environments/SM_Env_Dirt_Mound_01.prefab using Guid(c9fcf85374b714e4e9525abaae880483) Importer(815301076,1909f56bfc062723c751e8b465ee728b)  -> (artifact id: '70070fab460d20e5cd6d9d173906e122') in 0.037765 seconds 
========================================================================
Received Import Request.
  Time since last request: 0.000022 seconds.
  path: Assets/PolygonFarm/Prefabs/Environments/SM_Env_Road_Dirt_Corner_01.prefab
  artifactKey: Guid(4fb47bcc80d6fb641ab01db776a09a71) Importer(815301076,1909f56bfc062723c751e8b465ee728b)
Start importing Assets/PolygonFarm/Prefabs/Environments/SM_Env_Road_Dirt_Corner_01.prefab using Guid(4fb47bcc80d6fb641ab01db776a09a71) Importer(815301076,1909f56bfc062723c751e8b465ee728b)  -> (artifact id: '25143964da1f6c5735d11d9a9a687a36') in 0.033351 seconds 
========================================================================
Received Import Request.
  Time since last request: 0.000986 seconds.
  path: Assets/PolygonFarm/Prefabs/Environments/SM_Env_Road_Dirt_Straight_01.prefab
  artifactKey: Guid(20f6bd523ebdaf04fa332e6ce565fc03) Importer(815301076,1909f56bfc062723c751e8b465ee728b)
Start importing Assets/PolygonFarm/Prefabs/Environments/SM_Env_Road_Dirt_Straight_01.prefab using Guid(20f6bd523ebdaf04fa332e6ce565fc03) Importer(815301076,1909f56bfc062723c751e8b465ee728b)  -> (artifact id: '3a99356cf732105b5d5b19092c0fd1d5') in 0.040822 seconds 
========================================================================
Received Import Request.
  Time since last request: 0.000133 seconds.
  path: Assets/PolygonFarm/Prefabs/Environments/SM_Env_Dirt_Rows_End_Top_01.prefab
  artifactKey: Guid(25bc28dd73a2b0045923f7627d7c9638) Importer(815301076,1909f56bfc062723c751e8b465ee728b)
Start importing Assets/PolygonFarm/Prefabs/Environments/SM_Env_Dirt_Rows_End_Top_01.prefab using Guid(25bc28dd73a2b0045923f7627d7c9638) Importer(815301076,1909f56bfc062723c751e8b465ee728b)  -> (artifact id: '0e44a2f736ccea89883b941baf3ab3d8') in 0.038504 seconds 
========================================================================
Received Import Request.
  Time since last request: 0.000549 seconds.
  path: Assets/PolygonFarm/Prefabs/Environments/SM_Env_Flowers_02.prefab
  artifactKey: Guid(1a8968c1f86914f4f9337b986e0623fa) Importer(815301076,1909f56bfc062723c751e8b465ee728b)
Start importing Assets/PolygonFarm/Prefabs/Environments/SM_Env_Flowers_02.prefab using Guid(1a8968c1f86914f4f9337b986e0623fa) Importer(815301076,1909f56bfc062723c751e8b465ee728b)  -> (artifact id: '2ac701df80dd6e70c015fc331db1ba42') in 0.027246 seconds 
========================================================================
Received Import Request.
  Time since last request: 0.000148 seconds.
  path: Assets/PolygonFarm/Prefabs/Plants/SM_Prop_Box_Apricot_01.prefab
  artifactKey: Guid(95d2c2750aa2d2241bfc8372b1891ab0) Importer(815301076,1909f56bfc062723c751e8b465ee728b)
Start importing Assets/PolygonFarm/Prefabs/Plants/SM_Prop_Box_Apricot_01.prefab using Guid(95d2c2750aa2d2241bfc8372b1891ab0) Importer(815301076,1909f56bfc062723c751e8b465ee728b)  -> (artifact id: '9df193dd929849a60fde1f5d92273f80') in 0.049861 seconds 
========================================================================
Received Import Request.
  Time since last request: 0.000025 seconds.
  path: Assets/PolygonFarm/Prefabs/Plants/SM_Prop_Asparagus_01.prefab
  artifactKey: Guid(dc639d1e38ce2f842900cce188dbd42c) Importer(815301076,1909f56bfc062723c751e8b465ee728b)
Start importing Assets/PolygonFarm/Prefabs/Plants/SM_Prop_Asparagus_01.prefab using Guid(dc639d1e38ce2f842900cce188dbd42c) Importer(815301076,1909f56bfc062723c751e8b465ee728b)  -> (artifact id: 'c3268b2b8ea6f0a8c62ec55652ce2399') in 0.040780 seconds 
========================================================================
Received Import Request.
  Time since last request: 0.000293 seconds.
  path: Assets/PolygonFarm/Prefabs/Environments/SM_Env_Road_Gravel_Swerve_01.prefab
  artifactKey: Guid(300f55eec5bfec74a80ccccf44618a37) Importer(815301076,1909f56bfc062723c751e8b465ee728b)
Start importing Assets/PolygonFarm/Prefabs/Environments/SM_Env_Road_Gravel_Swerve_01.prefab using Guid(300f55eec5bfec74a80ccccf44618a37) Importer(815301076,1909f56bfc062723c751e8b465ee728b)  -> (artifact id: 'b35fef4e53c85593f3f52c3306d8478c') in 0.034588 seconds 
========================================================================
Received Import Request.
  Time since last request: 0.000020 seconds.
  path: Assets/PolygonFarm/Prefabs/Environments/SM_Env_Road_Gravel_Corner_01.prefab
  artifactKey: Guid(2a3562d1a8b878547b5b35a9389e55a4) Importer(815301076,1909f56bfc062723c751e8b465ee728b)
Start importing Assets/PolygonFarm/Prefabs/Environments/SM_Env_Road_Gravel_Corner_01.prefab using Guid(2a3562d1a8b878547b5b35a9389e55a4) Importer(815301076,1909f56bfc062723c751e8b465ee728b)  -> (artifact id: '39eb49aa72c210d1f850376ce63cb6cf') in 0.026291 seconds 
========================================================================
Received Import Request.
  Time since last request: 0.000022 seconds.
  path: Assets/PolygonFarm/Prefabs/Plants/SM_Prop_Beetroot_01_L.prefab
  artifactKey: Guid(4dffc0019107a3f4db3aeb85961d9be7) Importer(815301076,1909f56bfc062723c751e8b465ee728b)
Start importing Assets/PolygonFarm/Prefabs/Plants/SM_Prop_Beetroot_01_L.prefab using Guid(4dffc0019107a3f4db3aeb85961d9be7) Importer(815301076,1909f56bfc062723c751e8b465ee728b)  -> (artifact id: 'bf83e6e5f3203f100abc6ae4c5d40a31') in 0.026044 seconds 
========================================================================
Received Import Request.
  Time since last request: 0.000018 seconds.
  path: Assets/PolygonFarm/Prefabs/Plants/SM_Prop_Beetroot_01_Group.prefab
  artifactKey: Guid(07459600876ca2e4cb54063997b49e42) Importer(815301076,1909f56bfc062723c751e8b465ee728b)
Start importing Assets/PolygonFarm/Prefabs/Plants/SM_Prop_Beetroot_01_Group.prefab using Guid(07459600876ca2e4cb54063997b49e42) Importer(815301076,1909f56bfc062723c751e8b465ee728b)  -> (artifact id: 'fe3e64782f3117502ed66d0c2cae34dc') in 0.031457 seconds 
========================================================================
Received Import Request.
  Time since last request: 0.000023 seconds.
  path: Assets/PolygonFarm/Prefabs/Plants/SM_Prop_Cabbage_01_S.prefab
  artifactKey: Guid(aaf1f22ab6502834ab49efc399c9f235) Importer(815301076,1909f56bfc062723c751e8b465ee728b)
Start importing Assets/PolygonFarm/Prefabs/Plants/SM_Prop_Cabbage_01_S.prefab using Guid(aaf1f22ab6502834ab49efc399c9f235) Importer(815301076,1909f56bfc062723c751e8b465ee728b)  -> (artifact id: 'b602685d796b70a4260ff04f46023465') in 0.028771 seconds 
========================================================================
Received Import Request.
  Time since last request: 0.000023 seconds.
  path: Assets/PolygonFarm/Prefabs/Plants/SM_Prop_Onion_01_L.prefab
  artifactKey: Guid(ef10db410d4f3974085973a64cd5061e) Importer(815301076,1909f56bfc062723c751e8b465ee728b)
Start importing Assets/PolygonFarm/Prefabs/Plants/SM_Prop_Onion_01_L.prefab using Guid(ef10db410d4f3974085973a64cd5061e) Importer(815301076,1909f56bfc062723c751e8b465ee728b)  -> (artifact id: '7ad22e712134423bf7f544d32e3992ec') in 0.031803 seconds 
========================================================================
Received Import Request.
  Time since last request: 0.000028 seconds.
  path: Assets/PolygonFarm/Prefabs/Plants/SM_Prop_Banana_01_M.prefab
  artifactKey: Guid(4c46a97f0f4e63a40b5b74a0b34248f1) Importer(815301076,1909f56bfc062723c751e8b465ee728b)
Start importing Assets/PolygonFarm/Prefabs/Plants/SM_Prop_Banana_01_M.prefab using Guid(4c46a97f0f4e63a40b5b74a0b34248f1) Importer(815301076,1909f56bfc062723c751e8b465ee728b)  -> (artifact id: '49b06655c09e72be63ff766efe598b9a') in 0.038839 seconds 
========================================================================
Received Import Request.
  Time since last request: 0.000022 seconds.
  path: Assets/PolygonFarm/Prefabs/Environments/SM_Env_Road_Gravel_Swerve_02.prefab
  artifactKey: Guid(6c01316404598bd478278f658dc8c1b8) Importer(815301076,1909f56bfc062723c751e8b465ee728b)
Start importing Assets/PolygonFarm/Prefabs/Environments/SM_Env_Road_Gravel_Swerve_02.prefab using Guid(6c01316404598bd478278f658dc8c1b8) Importer(815301076,1909f56bfc062723c751e8b465ee728b)  -> (artifact id: '7d66c2a0269dfe7af122ebe44c251d0f') in 0.034012 seconds 
========================================================================
Received Import Request.
  Time since last request: 0.000020 seconds.
  path: Assets/PolygonFarm/Prefabs/Plants/SM_Prop_Onion_01_Group.prefab
  artifactKey: Guid(b0d46514616936f42a523e1d204b4e56) Importer(815301076,1909f56bfc062723c751e8b465ee728b)
Start importing Assets/PolygonFarm/Prefabs/Plants/SM_Prop_Onion_01_Group.prefab using Guid(b0d46514616936f42a523e1d204b4e56) Importer(815301076,1909f56bfc062723c751e8b465ee728b)  -> (artifact id: '5c1598eaa3e271e9334fc90398cd5317') in 0.026991 seconds 
========================================================================
Received Import Request.
  Time since last request: 0.000023 seconds.
  path: Assets/PolygonFarm/Prefabs/Environments/SM_Env_Road_Gravel_Straight_01.prefab
  artifactKey: Guid(9e250681b8bc9e143b90be99b665ae8f) Importer(815301076,1909f56bfc062723c751e8b465ee728b)
Start importing Assets/PolygonFarm/Prefabs/Environments/SM_Env_Road_Gravel_Straight_01.prefab using Guid(9e250681b8bc9e143b90be99b665ae8f) Importer(815301076,1909f56bfc062723c751e8b465ee728b)  -> (artifact id: '9b15e66b67ed22dcb03e4b3f5ebcf1a9') in 0.033157 seconds 
========================================================================
Received Import Request.
  Time since last request: 0.000907 seconds.
  path: Assets/PolygonFarm/Prefabs/Environments/SM_Env_Reeds_03.prefab
  artifactKey: Guid(4333369e02419114a88beb9339228332) Importer(815301076,1909f56bfc062723c751e8b465ee728b)
Start importing Assets/PolygonFarm/Prefabs/Environments/SM_Env_Reeds_03.prefab using Guid(4333369e02419114a88beb9339228332) Importer(815301076,1909f56bfc062723c751e8b465ee728b)  -> (artifact id: 'db5943a006765398a6a24ba8643b41ee') in 0.041571 seconds 
========================================================================
Received Import Request.
  Time since last request: 0.000028 seconds.
  path: Assets/PolygonFarm/Prefabs/Plants/SM_Prop_Cabbage_01_L.prefab
  artifactKey: Guid(3de71c2ba7770be419207944b730778a) Importer(815301076,1909f56bfc062723c751e8b465ee728b)
Start importing Assets/PolygonFarm/Prefabs/Plants/SM_Prop_Cabbage_01_L.prefab using Guid(3de71c2ba7770be419207944b730778a) Importer(815301076,1909f56bfc062723c751e8b465ee728b)  -> (artifact id: '87427c4e66caf3c0db0e693007d1668b') in 0.029492 seconds 
========================================================================
Received Import Request.
  Time since last request: 0.000062 seconds.
  path: Assets/PolygonFarm/Prefabs/Plants/SM_Prop_Corn_02.prefab
  artifactKey: Guid(e0c9e141ea63a1d45b97eb541ba1dda6) Importer(815301076,1909f56bfc062723c751e8b465ee728b)
Start importing Assets/PolygonFarm/Prefabs/Plants/SM_Prop_Corn_02.prefab using Guid(e0c9e141ea63a1d45b97eb541ba1dda6) Importer(815301076,1909f56bfc062723c751e8b465ee728b)  -> (artifact id: 'cf0150875e1f9c500c3ac7cfe6c7ea6a') in 0.030284 seconds 
========================================================================
Received Import Request.
  Time since last request: 0.000110 seconds.
  path: Assets/PolygonFarm/Prefabs/Environments/SM_Env_Tree_Cherry_01.prefab
  artifactKey: Guid(139e1be7a91909342869dd2cd4fac552) Importer(815301076,1909f56bfc062723c751e8b465ee728b)
Start importing Assets/PolygonFarm/Prefabs/Environments/SM_Env_Tree_Cherry_01.prefab using Guid(139e1be7a91909342869dd2cd4fac552) Importer(815301076,1909f56bfc062723c751e8b465ee728b)  -> (artifact id: '801d78ceaa6f4e479760f16462bea162') in 0.039204 seconds 
========================================================================
Received Import Request.
  Time since last request: 0.000023 seconds.
  path: Assets/PolygonFarm/Prefabs/Plants/SM_Prop_Box_Potato_01.prefab
  artifactKey: Guid(2131bc3845099584ebe0cb30614e96f4) Importer(815301076,1909f56bfc062723c751e8b465ee728b)
Start importing Assets/PolygonFarm/Prefabs/Plants/SM_Prop_Box_Potato_01.prefab using Guid(2131bc3845099584ebe0cb30614e96f4) Importer(815301076,1909f56bfc062723c751e8b465ee728b)  -> (artifact id: 'f8d93ed28f556ee138aecd61cf4bdf8f') in 0.037948 seconds 
========================================================================
Received Import Request.
  Time since last request: 0.004687 seconds.
  path: Assets/PolygonFarm/Prefabs/Plants/SM_Prop_Chilli_01_M.prefab
  artifactKey: Guid(116b4d69af111b642905021b450ac056) Importer(815301076,1909f56bfc062723c751e8b465ee728b)
Start importing Assets/PolygonFarm/Prefabs/Plants/SM_Prop_Chilli_01_M.prefab using Guid(116b4d69af111b642905021b450ac056) Importer(815301076,1909f56bfc062723c751e8b465ee728b)  -> (artifact id: 'ea2b6d5dca7b9c342684774eca3dbe85') in 0.026998 seconds 
========================================================================
Received Import Request.
  Time since last request: 0.000022 seconds.
  path: Assets/PolygonFarm/Prefabs/Plants/SM_Prop_Cucumber_01.prefab
  artifactKey: Guid(16b7c7ffe5607c04ca05aac84b32bf81) Importer(815301076,1909f56bfc062723c751e8b465ee728b)
Start importing Assets/PolygonFarm/Prefabs/Plants/SM_Prop_Cucumber_01.prefab using Guid(16b7c7ffe5607c04ca05aac84b32bf81) Importer(815301076,1909f56bfc062723c751e8b465ee728b)  -> (artifact id: '071dd88c9dcddaa5c9beb42a6a5c9cc9') in 0.036318 seconds 
========================================================================
Received Import Request.
  Time since last request: 0.000207 seconds.
  path: Assets/PolygonFarm/Prefabs/Plants/SM_Prop_Hemp_01_M.prefab
  artifactKey: Guid(8cc2297471acb674bb2861ee5e7a5203) Importer(815301076,1909f56bfc062723c751e8b465ee728b)
Start importing Assets/PolygonFarm/Prefabs/Plants/SM_Prop_Hemp_01_M.prefab using Guid(8cc2297471acb674bb2861ee5e7a5203) Importer(815301076,1909f56bfc062723c751e8b465ee728b)  -> (artifact id: '7144d72edd42db4686c1bc5de1d757c2') in 0.034109 seconds 
========================================================================
Received Import Request.
  Time since last request: 0.000374 seconds.
  path: Assets/PolygonFarm/Prefabs/Environments/SM_Env_Road_Dirt_Swerve_01.prefab
  artifactKey: Guid(ddccd78fc1206d544aa6c8494af5da57) Importer(815301076,1909f56bfc062723c751e8b465ee728b)
Start importing Assets/PolygonFarm/Prefabs/Environments/SM_Env_Road_Dirt_Swerve_01.prefab using Guid(ddccd78fc1206d544aa6c8494af5da57) Importer(815301076,1909f56bfc062723c751e8b465ee728b)  -> (artifact id: '84672448291e00d355bd8c6cd90547f0') in 0.034397 seconds 
========================================================================
Received Import Request.
  Time since last request: 0.004696 seconds.
  path: Assets/PolygonFarm/Prefabs/Environments/SM_Env_Tree_Plum_01.prefab
  artifactKey: Guid(33c7ef22276c69f4693a6f0fa2810aa9) Importer(815301076,1909f56bfc062723c751e8b465ee728b)
Start importing Assets/PolygonFarm/Prefabs/Environments/SM_Env_Tree_Plum_01.prefab using Guid(33c7ef22276c69f4693a6f0fa2810aa9) Importer(815301076,1909f56bfc062723c751e8b465ee728b)  -> (artifact id: '0acc6eb9dc4a24993f3d890cd6f02d73') in 0.044943 seconds 
========================================================================
Received Import Request.
  Time since last request: 0.000023 seconds.
  path: Assets/PolygonFarm/Prefabs/Environments/SM_Env_Reeds_02.prefab
  artifactKey: Guid(b94828a970874884ea230c66242edc74) Importer(815301076,1909f56bfc062723c751e8b465ee728b)
Start importing Assets/PolygonFarm/Prefabs/Environments/SM_Env_Reeds_02.prefab using Guid(b94828a970874884ea230c66242edc74) Importer(815301076,1909f56bfc062723c751e8b465ee728b)  -> (artifact id: 'f95397d54aae22c99f44e47d29c790c6') in 0.044186 seconds 
========================================================================
Received Import Request.
  Time since last request: 0.000081 seconds.
  path: Assets/PolygonFarm/Prefabs/Plants/SM_Prop_Carrot_01_L.prefab
  artifactKey: Guid(6d30e14ec4d9bf240be449faa7956c55) Importer(815301076,1909f56bfc062723c751e8b465ee728b)
Start importing Assets/PolygonFarm/Prefabs/Plants/SM_Prop_Carrot_01_L.prefab using Guid(6d30e14ec4d9bf240be449faa7956c55) Importer(815301076,1909f56bfc062723c751e8b465ee728b)  -> (artifact id: '8555e9dab90506494b7d0b5f4e10c858') in 0.033348 seconds 
========================================================================
Received Import Request.
  Time since last request: 0.001376 seconds.
  path: Assets/PolygonFarm/Prefabs/Plants/SM_Prop_Cucumber_01_S.prefab
  artifactKey: Guid(b78884f8290c9ef479821c4486c2cb69) Importer(815301076,1909f56bfc062723c751e8b465ee728b)
Start importing Assets/PolygonFarm/Prefabs/Plants/SM_Prop_Cucumber_01_S.prefab using Guid(b78884f8290c9ef479821c4486c2cb69) Importer(815301076,1909f56bfc062723c751e8b465ee728b)  -> (artifact id: '3adf144a61a754decf346dd10ff7716c') in 0.037852 seconds 
========================================================================
Received Import Request.
  Time since last request: 0.000064 seconds.
  path: Assets/PolygonFarm/Prefabs/Plants/SM_Prop_Lemon_01.prefab
  artifactKey: Guid(8a6867218620e394a9a25cf0f99719b1) Importer(815301076,1909f56bfc062723c751e8b465ee728b)
Start importing Assets/PolygonFarm/Prefabs/Plants/SM_Prop_Lemon_01.prefab using Guid(8a6867218620e394a9a25cf0f99719b1) Importer(815301076,1909f56bfc062723c751e8b465ee728b)  -> (artifact id: '6a50b8e9850af0ec2cbd6bf7beac6f47') in 0.031192 seconds 
========================================================================
Received Import Request.
  Time since last request: 0.000021 seconds.
  path: Assets/PolygonFarm/Prefabs/Plants/SM_Prop_Cabbage_01_M.prefab
  artifactKey: Guid(c6ad92f3822941a4b87102b4515d3412) Importer(815301076,1909f56bfc062723c751e8b465ee728b)
Start importing Assets/PolygonFarm/Prefabs/Plants/SM_Prop_Cabbage_01_M.prefab using Guid(c6ad92f3822941a4b87102b4515d3412) Importer(815301076,1909f56bfc062723c751e8b465ee728b)  -> (artifact id: '449b543bb1e7942916426a3b5af37221') in 0.037833 seconds 
========================================================================
Received Import Request.
  Time since last request: 0.000018 seconds.
  path: Assets/PolygonFarm/Prefabs/Plants/SM_Prop_Bean_01_Group.prefab
  artifactKey: Guid(8346ee13438b80a4fadf27ff5f7a4d8f) Importer(815301076,1909f56bfc062723c751e8b465ee728b)
Start importing Assets/PolygonFarm/Prefabs/Plants/SM_Prop_Bean_01_Group.prefab using Guid(8346ee13438b80a4fadf27ff5f7a4d8f) Importer(815301076,1909f56bfc062723c751e8b465ee728b)  -> (artifact id: '1170cb14e4b18a88c82250b5723f1696') in 0.037486 seconds 
========================================================================
Received Import Request.
  Time since last request: 0.000021 seconds.
  path: Assets/PolygonFarm/Prefabs/Plants/SM_Prop_Eggplant_01_S.prefab
  artifactKey: Guid(4e6b7ab060283784e9cbb73ed1b88556) Importer(815301076,1909f56bfc062723c751e8b465ee728b)
Start importing Assets/PolygonFarm/Prefabs/Plants/SM_Prop_Eggplant_01_S.prefab using Guid(4e6b7ab060283784e9cbb73ed1b88556) Importer(815301076,1909f56bfc062723c751e8b465ee728b)  -> (artifact id: '777f84e5d8594d58bd1f3d46354d7187') in 0.036178 seconds 
========================================================================
Received Import Request.
  Time since last request: 0.000345 seconds.
  path: Assets/PolygonFarm/Prefabs/Environments/SM_Env_Tree_Plum_Grown_01.prefab
  artifactKey: Guid(630338913b6d039448f2a32c95f5094c) Importer(815301076,1909f56bfc062723c751e8b465ee728b)
Start importing Assets/PolygonFarm/Prefabs/Environments/SM_Env_Tree_Plum_Grown_01.prefab using Guid(630338913b6d039448f2a32c95f5094c) Importer(815301076,1909f56bfc062723c751e8b465ee728b)  -> (artifact id: '98cd0b9f18b522a7baab106bdf60f31d') in 0.032392 seconds 
========================================================================
Received Import Request.
  Time since last request: 0.000529 seconds.
  path: Assets/PolygonFarm/Prefabs/Plants/SM_Prop_Chilli_01_L.prefab
  artifactKey: Guid(19029ffb194ad41488821c5bddc8e243) Importer(815301076,1909f56bfc062723c751e8b465ee728b)
Start importing Assets/PolygonFarm/Prefabs/Plants/SM_Prop_Chilli_01_L.prefab using Guid(19029ffb194ad41488821c5bddc8e243) Importer(815301076,1909f56bfc062723c751e8b465ee728b)  -> (artifact id: '13a1feb4fae05d2b6b4ec9b38796239e') in 0.042160 seconds 
========================================================================
Received Import Request.
  Time since last request: 0.000022 seconds.
  path: Assets/PolygonFarm/Prefabs/Plants/SM_Prop_Box_Plum_01.prefab
  artifactKey: Guid(6961a3adeeb3e59438b079ca8556372e) Importer(815301076,1909f56bfc062723c751e8b465ee728b)
Start importing Assets/PolygonFarm/Prefabs/Plants/SM_Prop_Box_Plum_01.prefab using Guid(6961a3adeeb3e59438b079ca8556372e) Importer(815301076,1909f56bfc062723c751e8b465ee728b)  -> (artifact id: 'e6242543aa9507fa76fb3aff1363285b') in 0.060053 seconds 
========================================================================
Received Import Request.
  Time since last request: 0.000022 seconds.
  path: Assets/PolygonFarm/Prefabs/Plants/SM_Prop_Carrot_01_S.prefab
  artifactKey: Guid(a74d9e41a3e780f47b3278a49fe842da) Importer(815301076,1909f56bfc062723c751e8b465ee728b)
Start importing Assets/PolygonFarm/Prefabs/Plants/SM_Prop_Carrot_01_S.prefab using Guid(a74d9e41a3e780f47b3278a49fe842da) Importer(815301076,1909f56bfc062723c751e8b465ee728b)  -> (artifact id: '13721d1d05ec7535dd2fe6deba96846d') in 0.053882 seconds 
========================================================================
Received Import Request.
  Time since last request: 0.000029 seconds.
  path: Assets/PolygonFarm/Prefabs/Plants/SM_Prop_Bean_01_S.prefab
  artifactKey: Guid(731f5890fee0b434f9fcd76c3c175d52) Importer(815301076,1909f56bfc062723c751e8b465ee728b)
Start importing Assets/PolygonFarm/Prefabs/Plants/SM_Prop_Bean_01_S.prefab using Guid(731f5890fee0b434f9fcd76c3c175d52) Importer(815301076,1909f56bfc062723c751e8b465ee728b)  -> (artifact id: '776ddd159f181715494d18e2ca3a74bd') in 0.040028 seconds 
========================================================================
Received Import Request.
  Time since last request: 0.000240 seconds.
  path: Assets/PolygonFarm/Prefabs/Environments/SM_Env_Tree_Orange_Grown_01.prefab
  artifactKey: Guid(99c39d367e6112d4c811f0b545bb1da7) Importer(815301076,1909f56bfc062723c751e8b465ee728b)
Start importing Assets/PolygonFarm/Prefabs/Environments/SM_Env_Tree_Orange_Grown_01.prefab using Guid(99c39d367e6112d4c811f0b545bb1da7) Importer(815301076,1909f56bfc062723c751e8b465ee728b)  -> (artifact id: '4edbbc13a1db2856da99ccb18f015ce4') in 0.041048 seconds 
========================================================================
Received Import Request.
  Time since last request: 0.000026 seconds.
  path: Assets/PolygonFarm/Prefabs/Plants/SM_Prop_Box_Onion_01.prefab
  artifactKey: Guid(06cb4a5b385913d43b1f570fad9413ff) Importer(815301076,1909f56bfc062723c751e8b465ee728b)
Start importing Assets/PolygonFarm/Prefabs/Plants/SM_Prop_Box_Onion_01.prefab using Guid(06cb4a5b385913d43b1f570fad9413ff) Importer(815301076,1909f56bfc062723c751e8b465ee728b)  -> (artifact id: '31fb8e53123c3bc194eeed9dff97d26d') in 0.023356 seconds 
========================================================================
Received Import Request.
  Time since last request: 0.001045 seconds.
  path: Assets/PolygonFarm/Prefabs/Plants/SM_Prop_Beetroot_01.prefab
  artifactKey: Guid(435c0173f537ec94a883d3eb4e63c64f) Importer(815301076,1909f56bfc062723c751e8b465ee728b)
Start importing Assets/PolygonFarm/Prefabs/Plants/SM_Prop_Beetroot_01.prefab using Guid(435c0173f537ec94a883d3eb4e63c64f) Importer(815301076,1909f56bfc062723c751e8b465ee728b)  -> (artifact id: '6d5205a7ddddfb217f6b69275cab814b') in 0.035211 seconds 
========================================================================
Received Import Request.
  Time since last request: 0.000054 seconds.
  path: Assets/PolygonFarm/Prefabs/Environments/SM_Env_Road_Dirt_Corner_02.prefab
  artifactKey: Guid(43cd6eec4b602fc41960093514293b8d) Importer(815301076,1909f56bfc062723c751e8b465ee728b)
Start importing Assets/PolygonFarm/Prefabs/Environments/SM_Env_Road_Dirt_Corner_02.prefab using Guid(43cd6eec4b602fc41960093514293b8d) Importer(815301076,1909f56bfc062723c751e8b465ee728b)  -> (artifact id: '8b104b1088115369324fa614c0c99e10') in 0.034583 seconds 
========================================================================
Received Import Request.
  Time since last request: 0.000019 seconds.
  path: Assets/PolygonFarm/Prefabs/Plants/SM_Prop_Apricot_01_Group.prefab
  artifactKey: Guid(2b95764311e8fc34dbd0f12ea4174858) Importer(815301076,1909f56bfc062723c751e8b465ee728b)
Start importing Assets/PolygonFarm/Prefabs/Plants/SM_Prop_Apricot_01_Group.prefab using Guid(2b95764311e8fc34dbd0f12ea4174858) Importer(815301076,1909f56bfc062723c751e8b465ee728b)  -> (artifact id: '02faa03492fd6eedeb6a12ec40a08028') in 0.040906 seconds 
========================================================================
Received Import Request.
  Time since last request: 0.000033 seconds.
  path: Assets/PolygonFarm/Prefabs/Plants/SM_Prop_Cherry_01_Group.prefab
  artifactKey: Guid(7e3755c2c9c380c45969ce896683f6f7) Importer(815301076,1909f56bfc062723c751e8b465ee728b)
Start importing Assets/PolygonFarm/Prefabs/Plants/SM_Prop_Cherry_01_Group.prefab using Guid(7e3755c2c9c380c45969ce896683f6f7) Importer(815301076,1909f56bfc062723c751e8b465ee728b)  -> (artifact id: '17f3176f77138e61c9addda413730399') in 0.043335 seconds 
========================================================================
Received Import Request.
  Time since last request: 0.000148 seconds.
  path: Assets/PolygonFarm/Prefabs/Plants/SM_Prop_Eggplant_01_M.prefab
  artifactKey: Guid(0bbd394fb520f9a478c060434dd93bd4) Importer(815301076,1909f56bfc062723c751e8b465ee728b)
Start importing Assets/PolygonFarm/Prefabs/Plants/SM_Prop_Eggplant_01_M.prefab using Guid(0bbd394fb520f9a478c060434dd93bd4) Importer(815301076,1909f56bfc062723c751e8b465ee728b)  -> (artifact id: '09abd0ccca9f1c76228b597472923605') in 0.023582 seconds 
========================================================================
Received Import Request.
  Time since last request: 0.000218 seconds.
  path: Assets/PolygonFarm/Prefabs/Plants/SM_Prop_Asparagus_01_M.prefab
  artifactKey: Guid(8f45b7942c1ff18468b2abb9a71db34e) Importer(815301076,1909f56bfc062723c751e8b465ee728b)
Start importing Assets/PolygonFarm/Prefabs/Plants/SM_Prop_Asparagus_01_M.prefab using Guid(8f45b7942c1ff18468b2abb9a71db34e) Importer(815301076,1909f56bfc062723c751e8b465ee728b)  -> (artifact id: '66cd5fc406f7c74e70357b415b2fd2f6') in 0.035935 seconds 
========================================================================
Received Import Request.
  Time since last request: 0.000019 seconds.
  path: Assets/PolygonFarm/Prefabs/Plants/SM_Prop_Asparagus_01_Single.prefab
  artifactKey: Guid(e3cd2366cd48f8347b692d6d72893b3c) Importer(815301076,1909f56bfc062723c751e8b465ee728b)
Start importing Assets/PolygonFarm/Prefabs/Plants/SM_Prop_Asparagus_01_Single.prefab using Guid(e3cd2366cd48f8347b692d6d72893b3c) Importer(815301076,1909f56bfc062723c751e8b465ee728b)  -> (artifact id: 'c2fc9887ff1234f597ff295c3d718e98') in 0.035055 seconds 
========================================================================
Received Import Request.
  Time since last request: 0.000023 seconds.
  path: Assets/PolygonFarm/Prefabs/Plants/SM_Prop_Cherry_01.prefab
  artifactKey: Guid(86ecf396d4e5910469b09c9cc730940d) Importer(815301076,1909f56bfc062723c751e8b465ee728b)
Start importing Assets/PolygonFarm/Prefabs/Plants/SM_Prop_Cherry_01.prefab using Guid(86ecf396d4e5910469b09c9cc730940d) Importer(815301076,1909f56bfc062723c751e8b465ee728b)  -> (artifact id: 'beaad876be497b417c192d0580c5c325') in 0.033135 seconds 
========================================================================
Received Import Request.
  Time since last request: 0.000018 seconds.
  path: Assets/PolygonFarm/Prefabs/Plants/SM_Prop_Orange_01.prefab
  artifactKey: Guid(fa7f775c093a7474ab39c7ac5c51fe61) Importer(815301076,1909f56bfc062723c751e8b465ee728b)
Start importing Assets/PolygonFarm/Prefabs/Plants/SM_Prop_Orange_01.prefab using Guid(fa7f775c093a7474ab39c7ac5c51fe61) Importer(815301076,1909f56bfc062723c751e8b465ee728b)  -> (artifact id: '985840e64ac45df1ed2352c63ed0fd6b') in 0.090289 seconds 
========================================================================
Received Import Request.
  Time since last request: 0.000025 seconds.
  path: Assets/PolygonFarm/Prefabs/Environments/SM_Env_Tree_Large_01.prefab
  artifactKey: Guid(a8d49857a659bcb409bc5dbbbba90cca) Importer(815301076,1909f56bfc062723c751e8b465ee728b)
Start importing Assets/PolygonFarm/Prefabs/Environments/SM_Env_Tree_Large_01.prefab using Guid(a8d49857a659bcb409bc5dbbbba90cca) Importer(815301076,1909f56bfc062723c751e8b465ee728b)  -> (artifact id: 'ed902f749918d066ee3197af43dc6556') in 0.045987 seconds 
========================================================================
Received Import Request.
  Time since last request: 0.000183 seconds.
  path: Assets/PolygonFarm/Prefabs/Plants/SM_Prop_Onion_01_M.prefab
  artifactKey: Guid(4e46d6f185e48d64baf0d2527861b434) Importer(815301076,1909f56bfc062723c751e8b465ee728b)
Start importing Assets/PolygonFarm/Prefabs/Plants/SM_Prop_Onion_01_M.prefab using Guid(4e46d6f185e48d64baf0d2527861b434) Importer(815301076,1909f56bfc062723c751e8b465ee728b)  -> (artifact id: 'ed39a13bb39fec9d6dcee943b62c349b') in 0.039526 seconds 
========================================================================
Received Import Request.
  Time since last request: 0.000023 seconds.
  path: Assets/PolygonFarm/Prefabs/Environments/SM_Env_Tree_Orange_01.prefab
  artifactKey: Guid(fc49cae4c1ad08d46a005b4b1887af6f) Importer(815301076,1909f56bfc062723c751e8b465ee728b)
Start importing Assets/PolygonFarm/Prefabs/Environments/SM_Env_Tree_Orange_01.prefab using Guid(fc49cae4c1ad08d46a005b4b1887af6f) Importer(815301076,1909f56bfc062723c751e8b465ee728b)  -> (artifact id: 'e3bc1590576a3a651939fcabbb713df9') in 0.045624 seconds 
========================================================================
Received Import Request.
  Time since last request: 0.000026 seconds.
  path: Assets/PolygonFarm/Prefabs/Environments/SM_Env_Tree_Peach_01.prefab
  artifactKey: Guid(a52810e688e835448a41ba5bf29a7570) Importer(815301076,1909f56bfc062723c751e8b465ee728b)
Start importing Assets/PolygonFarm/Prefabs/Environments/SM_Env_Tree_Peach_01.prefab using Guid(a52810e688e835448a41ba5bf29a7570) Importer(815301076,1909f56bfc062723c751e8b465ee728b)  -> (artifact id: 'df1bd9e23cf24b5119d286cb3ed6a15d') in 0.036789 seconds 
========================================================================
Received Import Request.
  Time since last request: 0.000046 seconds.
  path: Assets/PolygonFarm/Prefabs/Environments/SM_Env_Tree_Apple_Grown_01.prefab
  artifactKey: Guid(012abc7abe0517b43ab980b30563df5f) Importer(815301076,1909f56bfc062723c751e8b465ee728b)
Start importing Assets/PolygonFarm/Prefabs/Environments/SM_Env_Tree_Apple_Grown_01.prefab using Guid(012abc7abe0517b43ab980b30563df5f) Importer(815301076,1909f56bfc062723c751e8b465ee728b)  -> (artifact id: '1e6373b216b7a01fd1e1b57432b16468') in 0.042684 seconds 
========================================================================
Received Import Request.
  Time since last request: 0.001258 seconds.
  path: Assets/PolygonFarm/Prefabs/Plants/SM_Prop_Onion_01.prefab
  artifactKey: Guid(c6736526f4455fc4ca9c9fc422e72ba9) Importer(815301076,1909f56bfc062723c751e8b465ee728b)
Start importing Assets/PolygonFarm/Prefabs/Plants/SM_Prop_Onion_01.prefab using Guid(c6736526f4455fc4ca9c9fc422e72ba9) Importer(815301076,1909f56bfc062723c751e8b465ee728b)  -> (artifact id: 'c91ae2349566ef712858ce4ac04119be') in 0.034451 seconds 
========================================================================
Received Import Request.
  Time since last request: 0.000078 seconds.
  path: Assets/PolygonFarm/Prefabs/Plants/SM_Prop_Asparagus_01_S.prefab
  artifactKey: Guid(774956914f9686a42a23c51562a3fa43) Importer(815301076,1909f56bfc062723c751e8b465ee728b)
Start importing Assets/PolygonFarm/Prefabs/Plants/SM_Prop_Asparagus_01_S.prefab using Guid(774956914f9686a42a23c51562a3fa43) Importer(815301076,1909f56bfc062723c751e8b465ee728b)  -> (artifact id: '3e55a8598eacd0b13ccdba4cdbbc4391') in 0.036934 seconds 
========================================================================
Received Import Request.
  Time since last request: 0.000240 seconds.
  path: Assets/PolygonFarm/Prefabs/Environments/SM_Env_Road_GrassEdge_01.prefab
  artifactKey: Guid(ee7d4667b729aa248830ab7727bf2698) Importer(815301076,1909f56bfc062723c751e8b465ee728b)
Start importing Assets/PolygonFarm/Prefabs/Environments/SM_Env_Road_GrassEdge_01.prefab using Guid(ee7d4667b729aa248830ab7727bf2698) Importer(815301076,1909f56bfc062723c751e8b465ee728b)  -> (artifact id: '7c7fdd33abfe480a5fe0f6805e417dbe') in 0.032956 seconds 
========================================================================
Received Import Request.
  Time since last request: 0.000187 seconds.
  path: Assets/PolygonFarm/Prefabs/Plants/SM_Prop_Corn_01_Group.prefab
  artifactKey: Guid(be0c2b294c4f84945ae8baaeea3e386f) Importer(815301076,1909f56bfc062723c751e8b465ee728b)
Start importing Assets/PolygonFarm/Prefabs/Plants/SM_Prop_Corn_01_Group.prefab using Guid(be0c2b294c4f84945ae8baaeea3e386f) Importer(815301076,1909f56bfc062723c751e8b465ee728b)  -> (artifact id: '35ef3de8034ff2139daf13b63a729a72') in 0.061511 seconds 
========================================================================
Received Import Request.
  Time since last request: 0.401976 seconds.
  path: Assets/PolygonFarm/Textures/Circle_Texture.png
  artifactKey: Guid(83a0670cbd2e81e459efd68fd73382b1) Importer(815301076,1909f56bfc062723c751e8b465ee728b)
Start importing Assets/PolygonFarm/Textures/Circle_Texture.png using Guid(83a0670cbd2e81e459efd68fd73382b1) Importer(815301076,1909f56bfc062723c751e8b465ee728b)  -> (artifact id: '8e4f856fc0edcd4bf6b994d56d958474') in 0.060112 seconds 
========================================================================
Received Import Request.
  Time since last request: 0.001164 seconds.
  path: Assets/PolygonFarm/Textures/PolygonFarm_Texture_02_C.png
  artifactKey: Guid(ccab993996c89f8438dbd423e86619a8) Importer(815301076,1909f56bfc062723c751e8b465ee728b)
Start importing Assets/PolygonFarm/Textures/PolygonFarm_Texture_02_C.png using Guid(ccab993996c89f8438dbd423e86619a8) Importer(815301076,1909f56bfc062723c751e8b465ee728b)  -> (artifact id: '968c98c51e68eb585f2c9b3a0c8aa004') in 0.023468 seconds 
========================================================================
Received Import Request.
  Time since last request: 0.000029 seconds.
  path: Assets/PolygonFarm/Textures/PolygonFarm_Texture_02_B.png
  artifactKey: Guid(b52f211dca5e2a74a811ec3d1899b7d1) Importer(815301076,1909f56bfc062723c751e8b465ee728b)
Start importing Assets/PolygonFarm/Textures/PolygonFarm_Texture_02_B.png using Guid(b52f211dca5e2a74a811ec3d1899b7d1) Importer(815301076,1909f56bfc062723c751e8b465ee728b)  -> (artifact id: '99219e14254a7418c3896fbf3e621b4b') in 0.038286 seconds 
========================================================================
Received Import Request.
  Time since last request: 0.000020 seconds.
  path: Assets/PolygonFarm/Textures/PolygonFarm_Texture_01_A.png
  artifactKey: Guid(04b7bb4212f0e9b498769b2077336c89) Importer(815301076,1909f56bfc062723c751e8b465ee728b)
Start importing Assets/PolygonFarm/Textures/PolygonFarm_Texture_01_A.png using Guid(04b7bb4212f0e9b498769b2077336c89) Importer(815301076,1909f56bfc062723c751e8b465ee728b)  -> (artifact id: 'cf7c3459c6701e737a7954e96da82b0a') in 0.034007 seconds 
========================================================================
Received Import Request.
  Time since last request: 0.000023 seconds.
  path: Assets/PolygonFarm/Textures/PolygonFarm_Texture_04_C.png
  artifactKey: Guid(2f195a6e50bbd234da354fb09cc9d850) Importer(815301076,1909f56bfc062723c751e8b465ee728b)
Start importing Assets/PolygonFarm/Textures/PolygonFarm_Texture_04_C.png using Guid(2f195a6e50bbd234da354fb09cc9d850) Importer(815301076,1909f56bfc062723c751e8b465ee728b)  -> (artifact id: '9de7cc901273f4be444a6a3b1ec9699d') in 0.037108 seconds 
========================================================================
Received Import Request.
  Time since last request: 0.000408 seconds.
  path: Assets/PolygonFarm/Textures/PolygonFarm_Texture_01_C.png
  artifactKey: Guid(f6c6c8dff868940499d666549f361772) Importer(815301076,1909f56bfc062723c751e8b465ee728b)
Start importing Assets/PolygonFarm/Textures/PolygonFarm_Texture_01_C.png using Guid(f6c6c8dff868940499d666549f361772) Importer(815301076,1909f56bfc062723c751e8b465ee728b)  -> (artifact id: 'e48ada3a5460080fa9213b0d4d00101e') in 0.040198 seconds 
========================================================================
Received Import Request.
  Time since last request: 0.000429 seconds.
  path: Assets/PolygonFarm/Textures/Leaves_Normals.png
  artifactKey: Guid(04a6fcb36a4578b428a2bb71ced3e8f2) Importer(815301076,1909f56bfc062723c751e8b465ee728b)
Start importing Assets/PolygonFarm/Textures/Leaves_Normals.png using Guid(04a6fcb36a4578b428a2bb71ced3e8f2) Importer(815301076,1909f56bfc062723c751e8b465ee728b)  -> (artifact id: 'da1f4261aee90a67a03e0963505d0e25') in 0.040220 seconds 
========================================================================
Received Import Request.
  Time since last request: 0.000027 seconds.
  path: Assets/PolygonFarm/Textures/Leaves_Diff.tga
  artifactKey: Guid(93e7868b9d826c04b98475b232afa1a2) Importer(815301076,1909f56bfc062723c751e8b465ee728b)
Start importing Assets/PolygonFarm/Textures/Leaves_Diff.tga using Guid(93e7868b9d826c04b98475b232afa1a2) Importer(815301076,1909f56bfc062723c751e8b465ee728b)  -> (artifact id: '8e71adfe3e584d8bb3cd0896e6b61af8') in 0.037236 seconds 
========================================================================
Received Import Request.
  Time since last request: 0.000027 seconds.
  path: Assets/PolygonFarm/Textures/PolygonFarm_Texture_03_A.png
  artifactKey: Guid(52dd7ff639e37c6438d85383e89170ca) Importer(815301076,1909f56bfc062723c751e8b465ee728b)
Start importing Assets/PolygonFarm/Textures/PolygonFarm_Texture_03_A.png using Guid(52dd7ff639e37c6438d85383e89170ca) Importer(815301076,1909f56bfc062723c751e8b465ee728b)  -> (artifact id: '25fd859b82d291550497ea5f41c4fb93') in 0.037965 seconds 
========================================================================
Received Import Request.
  Time since last request: 0.000168 seconds.
  path: Assets/PolygonFarm/Textures/PolygonFarm_Texture_01_B.png
  artifactKey: Guid(c01edb0891339db49b47c49b00827d09) Importer(815301076,1909f56bfc062723c751e8b465ee728b)
Start importing Assets/PolygonFarm/Textures/PolygonFarm_Texture_01_B.png using Guid(c01edb0891339db49b47c49b00827d09) Importer(815301076,1909f56bfc062723c751e8b465ee728b)  -> (artifact id: '5fd5a1168c1578a3a93f9af112c21559') in 0.030158 seconds 
========================================================================
Received Import Request.
  Time since last request: 0.000021 seconds.
  path: Assets/PolygonFarm/Textures/PolygonFarm_Texture_04_A.png
  artifactKey: Guid(30ba64d9d0301f54e923f16315503804) Importer(815301076,1909f56bfc062723c751e8b465ee728b)
Start importing Assets/PolygonFarm/Textures/PolygonFarm_Texture_04_A.png using Guid(30ba64d9d0301f54e923f16315503804) Importer(815301076,1909f56bfc062723c751e8b465ee728b)  -> (artifact id: '61b3dfa7cbba066f168e1765ec74b760') in 0.029133 seconds 
========================================================================
Received Import Request.
  Time since last request: 4.743416 seconds.
  path: Assets/PolygonFarm/POLYGON_Farm_PostProfile_v1.asset
  artifactKey: Guid(90c15431dfbe21545b72963050a7c1cd) Importer(815301076,1909f56bfc062723c751e8b465ee728b)
Start importing Assets/PolygonFarm/POLYGON_Farm_PostProfile_v1.asset using Guid(90c15431dfbe21545b72963050a7c1cd) Importer(815301076,1909f56bfc062723c751e8b465ee728b)  -> (artifact id: 'ee5d891fc661d61645e092651c3125ff') in 0.008232 seconds 
========================================================================
Received Import Request.
  Time since last request: 3.163489 seconds.
  path: Assets/PolygonFarm/Prefabs
  artifactKey: Guid(0f4ada796a1aea340bedc3147db10482) Importer(815301076,1909f56bfc062723c751e8b465ee728b)
Start importing Assets/PolygonFarm/Prefabs using Guid(0f4ada796a1aea340bedc3147db10482) Importer(815301076,1909f56bfc062723c751e8b465ee728b)  -> (artifact id: '923a3432764a10b82e03583088cd15b1') in 0.009216 seconds 
========================================================================
Received Import Request.
  Time since last request: 2.319422 seconds.
  path: Assets/PolygonFarm/Prefabs/Environments
  artifactKey: Guid(8ae4cef18e565ae40b727acc7cc80212) Importer(815301076,1909f56bfc062723c751e8b465ee728b)
Start importing Assets/PolygonFarm/Prefabs/Environments using Guid(8ae4cef18e565ae40b727acc7cc80212) Importer(815301076,1909f56bfc062723c751e8b465ee728b)  -> (artifact id: '1b637a654e39469c850acbc7dff669c7') in 0.008853 seconds 
========================================================================
Received Import Request.
  Time since last request: 1545.459461 seconds.
  path: Assets/PolygonFarm/Prefabs/FX/FX_Dust_Wind_01.prefab
  artifactKey: Guid(a4aa62b80441097409b1b568b8ff5f6b) Importer(815301076,1909f56bfc062723c751e8b465ee728b)
Start importing Assets/PolygonFarm/Prefabs/FX/FX_Dust_Wind_01.prefab using Guid(a4aa62b80441097409b1b568b8ff5f6b) Importer(815301076,1909f56bfc062723c751e8b465ee728b)  -> (artifact id: '18f4d243c396cf920452503ded824cac') in 0.035554 seconds 
========================================================================
Received Import Request.
  Time since last request: 0.000030 seconds.
  path: Assets/PolygonFarm/Prefabs/FX/FX_Pollen_Wind_01.prefab
  artifactKey: Guid(5c72273bb626309448d894165a04778a) Importer(815301076,1909f56bfc062723c751e8b465ee728b)
Start importing Assets/PolygonFarm/Prefabs/FX/FX_Pollen_Wind_01.prefab using Guid(5c72273bb626309448d894165a04778a) Importer(815301076,1909f56bfc062723c751e8b465ee728b)  -> (artifact id: '69314ce744c7369b50026df077eeefe2') in 0.014178 seconds 
========================================================================
Received Import Request.
  Time since last request: 0.000032 seconds.
  path: Assets/PolygonFarm/Prefabs/FX/FX_Rain.prefab
  artifactKey: Guid(44b2d3a52e392d44382e3b13747093f2) Importer(815301076,1909f56bfc062723c751e8b465ee728b)
Start importing Assets/PolygonFarm/Prefabs/FX/FX_Rain.prefab using Guid(44b2d3a52e392d44382e3b13747093f2) Importer(815301076,1909f56bfc062723c751e8b465ee728b)  -> (artifact id: '5428b70943ab988d457a00941e957460') in 0.021768 seconds 
========================================================================
Received Import Request.
  Time since last request: 0.000024 seconds.
  path: Assets/PolygonFarm/Prefabs/FX/FX_Wheat_Spray_01.prefab
  artifactKey: Guid(3de97ffa5eb8c414f9df6753c04ae20b) Importer(815301076,1909f56bfc062723c751e8b465ee728b)
Start importing Assets/PolygonFarm/Prefabs/FX/FX_Wheat_Spray_01.prefab using Guid(3de97ffa5eb8c414f9df6753c04ae20b) Importer(815301076,1909f56bfc062723c751e8b465ee728b)  -> (artifact id: 'd7a1588d7ba772e4d54459d651c368ab') in 0.034116 seconds 
========================================================================
Received Import Request.
  Time since last request: 0.000023 seconds.
  path: Assets/PolygonFarm/Prefabs/FX/FX_Wheat_Collection_01.prefab
  artifactKey: Guid(e87d3db205908984bbeb980f5090f0d1) Importer(815301076,1909f56bfc062723c751e8b465ee728b)
Start importing Assets/PolygonFarm/Prefabs/FX/FX_Wheat_Collection_01.prefab using Guid(e87d3db205908984bbeb980f5090f0d1) Importer(815301076,1909f56bfc062723c751e8b465ee728b)  -> (artifact id: '013126fded0f09932144c38e3fe9b152') in 0.019622 seconds 
========================================================================
Received Import Request.
  Time since last request: 0.000021 seconds.
  path: Assets/PolygonFarm/Prefabs/FX/FX_Sprayer.prefab
  artifactKey: Guid(55e3c77ef99aac14ca7849307bd67015) Importer(815301076,1909f56bfc062723c751e8b465ee728b)
Start importing Assets/PolygonFarm/Prefabs/FX/FX_Sprayer.prefab using Guid(55e3c77ef99aac14ca7849307bd67015) Importer(815301076,1909f56bfc062723c751e8b465ee728b)  -> (artifact id: 'fdf1909115d3781257a0977d9770f71f') in 0.021818 seconds 
========================================================================
Received Import Request.
  Time since last request: 0.000042 seconds.
  path: Assets/PolygonFarm/Prefabs/FX/FX_Vehicle_Dust_01.prefab
  artifactKey: Guid(c74d485ce0256a74b977114354d9507a) Importer(815301076,1909f56bfc062723c751e8b465ee728b)
Start importing Assets/PolygonFarm/Prefabs/FX/FX_Vehicle_Dust_01.prefab using Guid(c74d485ce0256a74b977114354d9507a) Importer(815301076,1909f56bfc062723c751e8b465ee728b)  -> (artifact id: 'fc3b0378f17e27e1c49da379cf72db35') in 0.040078 seconds 
========================================================================
Received Import Request.
  Time since last request: 0.000023 seconds.
  path: Assets/PolygonFarm/Prefabs/FX/FX_Sprinkler_01.prefab
  artifactKey: Guid(d48088796bfe2d04381a53b0f97f9d95) Importer(815301076,1909f56bfc062723c751e8b465ee728b)
Start importing Assets/PolygonFarm/Prefabs/FX/FX_Sprinkler_01.prefab using Guid(d48088796bfe2d04381a53b0f97f9d95) Importer(815301076,1909f56bfc062723c751e8b465ee728b)  -> (artifact id: 'ba07f0c80c7366b5826511d974ab2e0d') in 0.041040 seconds 
Editor requested this worker to shutdown with reason: Scaling down because of idle timeout
AssetImportWorker is now disconnected from the server
Process exiting
Exiting without the bug reporter. Application will terminate with return code 0