Using pre-set license
Built from '2021.3/release' branch; Version is '2021.3.12f1 (8af3c3e441b1) revision 9106371'; Using compiler version '192829333'; Build Type 'Release'
OS: 'Windows 10  (10.0.19044) 64bit Professional' Language: 'es' Physical Memory: 16321 MB
BatchMode: 1, IsHumanControllingUs: 0, StartBugReporterOnCrash: 0, Is64bit: 1, IsPro: 1

COMMAND LINE ARGUMENTS:
C:\Program Files\Unity\Hub\Editor\2021.3.12f1\Editor\Unity.exe
-adb2
-batchMode
-noUpm
-name
AssetImportWorker7
-projectPath
C:/Users/Alumnado 3D/Desktop/3d/Repository/farm/farm
-logFile
Logs/AssetImportWorker7.log
-srvPort
64304
Successfully changed project path to: C:/Users/Alumnado 3D/Desktop/3d/Repository/farm/farm
C:/Users/Alumnado 3D/Desktop/3d/Repository/farm/farm
[UnityMemory] Configuration Parameters - Can be set up in boot.config
    "memorysetup-bucket-allocator-granularity=16"
    "memorysetup-bucket-allocator-bucket-count=8"
    "memorysetup-bucket-allocator-block-size=33554432"
    "memorysetup-bucket-allocator-block-count=8"
    "memorysetup-main-allocator-block-size=16777216"
    "memorysetup-thread-allocator-block-size=16777216"
    "memorysetup-gfx-main-allocator-block-size=16777216"
    "memorysetup-gfx-thread-allocator-block-size=16777216"
    "memorysetup-cache-allocator-block-size=4194304"
    "memorysetup-typetree-allocator-block-size=2097152"
    "memorysetup-profiler-bucket-allocator-granularity=16"
    "memorysetup-profiler-bucket-allocator-bucket-count=8"
    "memorysetup-profiler-bucket-allocator-block-size=33554432"
    "memorysetup-profiler-bucket-allocator-block-count=8"
    "memorysetup-profiler-allocator-block-size=16777216"
    "memorysetup-profiler-editor-allocator-block-size=1048576"
    "memorysetup-temp-allocator-size-main=16777216"
    "memorysetup-job-temp-allocator-block-size=2097152"
    "memorysetup-job-temp-allocator-block-size-background=1048576"
    "memorysetup-job-temp-allocator-reduction-small-platforms=262144"
    "memorysetup-temp-allocator-size-background-worker=32768"
    "memorysetup-temp-allocator-size-job-worker=262144"
    "memorysetup-temp-allocator-size-preload-manager=33554432"
    "memorysetup-temp-allocator-size-nav-mesh-worker=65536"
    "memorysetup-temp-allocator-size-audio-worker=65536"
    "memorysetup-temp-allocator-size-cloud-worker=32768"
    "memorysetup-temp-allocator-size-gi-baking-worker=262144"
    "memorysetup-temp-allocator-size-gfx=262144"
Refreshing native plugins compatible for Editor in 257.52 ms, found 3 plugins.
Preloading 0 native plugins for Editor in 0.00 ms.
Initialize engine version: 2021.3.12f1 (8af3c3e441b1)
[Subsystems] Discovering subsystems at path C:/Program Files/Unity/Hub/Editor/2021.3.12f1/Editor/Data/Resources/UnitySubsystems
[Subsystems] Discovering subsystems at path C:/Users/Alumnado 3D/Desktop/3d/Repository/farm/farm/Assets
GfxDevice: creating device client; threaded=0; jobified=0
Direct3D:
    Version:  Direct3D 11.0 [level 11.0]
    Renderer: NVIDIA GeForce GT 730 (ID=0x1287)
    Vendor:   NVIDIA
    VRAM:     4052 MB
    Driver:   27.21.14.5671
Initialize mono
Mono path[0] = 'C:/Program Files/Unity/Hub/Editor/2021.3.12f1/Editor/Data/Managed'
Mono path[1] = 'C:/Program Files/Unity/Hub/Editor/2021.3.12f1/Editor/Data/MonoBleedingEdge/lib/mono/unityjit-win32'
Mono config path = 'C:/Program Files/Unity/Hub/Editor/2021.3.12f1/Editor/Data/MonoBleedingEdge/etc'
Using monoOptions --debugger-agent=transport=dt_socket,embedding=1,server=y,suspend=n,address=127.0.0.1:56744
Begin MonoManager ReloadAssembly
Registering precompiled unity dll's ...
Register platform support module: C:/Program Files/Unity/Hub/Editor/2021.3.12f1/Editor/Data/PlaybackEngines/AndroidPlayer/UnityEditor.Android.Extensions.dll
Register platform support module: C:/Program Files/Unity/Hub/Editor/2021.3.12f1/Editor/Data/PlaybackEngines/WindowsStandaloneSupport/UnityEditor.WindowsStandalone.Extensions.dll
Registered in 0.010175 seconds.
Native extension for WindowsStandalone target not found
Native extension for Android target not found
Refreshing native plugins compatible for Editor in 132.59 ms, found 3 plugins.
Preloading 0 native plugins for Editor in 0.00 ms.
Mono: successfully reloaded assembly
- Completed reload, in  0.803 seconds
Domain Reload Profiling:
	ReloadAssembly (803ms)
		BeginReloadAssembly (86ms)
			ExecutionOrderSort (0ms)
			DisableScriptedObjects (0ms)
			BackupInstance (0ms)
			ReleaseScriptingObjects (0ms)
			CreateAndSetChildDomain (1ms)
		EndReloadAssembly (588ms)
			LoadAssemblies (84ms)
			RebuildTransferFunctionScriptingTraits (0ms)
			SetupTypeCache (121ms)
			ReleaseScriptCaches (0ms)
			RebuildScriptCaches (34ms)
			SetupLoadedEditorAssemblies (373ms)
				LogAssemblyErrors (0ms)
				InitializePlatformSupportModulesInManaged (65ms)
				SetLoadedEditorAssemblies (0ms)
				RefreshPlugins (133ms)
				BeforeProcessingInitializeOnLoad (2ms)
				ProcessInitializeOnLoadAttributes (124ms)
				ProcessInitializeOnLoadMethodAttributes (49ms)
				AfterProcessingInitializeOnLoad (0ms)
				EditorAssembliesLoaded (0ms)
			ExecutionOrderSort2 (0ms)
			AwakeInstancesAfterBackupRestoration (0ms)
Platform modules already initialized, skipping
Registering precompiled user dll's ...
Registered in 0.009582 seconds.
Begin MonoManager ReloadAssembly
Symbol file LoadedFromMemory doesn't match image C:\Users\Alumnado 3D\Desktop\3d\Repository\farm\farm\Library\PackageCache\com.unity.visualscripting@1.7.8\Editor\VisualScripting.Core\Dependencies\DotNetZip\Unity.VisualScripting.IonicZip.dll
Symbol file LoadedFromMemory doesn't match image C:\Users\Alumnado 3D\Desktop\3d\Repository\farm\farm\Library\PackageCache\com.unity.visualscripting@1.7.8\Editor\VisualScripting.Core\Dependencies\YamlDotNet\Unity.VisualScripting.YamlDotNet.dll
Native extension for WindowsStandalone target not found
Native extension for Android target not found
Refreshing native plugins compatible for Editor in 1.00 ms, found 3 plugins.
Preloading 0 native plugins for Editor in 0.00 ms.
Package Manager log level set to [2]
Mono: successfully reloaded assembly
- Completed reload, in  1.531 seconds
Domain Reload Profiling:
	ReloadAssembly (1532ms)
		BeginReloadAssembly (238ms)
			ExecutionOrderSort (0ms)
			DisableScriptedObjects (7ms)
			BackupInstance (0ms)
			ReleaseScriptingObjects (0ms)
			CreateAndSetChildDomain (126ms)
		EndReloadAssembly (1157ms)
			LoadAssemblies (108ms)
			RebuildTransferFunctionScriptingTraits (0ms)
			SetupTypeCache (346ms)
			ReleaseScriptCaches (1ms)
			RebuildScriptCaches (70ms)
			SetupLoadedEditorAssemblies (585ms)
				LogAssemblyErrors (0ms)
				InitializePlatformSupportModulesInManaged (17ms)
				SetLoadedEditorAssemblies (1ms)
				RefreshPlugins (1ms)
				BeforeProcessingInitializeOnLoad (133ms)
				ProcessInitializeOnLoadAttributes (271ms)
				ProcessInitializeOnLoadMethodAttributes (151ms)
				AfterProcessingInitializeOnLoad (10ms)
				EditorAssembliesLoaded (0ms)
			ExecutionOrderSort2 (0ms)
			AwakeInstancesAfterBackupRestoration (7ms)
Platform modules already initialized, skipping
========================================================================
Worker process is ready to serve import requests
Launched and connected shader compiler UnityShaderCompiler.exe after 0.04 seconds
Refreshing native plugins compatible for Editor in 0.96 ms, found 3 plugins.
Preloading 0 native plugins for Editor in 0.00 ms.
Unloading 4119 Unused Serialized files (Serialized files now loaded: 0)
Unloading 68 unused Assets / (114.4 KB). Loaded Objects now: 4549.
Memory consumption went from 138.3 MB to 138.2 MB.
Total: 7.053000 ms (FindLiveObjects: 0.453500 ms CreateObjectMapping: 0.332100 ms MarkObjects: 6.137700 ms  DeleteObjects: 0.128900 ms)

AssetImportParameters requested are different than current active one (requested -> active):
  custom:video-decoder-ogg-theora: a1e56fd34408186e4bbccfd4996cb3dc -> 
  custom:container-muxer-webm: aa71ff27fc2769a1b78a27578f13a17b -> 
  custom:container-demuxer-webm: 4f35f7cbe854078d1ac9338744f61a02 -> 
  custom:video-encoder-webm-vp8: eb34c28f22e8b96e1ab97ce403110664 -> 
  custom:audio-encoder-webm-vorbis: bf7c407c2cedff20999df2af8eb42d56 -> 
  custom:framework-win-MediaFoundation: 216162199b28c13a410421893ffa2e32 -> 
  custom:container-demuxer-ogg: 62fdf1f143b41e24485cea50d1cbac27 -> 
  custom:video-decoder-webm-vp8: 9c59270c3fd7afecdb556c50c9e8de78 -> 
  custom:audio-decoder-ogg-vorbis: bf7c407c2cedff20999df2af8eb42d56 -> 
========================================================================
Received Import Request.
  Time since last request: 7405.972713 seconds.
  path: Assets/PolygonFarm/Prefabs/Plants/SM_Prop_Plant_Bush_02_Tomato.prefab
  artifactKey: Guid(9bf2c79eafa22814a8bd2e6b64647e20) Importer(815301076,1909f56bfc062723c751e8b465ee728b)
Start importing Assets/PolygonFarm/Prefabs/Plants/SM_Prop_Plant_Bush_02_Tomato.prefab using Guid(9bf2c79eafa22814a8bd2e6b64647e20) Importer(815301076,1909f56bfc062723c751e8b465ee728b)  -> (artifact id: '4f638c8cb57c87ed474e3801eb081d44') in 0.482253 seconds 
========================================================================
Received Import Request.
  Time since last request: 0.000083 seconds.
  path: Assets/PolygonFarm/Prefabs/Plants/SM_Prop_Squash_Delicata_01_M.prefab
  artifactKey: Guid(d42a364804da1394689021e6b7c5d4ab) Importer(815301076,1909f56bfc062723c751e8b465ee728b)
Start importing Assets/PolygonFarm/Prefabs/Plants/SM_Prop_Squash_Delicata_01_M.prefab using Guid(d42a364804da1394689021e6b7c5d4ab) Importer(815301076,1909f56bfc062723c751e8b465ee728b)  -> (artifact id: '07f67a658449e813a32e21a12682dac1') in 0.039026 seconds 
========================================================================
Received Import Request.
  Time since last request: 0.000037 seconds.
  path: Assets/PolygonFarm/Prefabs/Plants/SM_Prop_Plum_01_Group.prefab
  artifactKey: Guid(ce27cab08667a6145954e0e52a56d908) Importer(815301076,1909f56bfc062723c751e8b465ee728b)
Start importing Assets/PolygonFarm/Prefabs/Plants/SM_Prop_Plum_01_Group.prefab using Guid(ce27cab08667a6145954e0e52a56d908) Importer(815301076,1909f56bfc062723c751e8b465ee728b)  -> (artifact id: '4e797cb6957130f560e24911986c29b2') in 0.038585 seconds 
========================================================================
Received Import Request.
  Time since last request: 0.000022 seconds.
  path: Assets/PolygonFarm/Prefabs/Plants/SM_Prop_Pumpkin_01_M.prefab
  artifactKey: Guid(01b831e6d82274540a0966e6c3900187) Importer(815301076,1909f56bfc062723c751e8b465ee728b)
Start importing Assets/PolygonFarm/Prefabs/Plants/SM_Prop_Pumpkin_01_M.prefab using Guid(01b831e6d82274540a0966e6c3900187) Importer(815301076,1909f56bfc062723c751e8b465ee728b)  -> (artifact id: '44ca490989dc86500f6f5235cc0a4051') in 0.025551 seconds 
========================================================================
Received Import Request.
  Time since last request: 0.000018 seconds.
  path: Assets/PolygonFarm/Prefabs/Plants/SM_Prop_Pumpkin_White_01_S.prefab
  artifactKey: Guid(d21a4aaa0540aa945ad7a301e21a1ca5) Importer(815301076,1909f56bfc062723c751e8b465ee728b)
Start importing Assets/PolygonFarm/Prefabs/Plants/SM_Prop_Pumpkin_White_01_S.prefab using Guid(d21a4aaa0540aa945ad7a301e21a1ca5) Importer(815301076,1909f56bfc062723c751e8b465ee728b)  -> (artifact id: '94fa449a9046524d9ba276e925157bbd') in 0.045029 seconds 
========================================================================
Received Import Request.
  Time since last request: 0.000022 seconds.
  path: Assets/PolygonFarm/Prefabs/Plants/SM_Prop_Pumpkin_Italian_01_S.prefab
  artifactKey: Guid(5e44cc6f29306d8498f7df5c4fd00a81) Importer(815301076,1909f56bfc062723c751e8b465ee728b)
Start importing Assets/PolygonFarm/Prefabs/Plants/SM_Prop_Pumpkin_Italian_01_S.prefab using Guid(5e44cc6f29306d8498f7df5c4fd00a81) Importer(815301076,1909f56bfc062723c751e8b465ee728b)  -> (artifact id: '305bee1adbbf75acf5f63fc7e25468c5') in 0.034929 seconds 
========================================================================
Received Import Request.
  Time since last request: 0.000019 seconds.
  path: Assets/PolygonFarm/Prefabs/Plants/SM_Prop_Pumpkin_White_01_M.prefab
  artifactKey: Guid(0c2e321c604d25645a75935557ece3df) Importer(815301076,1909f56bfc062723c751e8b465ee728b)
Start importing Assets/PolygonFarm/Prefabs/Plants/SM_Prop_Pumpkin_White_01_M.prefab using Guid(0c2e321c604d25645a75935557ece3df) Importer(815301076,1909f56bfc062723c751e8b465ee728b)  -> (artifact id: 'f560587294748f3be9a8f6dee8e2bd2f') in 0.047836 seconds 
========================================================================
Received Import Request.
  Time since last request: 0.000023 seconds.
  path: Assets/PolygonFarm/Prefabs/Plants/SM_Prop_Plum_01.prefab
  artifactKey: Guid(15c195af945d4584d9c57bfa98aef6bd) Importer(815301076,1909f56bfc062723c751e8b465ee728b)
Start importing Assets/PolygonFarm/Prefabs/Plants/SM_Prop_Plum_01.prefab using Guid(15c195af945d4584d9c57bfa98aef6bd) Importer(815301076,1909f56bfc062723c751e8b465ee728b)  -> (artifact id: '50c9f856d36d9a7b042786dc32fc5365') in 0.031194 seconds 
========================================================================
Received Import Request.
  Time since last request: 0.000026 seconds.
  path: Assets/PolygonFarm/Prefabs/Plants/SM_Prop_Plant_Ground_01_L.prefab
  artifactKey: Guid(2a0007479c060c24abe049a983b38384) Importer(815301076,1909f56bfc062723c751e8b465ee728b)
Start importing Assets/PolygonFarm/Prefabs/Plants/SM_Prop_Plant_Ground_01_L.prefab using Guid(2a0007479c060c24abe049a983b38384) Importer(815301076,1909f56bfc062723c751e8b465ee728b)  -> (artifact id: '988e0a299384f6d66d927dfb38601c80') in 0.036824 seconds 
========================================================================
Received Import Request.
  Time since last request: 0.000167 seconds.
  path: Assets/PolygonFarm/Prefabs/Plants/SM_Prop_Squash_Butternut_01_L.prefab
  artifactKey: Guid(c24deef209c1fbf478f7f3e244bf1993) Importer(815301076,1909f56bfc062723c751e8b465ee728b)
Start importing Assets/PolygonFarm/Prefabs/Plants/SM_Prop_Squash_Butternut_01_L.prefab using Guid(c24deef209c1fbf478f7f3e244bf1993) Importer(815301076,1909f56bfc062723c751e8b465ee728b)  -> (artifact id: 'b9ecead9f276a3dc8ca2fa78d1ee2eee') in 0.049856 seconds 
========================================================================
Received Import Request.
  Time since last request: 0.000435 seconds.
  path: Assets/PolygonFarm/Prefabs/Plants/SM_Prop_Plant_Ground_01_M.prefab
  artifactKey: Guid(1201cb6debcc01646ac2fa50538fdad8) Importer(815301076,1909f56bfc062723c751e8b465ee728b)
Start importing Assets/PolygonFarm/Prefabs/Plants/SM_Prop_Plant_Ground_01_M.prefab using Guid(1201cb6debcc01646ac2fa50538fdad8) Importer(815301076,1909f56bfc062723c751e8b465ee728b)  -> (artifact id: 'bf384e5e901c39e4c75bb081619c84c3') in 0.028196 seconds 
========================================================================
Received Import Request.
  Time since last request: 0.000703 seconds.
  path: Assets/PolygonFarm/Prefabs/Plants/SM_Prop_Plant_Ground_03_L.prefab
  artifactKey: Guid(87d18a1efdb927541a9117771cddc4ff) Importer(815301076,1909f56bfc062723c751e8b465ee728b)
Start importing Assets/PolygonFarm/Prefabs/Plants/SM_Prop_Plant_Ground_03_L.prefab using Guid(87d18a1efdb927541a9117771cddc4ff) Importer(815301076,1909f56bfc062723c751e8b465ee728b)  -> (artifact id: '471b672c579bb8fa5347d8f743f401b0') in 0.055692 seconds 
========================================================================
Received Import Request.
  Time since last request: 0.000028 seconds.
  path: Assets/PolygonFarm/Prefabs/Plants/SM_Prop_Plant_Corn_01_L.prefab
  artifactKey: Guid(0ca4c36c8ef89f04392b4d0bbf5fea10) Importer(815301076,1909f56bfc062723c751e8b465ee728b)
Start importing Assets/PolygonFarm/Prefabs/Plants/SM_Prop_Plant_Corn_01_L.prefab using Guid(0ca4c36c8ef89f04392b4d0bbf5fea10) Importer(815301076,1909f56bfc062723c751e8b465ee728b)  -> (artifact id: '2a35db16f916ceba974a36fdd334618f') in 0.050224 seconds 
========================================================================
Received Import Request.
  Time since last request: 0.000133 seconds.
  path: Assets/PolygonFarm/Prefabs/Plants/SM_Prop_Plant_Ground_02_S.prefab
  artifactKey: Guid(b2d0b9c772eb8a2478159a41fc4523c1) Importer(815301076,1909f56bfc062723c751e8b465ee728b)
Start importing Assets/PolygonFarm/Prefabs/Plants/SM_Prop_Plant_Ground_02_S.prefab using Guid(b2d0b9c772eb8a2478159a41fc4523c1) Importer(815301076,1909f56bfc062723c751e8b465ee728b)  -> (artifact id: '6e8c463ec49fa5e39afdb530b6ff89e1') in 0.035458 seconds 
========================================================================
Received Import Request.
  Time since last request: 0.000028 seconds.
  path: Assets/PolygonFarm/Prefabs/Plants/SM_Prop_Plant_Ground_03_M.prefab
  artifactKey: Guid(4409e6b0995cc6f4eb29c3737a2e3b7c) Importer(815301076,1909f56bfc062723c751e8b465ee728b)
Start importing Assets/PolygonFarm/Prefabs/Plants/SM_Prop_Plant_Ground_03_M.prefab using Guid(4409e6b0995cc6f4eb29c3737a2e3b7c) Importer(815301076,1909f56bfc062723c751e8b465ee728b)  -> (artifact id: 'eb89e6eebf64df60b3c449acf033b874') in 0.037349 seconds 
========================================================================
Received Import Request.
  Time since last request: 0.001265 seconds.
  path: Assets/PolygonFarm/Prefabs/Plants/SM_Prop_Plant_Wheat_02.prefab
  artifactKey: Guid(5030b61e2c34aaa468138f4b3286a77c) Importer(815301076,1909f56bfc062723c751e8b465ee728b)
Start importing Assets/PolygonFarm/Prefabs/Plants/SM_Prop_Plant_Wheat_02.prefab using Guid(5030b61e2c34aaa468138f4b3286a77c) Importer(815301076,1909f56bfc062723c751e8b465ee728b)  -> (artifact id: '5c3bfed1ade038c778db4d9540a26b34') in 0.040136 seconds 
========================================================================
Received Import Request.
  Time since last request: 0.000018 seconds.
  path: Assets/PolygonFarm/Prefabs/Plants/SM_Prop_Plant_Wheat_Optimised_02.prefab
  artifactKey: Guid(6a2f9d9b8ff20ed45ae53639b8045a04) Importer(815301076,1909f56bfc062723c751e8b465ee728b)
Start importing Assets/PolygonFarm/Prefabs/Plants/SM_Prop_Plant_Wheat_Optimised_02.prefab using Guid(6a2f9d9b8ff20ed45ae53639b8045a04) Importer(815301076,1909f56bfc062723c751e8b465ee728b)  -> (artifact id: '93fec3d60abd9a05aa134b0c86e048d8') in 0.055238 seconds 
========================================================================
Received Import Request.
  Time since last request: 0.000019 seconds.
  path: Assets/PolygonFarm/Prefabs/Plants/SM_Prop_Plant_Wheat_Optimised_04.prefab
  artifactKey: Guid(6348e51cddb9c4b4a9b0a5787f6651e4) Importer(815301076,1909f56bfc062723c751e8b465ee728b)
Start importing Assets/PolygonFarm/Prefabs/Plants/SM_Prop_Plant_Wheat_Optimised_04.prefab using Guid(6348e51cddb9c4b4a9b0a5787f6651e4) Importer(815301076,1909f56bfc062723c751e8b465ee728b)  -> (artifact id: '34693aa5d2da4de3a1a82a34b9d4d3f6') in 0.066497 seconds 
========================================================================
Received Import Request.
  Time since last request: 0.000345 seconds.
  path: Assets/PolygonFarm/Prefabs/Plants/SM_Prop_Strawberry_01_L.prefab
  artifactKey: Guid(3536ab62b0860a943b3f8b133d4b3ebe) Importer(815301076,1909f56bfc062723c751e8b465ee728b)
Start importing Assets/PolygonFarm/Prefabs/Plants/SM_Prop_Strawberry_01_L.prefab using Guid(3536ab62b0860a943b3f8b133d4b3ebe) Importer(815301076,1909f56bfc062723c751e8b465ee728b)  -> (artifact id: '8376b7f1c87c3335d77250688f2f40f9') in 0.050435 seconds 
========================================================================
Received Import Request.
  Time since last request: 0.000098 seconds.
  path: Assets/PolygonFarm/Prefabs/Plants/SM_Prop_Squash_Delicata_01.prefab
  artifactKey: Guid(a598fdff0e3fccc45aacfd7480212a3c) Importer(815301076,1909f56bfc062723c751e8b465ee728b)
Start importing Assets/PolygonFarm/Prefabs/Plants/SM_Prop_Squash_Delicata_01.prefab using Guid(a598fdff0e3fccc45aacfd7480212a3c) Importer(815301076,1909f56bfc062723c751e8b465ee728b)  -> (artifact id: 'e63678014ab780357b73e8228cf2cd9d') in 0.042746 seconds 
========================================================================
Received Import Request.
  Time since last request: 0.000021 seconds.
  path: Assets/PolygonFarm/Prefabs/Plants/SM_Prop_Squash_Butternut_01_M.prefab
  artifactKey: Guid(f6d05419e5c730349817335b93eee31e) Importer(815301076,1909f56bfc062723c751e8b465ee728b)
Start importing Assets/PolygonFarm/Prefabs/Plants/SM_Prop_Squash_Butternut_01_M.prefab using Guid(f6d05419e5c730349817335b93eee31e) Importer(815301076,1909f56bfc062723c751e8b465ee728b)  -> (artifact id: '6eaa663e2b6f71a434c3e22b311cedfc') in 0.043448 seconds 
========================================================================
Received Import Request.
  Time since last request: 0.002129 seconds.
  path: Assets/PolygonFarm/Prefabs/Plants/SM_Prop_Plant_Bush_03_Chilli.prefab
  artifactKey: Guid(4bc7afe3fada16546a291ec2fc800b37) Importer(815301076,1909f56bfc062723c751e8b465ee728b)
Start importing Assets/PolygonFarm/Prefabs/Plants/SM_Prop_Plant_Bush_03_Chilli.prefab using Guid(4bc7afe3fada16546a291ec2fc800b37) Importer(815301076,1909f56bfc062723c751e8b465ee728b)  -> (artifact id: 'fdd117fc1c6994749dd2d315993007cf') in 0.055639 seconds 
========================================================================
Received Import Request.
  Time since last request: 0.000030 seconds.
  path: Assets/PolygonFarm/Prefabs/Plants/SM_Prop_Potato_01.prefab
  artifactKey: Guid(1cb0f8921511a0745b94d2e0d83e1644) Importer(815301076,1909f56bfc062723c751e8b465ee728b)
Start importing Assets/PolygonFarm/Prefabs/Plants/SM_Prop_Potato_01.prefab using Guid(1cb0f8921511a0745b94d2e0d83e1644) Importer(815301076,1909f56bfc062723c751e8b465ee728b)  -> (artifact id: '3246e870f83916dcbeaa99812ba5b949') in 0.062659 seconds 
========================================================================
Received Import Request.
  Time since last request: 0.000031 seconds.
  path: Assets/PolygonFarm/Prefabs/Plants/SM_Prop_Plant_Bush_03_L.prefab
  artifactKey: Guid(eeff9644f4a5b284faf7be559353277e) Importer(815301076,1909f56bfc062723c751e8b465ee728b)
Start importing Assets/PolygonFarm/Prefabs/Plants/SM_Prop_Plant_Bush_03_L.prefab using Guid(eeff9644f4a5b284faf7be559353277e) Importer(815301076,1909f56bfc062723c751e8b465ee728b)  -> (artifact id: '09bdada2cf43bd3bb3bedd7a5a2dc4b9') in 0.082583 seconds 
========================================================================
Received Import Request.
  Time since last request: 0.000023 seconds.
  path: Assets/PolygonFarm/Prefabs/Plants/SM_Prop_Plant_Wheat_Optimised_01.prefab
  artifactKey: Guid(ca7f16bf3be62a243b83d706562c9a6d) Importer(815301076,1909f56bfc062723c751e8b465ee728b)
Start importing Assets/PolygonFarm/Prefabs/Plants/SM_Prop_Plant_Wheat_Optimised_01.prefab using Guid(ca7f16bf3be62a243b83d706562c9a6d) Importer(815301076,1909f56bfc062723c751e8b465ee728b)  -> (artifact id: '22fc1c0ef6113296243813f696088b9a') in 0.036240 seconds 
========================================================================
Received Import Request.
  Time since last request: 0.000020 seconds.
  path: Assets/PolygonFarm/Prefabs/Plants/SM_Prop_Pumpkin_Italian_01_M.prefab
  artifactKey: Guid(3ca76f97d9b7f904284878e5711c8b13) Importer(815301076,1909f56bfc062723c751e8b465ee728b)
Start importing Assets/PolygonFarm/Prefabs/Plants/SM_Prop_Pumpkin_Italian_01_M.prefab using Guid(3ca76f97d9b7f904284878e5711c8b13) Importer(815301076,1909f56bfc062723c751e8b465ee728b)  -> (artifact id: '16a609135ca9431a0f251aeaeded0783') in 0.042034 seconds 
========================================================================
Received Import Request.
  Time since last request: 0.000021 seconds.
  path: Assets/PolygonFarm/Prefabs/Plants/SM_Prop_Plant_Wheat_04.prefab
  artifactKey: Guid(8416f5f211e80a548ac67b94026c2b14) Importer(815301076,1909f56bfc062723c751e8b465ee728b)
Start importing Assets/PolygonFarm/Prefabs/Plants/SM_Prop_Plant_Wheat_04.prefab using Guid(8416f5f211e80a548ac67b94026c2b14) Importer(815301076,1909f56bfc062723c751e8b465ee728b)  -> (artifact id: 'f77d60e01319dd1c496d9355145c4c39') in 0.029303 seconds 
========================================================================
Received Import Request.
  Time since last request: 0.000023 seconds.
  path: Assets/PolygonFarm/Prefabs/Plants/SM_Prop_Plant_Corn_01_S.prefab
  artifactKey: Guid(23303cb0efade674b946eb8d8fb90e7f) Importer(815301076,1909f56bfc062723c751e8b465ee728b)
Start importing Assets/PolygonFarm/Prefabs/Plants/SM_Prop_Plant_Corn_01_S.prefab using Guid(23303cb0efade674b946eb8d8fb90e7f) Importer(815301076,1909f56bfc062723c751e8b465ee728b)  -> (artifact id: 'c16b0ac78e7e41be1955ff5210a79edd') in 0.030708 seconds 
========================================================================
Received Import Request.
  Time since last request: 0.000029 seconds.
  path: Assets/PolygonFarm/Prefabs/Plants/SM_Prop_Pumpkin_Italian_01_L.prefab
  artifactKey: Guid(facb720564d9d9b4089159d75fb44b4a) Importer(815301076,1909f56bfc062723c751e8b465ee728b)
Start importing Assets/PolygonFarm/Prefabs/Plants/SM_Prop_Pumpkin_Italian_01_L.prefab using Guid(facb720564d9d9b4089159d75fb44b4a) Importer(815301076,1909f56bfc062723c751e8b465ee728b)  -> (artifact id: '9df99309e30077c270992a6ce1dfa245') in 0.046570 seconds 
========================================================================
Received Import Request.
  Time since last request: 6381.519705 seconds.
  path: Assets/PolygonFarm/Prefabs/Plants/SM_Prop_Sunflower_01.prefab
  artifactKey: Guid(6fe2d4acc42e2c04fadc916ead4a9a5a) Importer(815301076,1909f56bfc062723c751e8b465ee728b)
Start importing Assets/PolygonFarm/Prefabs/Plants/SM_Prop_Sunflower_01.prefab using Guid(6fe2d4acc42e2c04fadc916ead4a9a5a) Importer(815301076,1909f56bfc062723c751e8b465ee728b)  -> (artifact id: 'b85f0c42cee03f26cef1c3c77fcd5511') in 0.092215 seconds 
========================================================================
Received Import Request.
  Time since last request: 0.000028 seconds.
  path: Assets/PolygonFarm/Prefabs/Plants/SM_Prop_Tomato_01_L.prefab
  artifactKey: Guid(45103891c7213d849b6ab33e48628e00) Importer(815301076,1909f56bfc062723c751e8b465ee728b)
Start importing Assets/PolygonFarm/Prefabs/Plants/SM_Prop_Tomato_01_L.prefab using Guid(45103891c7213d849b6ab33e48628e00) Importer(815301076,1909f56bfc062723c751e8b465ee728b)  -> (artifact id: '91af22cbcb272b54e7402adb432afc54') in 0.028837 seconds 
========================================================================
Received Import Request.
  Time since last request: 0.000095 seconds.
  path: Assets/PolygonFarm/Prefabs/Plants/SM_Prop_Tomato_01.prefab
  artifactKey: Guid(6bda52962e6ebeb4db15b7cff977f831) Importer(815301076,1909f56bfc062723c751e8b465ee728b)
Start importing Assets/PolygonFarm/Prefabs/Plants/SM_Prop_Tomato_01.prefab using Guid(6bda52962e6ebeb4db15b7cff977f831) Importer(815301076,1909f56bfc062723c751e8b465ee728b)  -> (artifact id: '64403338e55668e4e6d4e8925023af71') in 0.037566 seconds 
========================================================================
Received Import Request.
  Time since last request: 0.000020 seconds.
  path: Assets/PolygonFarm/Prefabs/Plants/SM_Prop_Sunflower_02.prefab
  artifactKey: Guid(774bd4c582a137c40a49a7931be665ce) Importer(815301076,1909f56bfc062723c751e8b465ee728b)
Start importing Assets/PolygonFarm/Prefabs/Plants/SM_Prop_Sunflower_02.prefab using Guid(774bd4c582a137c40a49a7931be665ce) Importer(815301076,1909f56bfc062723c751e8b465ee728b)  -> (artifact id: '835c3e7f7d5f51e996ccb86eef078015') in 0.032070 seconds 
========================================================================
Received Import Request.
  Time since last request: 0.000020 seconds.
  path: Assets/PolygonFarm/Prefabs/Plants/SM_Prop_Watermelon_01_S.prefab
  artifactKey: Guid(a3dc7486bcec1a746b03b05e796ffa86) Importer(815301076,1909f56bfc062723c751e8b465ee728b)
Start importing Assets/PolygonFarm/Prefabs/Plants/SM_Prop_Watermelon_01_S.prefab using Guid(a3dc7486bcec1a746b03b05e796ffa86) Importer(815301076,1909f56bfc062723c751e8b465ee728b)  -> (artifact id: '6281ea783435ea1e73bb79b0e3e4056f') in 0.037029 seconds 
========================================================================
Received Import Request.
  Time since last request: 0.000028 seconds.
  path: Assets/PolygonFarm/Prefabs/Plants/SM_Prop_Tomato_01_Group.prefab
  artifactKey: Guid(81bc710a4ec5fcf4bbe9b98ec25cb627) Importer(815301076,1909f56bfc062723c751e8b465ee728b)
Start importing Assets/PolygonFarm/Prefabs/Plants/SM_Prop_Tomato_01_Group.prefab using Guid(81bc710a4ec5fcf4bbe9b98ec25cb627) Importer(815301076,1909f56bfc062723c751e8b465ee728b)  -> (artifact id: '636f07c1848ade4ee4452d49c8f139ff') in 0.037186 seconds 
========================================================================
Received Import Request.
  Time since last request: 0.000291 seconds.
  path: Assets/PolygonFarm/Prefabs/Plants/SM_Prop_Watermelon_01.prefab
  artifactKey: Guid(d554ea82743547e488da058b5b791616) Importer(815301076,1909f56bfc062723c751e8b465ee728b)
Start importing Assets/PolygonFarm/Prefabs/Plants/SM_Prop_Watermelon_01.prefab using Guid(d554ea82743547e488da058b5b791616) Importer(815301076,1909f56bfc062723c751e8b465ee728b)  -> (artifact id: 'e6577ffd31d12b516c40affd37df8003') in 0.033732 seconds 
========================================================================
Received Import Request.
  Time since last request: 0.000226 seconds.
  path: Assets/PolygonFarm/Prefabs/Plants/SM_Prop_Watermelon_01_L.prefab
  artifactKey: Guid(0f1301715b302d64093c5bb069426e92) Importer(815301076,1909f56bfc062723c751e8b465ee728b)
Start importing Assets/PolygonFarm/Prefabs/Plants/SM_Prop_Watermelon_01_L.prefab using Guid(0f1301715b302d64093c5bb069426e92) Importer(815301076,1909f56bfc062723c751e8b465ee728b)  -> (artifact id: '606b7a921ca2ff95b667191da9e2e2e4') in 0.033128 seconds 
========================================================================
Received Import Request.
  Time since last request: 0.000769 seconds.
  path: Assets/PolygonFarm/Prefabs/Plants/SM_Prop_Watermelon_01_M.prefab
  artifactKey: Guid(6a47ffa391bc13344926e5daf2861cba) Importer(815301076,1909f56bfc062723c751e8b465ee728b)
Start importing Assets/PolygonFarm/Prefabs/Plants/SM_Prop_Watermelon_01_M.prefab using Guid(6a47ffa391bc13344926e5daf2861cba) Importer(815301076,1909f56bfc062723c751e8b465ee728b)  -> (artifact id: '9dea2f34a58e650b8c95b904d87f1288') in 0.035952 seconds 
========================================================================
Received Import Request.
  Time since last request: 0.000019 seconds.
  path: Assets/PolygonFarm/Prefabs/Plants/SM_Prop_Tomato_01_S.prefab
  artifactKey: Guid(f9cc17c6cb0775d488b7da1bf48b5e34) Importer(815301076,1909f56bfc062723c751e8b465ee728b)
Start importing Assets/PolygonFarm/Prefabs/Plants/SM_Prop_Tomato_01_S.prefab using Guid(f9cc17c6cb0775d488b7da1bf48b5e34) Importer(815301076,1909f56bfc062723c751e8b465ee728b)  -> (artifact id: 'f4c61d2ed5125d44b69f2e8019f39da4') in 0.030029 seconds 
========================================================================
Received Import Request.
  Time since last request: 47.324869 seconds.
  path: Assets/PolygonFarm/Prefabs/Plants/SM_Prop_Pear_01_Group.prefab
  artifactKey: Guid(431b9cff64ee2ef46b8f3b2ade75ed14) Importer(815301076,1909f56bfc062723c751e8b465ee728b)
Start importing Assets/PolygonFarm/Prefabs/Plants/SM_Prop_Pear_01_Group.prefab using Guid(431b9cff64ee2ef46b8f3b2ade75ed14) Importer(815301076,1909f56bfc062723c751e8b465ee728b)  -> (artifact id: '38fee0ad61c92ac807f1f4e66fac664e') in 0.038635 seconds 
========================================================================
Received Import Request.
  Time since last request: 0.000048 seconds.
  path: Assets/PolygonFarm/Prefabs/Plants/SM_Prop_Pepper_01.prefab
  artifactKey: Guid(54f14fd198c22c547a798e805c23e0a9) Importer(815301076,1909f56bfc062723c751e8b465ee728b)
Start importing Assets/PolygonFarm/Prefabs/Plants/SM_Prop_Pepper_01.prefab using Guid(54f14fd198c22c547a798e805c23e0a9) Importer(815301076,1909f56bfc062723c751e8b465ee728b)  -> (artifact id: '0e44ef7bbe17e8e6b5fe0faca06501fb') in 0.032107 seconds 
========================================================================
Received Import Request.
  Time since last request: 0.000023 seconds.
  path: Assets/PolygonFarm/Prefabs/Plants/SM_Prop_Plant_Bush_01_Pepper.prefab
  artifactKey: Guid(613ec6aab7c2e7749ba54f9a5163ffa9) Importer(815301076,1909f56bfc062723c751e8b465ee728b)
Start importing Assets/PolygonFarm/Prefabs/Plants/SM_Prop_Plant_Bush_01_Pepper.prefab using Guid(613ec6aab7c2e7749ba54f9a5163ffa9) Importer(815301076,1909f56bfc062723c751e8b465ee728b)  -> (artifact id: '41c90bd310dc9a41a341929b035610c7') in 0.044216 seconds 
========================================================================
Received Import Request.
  Time since last request: 0.000025 seconds.
  path: Assets/PolygonFarm/Prefabs/Plants/SM_Prop_Pepper_01_Group.prefab
  artifactKey: Guid(02b3c02e129b61f4885427620e67323d) Importer(815301076,1909f56bfc062723c751e8b465ee728b)
Start importing Assets/PolygonFarm/Prefabs/Plants/SM_Prop_Pepper_01_Group.prefab using Guid(02b3c02e129b61f4885427620e67323d) Importer(815301076,1909f56bfc062723c751e8b465ee728b)  -> (artifact id: '4b9bf25c36a1413fe077a15b8389bf63') in 0.033835 seconds 
========================================================================
Received Import Request.
  Time since last request: 0.000034 seconds.
  path: Assets/PolygonFarm/Prefabs/Plants/SM_Prop_Plant_Bush_02_M.prefab
  artifactKey: Guid(458eec3309cb86842af7105085ef67fc) Importer(815301076,1909f56bfc062723c751e8b465ee728b)
Start importing Assets/PolygonFarm/Prefabs/Plants/SM_Prop_Plant_Bush_02_M.prefab using Guid(458eec3309cb86842af7105085ef67fc) Importer(815301076,1909f56bfc062723c751e8b465ee728b)  -> (artifact id: '117f9cecac2debc92963bc35094f82c5') in 0.042130 seconds 
========================================================================
Received Import Request.
  Time since last request: 0.000021 seconds.
  path: Assets/PolygonFarm/Prefabs/Plants/SM_Prop_Plant_Bush_01_M.prefab
  artifactKey: Guid(8c64118ce05103a49965da9b0265081f) Importer(815301076,1909f56bfc062723c751e8b465ee728b)
Start importing Assets/PolygonFarm/Prefabs/Plants/SM_Prop_Plant_Bush_01_M.prefab using Guid(8c64118ce05103a49965da9b0265081f) Importer(815301076,1909f56bfc062723c751e8b465ee728b)  -> (artifact id: '604bfc5722f7e16de149cc8f7997ebbd') in 0.094609 seconds 
========================================================================
Received Import Request.
  Time since last request: 0.000024 seconds.
  path: Assets/PolygonFarm/Prefabs/Plants/SM_Prop_Plant_Bush_01_S.prefab
  artifactKey: Guid(575d2a2a93afb724f89e9ef17f7dadb5) Importer(815301076,1909f56bfc062723c751e8b465ee728b)
Start importing Assets/PolygonFarm/Prefabs/Plants/SM_Prop_Plant_Bush_01_S.prefab using Guid(575d2a2a93afb724f89e9ef17f7dadb5) Importer(815301076,1909f56bfc062723c751e8b465ee728b)  -> (artifact id: 'fecf693127ac07e949002ebbf9acad69') in 0.046119 seconds 
