Using pre-set license
Built from '2021.3/release' branch; Version is '2021.3.12f1 (8af3c3e441b1) revision 9106371'; Using compiler version '192829333'; Build Type 'Release'
OS: 'Windows 10  (10.0.19044) 64bit Professional' Language: 'es' Physical Memory: 16309 MB
BatchMode: 1, IsHumanControllingUs: 0, StartBugReporterOnCrash: 0, Is64bit: 1, IsPro: 1

COMMAND LINE ARGUMENTS:
C:\Program Files\Unity\Hub\Editor\2021.3.12f1\Editor\Unity.exe
-adb2
-batchMode
-noUpm
-name
AssetImportWorker14
-projectPath
C:/Users/idayr/OneDrive/Documentos/GitHub/farm/farm
-logFile
Logs/AssetImportWorker14.log
-srvPort
57903
Successfully changed project path to: C:/Users/idayr/OneDrive/Documentos/GitHub/farm/farm
C:/Users/idayr/OneDrive/Documentos/GitHub/farm/farm
[UnityMemory] Configuration Parameters - Can be set up in boot.config
    "memorysetup-bucket-allocator-granularity=16"
    "memorysetup-bucket-allocator-bucket-count=8"
    "memorysetup-bucket-allocator-block-size=33554432"
    "memorysetup-bucket-allocator-block-count=8"
    "memorysetup-main-allocator-block-size=16777216"
    "memorysetup-thread-allocator-block-size=16777216"
    "memorysetup-gfx-main-allocator-block-size=16777216"
    "memorysetup-gfx-thread-allocator-block-size=16777216"
    "memorysetup-cache-allocator-block-size=4194304"
    "memorysetup-typetree-allocator-block-size=2097152"
    "memorysetup-profiler-bucket-allocator-granularity=16"
    "memorysetup-profiler-bucket-allocator-bucket-count=8"
    "memorysetup-profiler-bucket-allocator-block-size=33554432"
    "memorysetup-profiler-bucket-allocator-block-count=8"
    "memorysetup-profiler-allocator-block-size=16777216"
    "memorysetup-profiler-editor-allocator-block-size=1048576"
    "memorysetup-temp-allocator-size-main=16777216"
    "memorysetup-job-temp-allocator-block-size=2097152"
    "memorysetup-job-temp-allocator-block-size-background=1048576"
    "memorysetup-job-temp-allocator-reduction-small-platforms=262144"
    "memorysetup-temp-allocator-size-background-worker=32768"
    "memorysetup-temp-allocator-size-job-worker=262144"
    "memorysetup-temp-allocator-size-preload-manager=33554432"
    "memorysetup-temp-allocator-size-nav-mesh-worker=65536"
    "memorysetup-temp-allocator-size-audio-worker=65536"
    "memorysetup-temp-allocator-size-cloud-worker=32768"
    "memorysetup-temp-allocator-size-gi-baking-worker=262144"
    "memorysetup-temp-allocator-size-gfx=262144"
Refreshing native plugins compatible for Editor in 114.31 ms, found 3 plugins.
Preloading 0 native plugins for Editor in 0.00 ms.
Initialize engine version: 2021.3.12f1 (8af3c3e441b1)
[Subsystems] Discovering subsystems at path C:/Program Files/Unity/Hub/Editor/2021.3.12f1/Editor/Data/Resources/UnitySubsystems
[Subsystems] Discovering subsystems at path C:/Users/idayr/OneDrive/Documentos/GitHub/farm/farm/Assets
GfxDevice: creating device client; threaded=0; jobified=0
Direct3D:
    Version:  Direct3D 11.0 [level 11.1]
    Renderer: NVIDIA GeForce RTX 2060 (ID=0x1f08)
    Vendor:   NVIDIA
    VRAM:     5968 MB
    Driver:   31.0.15.2698
Initialize mono
Mono path[0] = 'C:/Program Files/Unity/Hub/Editor/2021.3.12f1/Editor/Data/Managed'
Mono path[1] = 'C:/Program Files/Unity/Hub/Editor/2021.3.12f1/Editor/Data/MonoBleedingEdge/lib/mono/unityjit-win32'
Mono config path = 'C:/Program Files/Unity/Hub/Editor/2021.3.12f1/Editor/Data/MonoBleedingEdge/etc'
Using monoOptions --debugger-agent=transport=dt_socket,embedding=1,server=y,suspend=n,address=127.0.0.1:56548
Begin MonoManager ReloadAssembly
Registering precompiled unity dll's ...
Register platform support module: C:/Program Files/Unity/Hub/Editor/2021.3.12f1/Editor/Data/PlaybackEngines/WindowsStandaloneSupport/UnityEditor.WindowsStandalone.Extensions.dll
Registered in 0.007125 seconds.
Native extension for WindowsStandalone target not found
Refreshing native plugins compatible for Editor in 108.57 ms, found 3 plugins.
Preloading 0 native plugins for Editor in 0.00 ms.
Mono: successfully reloaded assembly
- Completed reload, in  0.620 seconds
Domain Reload Profiling:
	ReloadAssembly (620ms)
		BeginReloadAssembly (68ms)
			ExecutionOrderSort (0ms)
			DisableScriptedObjects (0ms)
			BackupInstance (0ms)
			ReleaseScriptingObjects (0ms)
			CreateAndSetChildDomain (1ms)
		EndReloadAssembly (446ms)
			LoadAssemblies (65ms)
			RebuildTransferFunctionScriptingTraits (0ms)
			SetupTypeCache (91ms)
			ReleaseScriptCaches (0ms)
			RebuildScriptCaches (25ms)
			SetupLoadedEditorAssemblies (283ms)
				LogAssemblyErrors (0ms)
				InitializePlatformSupportModulesInManaged (7ms)
				SetLoadedEditorAssemblies (0ms)
				RefreshPlugins (109ms)
				BeforeProcessingInitializeOnLoad (1ms)
				ProcessInitializeOnLoadAttributes (121ms)
				ProcessInitializeOnLoadMethodAttributes (45ms)
				AfterProcessingInitializeOnLoad (0ms)
				EditorAssembliesLoaded (0ms)
			ExecutionOrderSort2 (0ms)
			AwakeInstancesAfterBackupRestoration (0ms)
Platform modules already initialized, skipping
Registering precompiled user dll's ...
Registered in 0.007619 seconds.
Begin MonoManager ReloadAssembly
Symbol file LoadedFromMemory doesn't match image C:\Users\idayr\OneDrive\Documentos\GitHub\farm\farm\Library\PackageCache\com.unity.visualscripting@1.7.8\Editor\VisualScripting.Core\Dependencies\DotNetZip\Unity.VisualScripting.IonicZip.dll
Symbol file LoadedFromMemory doesn't match image C:\Users\idayr\OneDrive\Documentos\GitHub\farm\farm\Library\PackageCache\com.unity.visualscripting@1.7.8\Editor\VisualScripting.Core\Dependencies\YamlDotNet\Unity.VisualScripting.YamlDotNet.dll
Native extension for WindowsStandalone target not found
Refreshing native plugins compatible for Editor in 1.05 ms, found 3 plugins.
Preloading 0 native plugins for Editor in 0.00 ms.
Package Manager log level set to [2]
Mono: successfully reloaded assembly
- Completed reload, in  1.144 seconds
Domain Reload Profiling:
	ReloadAssembly (1145ms)
		BeginReloadAssembly (110ms)
			ExecutionOrderSort (0ms)
			DisableScriptedObjects (6ms)
			BackupInstance (0ms)
			ReleaseScriptingObjects (0ms)
			CreateAndSetChildDomain (19ms)
		EndReloadAssembly (920ms)
			LoadAssemblies (80ms)
			RebuildTransferFunctionScriptingTraits (0ms)
			SetupTypeCache (243ms)
			ReleaseScriptCaches (1ms)
			RebuildScriptCaches (51ms)
			SetupLoadedEditorAssemblies (499ms)
				LogAssemblyErrors (0ms)
				InitializePlatformSupportModulesInManaged (5ms)
				SetLoadedEditorAssemblies (0ms)
				RefreshPlugins (1ms)
				BeforeProcessingInitializeOnLoad (107ms)
				ProcessInitializeOnLoadAttributes (213ms)
				ProcessInitializeOnLoadMethodAttributes (159ms)
				AfterProcessingInitializeOnLoad (13ms)
				EditorAssembliesLoaded (0ms)
			ExecutionOrderSort2 (0ms)
			AwakeInstancesAfterBackupRestoration (7ms)
Platform modules already initialized, skipping
========================================================================
Worker process is ready to serve import requests
Launched and connected shader compiler UnityShaderCompiler.exe after 0.05 seconds
Refreshing native plugins compatible for Editor in 1.91 ms, found 3 plugins.
Preloading 0 native plugins for Editor in 0.00 ms.
Unloading 4119 Unused Serialized files (Serialized files now loaded: 0)
Unloading 68 unused Assets / (114.5 KB). Loaded Objects now: 4547.
Memory consumption went from 138.3 MB to 138.2 MB.
Total: 9.235200 ms (FindLiveObjects: 0.412100 ms CreateObjectMapping: 0.151700 ms MarkObjects: 8.512300 ms  DeleteObjects: 0.157800 ms)

AssetImportParameters requested are different than current active one (requested -> active):
  custom:video-decoder-ogg-theora: a1e56fd34408186e4bbccfd4996cb3dc -> 
  custom:container-muxer-webm: aa71ff27fc2769a1b78a27578f13a17b -> 
  custom:container-demuxer-webm: 4f35f7cbe854078d1ac9338744f61a02 -> 
  custom:video-encoder-webm-vp8: eb34c28f22e8b96e1ab97ce403110664 -> 
  custom:audio-encoder-webm-vorbis: bf7c407c2cedff20999df2af8eb42d56 -> 
  custom:framework-win-MediaFoundation: 216162199b28c13a410421893ffa2e32 -> 
  custom:container-demuxer-ogg: 62fdf1f143b41e24485cea50d1cbac27 -> 
  custom:video-decoder-webm-vp8: 9c59270c3fd7afecdb556c50c9e8de78 -> 
  custom:audio-decoder-ogg-vorbis: bf7c407c2cedff20999df2af8eb42d56 -> 
========================================================================
Received Import Request.
  Time since last request: 79226.146944 seconds.
  path: Assets/PolygonFarm/Prefabs/Environments/SM_Env_Reeds_01.prefab
  artifactKey: Guid(02c424bec73aad84caf6289c21e490f0) Importer(815301076,1909f56bfc062723c751e8b465ee728b)
Start importing Assets/PolygonFarm/Prefabs/Environments/SM_Env_Reeds_01.prefab using Guid(02c424bec73aad84caf6289c21e490f0) Importer(815301076,1909f56bfc062723c751e8b465ee728b)  -> (artifact id: 'cea3d7cff14e87e4d7f3b052ccdad8cb') in 0.183896 seconds 
========================================================================
Received Import Request.
  Time since last request: 0.000076 seconds.
  path: Assets/PolygonFarm/Prefabs/Environments/SM_Env_Tree_Orange_01.prefab
  artifactKey: Guid(fc49cae4c1ad08d46a005b4b1887af6f) Importer(815301076,1909f56bfc062723c751e8b465ee728b)
Start importing Assets/PolygonFarm/Prefabs/Environments/SM_Env_Tree_Orange_01.prefab using Guid(fc49cae4c1ad08d46a005b4b1887af6f) Importer(815301076,1909f56bfc062723c751e8b465ee728b)  -> (artifact id: '0459b01435fde59907d05e5b7e27c648') in 0.046331 seconds 
========================================================================
Received Import Request.
  Time since last request: 0.000041 seconds.
  path: Assets/PolygonFarm/Prefabs/Environments/SM_Env_Tree_Apple_Grown_01.prefab
  artifactKey: Guid(012abc7abe0517b43ab980b30563df5f) Importer(815301076,1909f56bfc062723c751e8b465ee728b)
Start importing Assets/PolygonFarm/Prefabs/Environments/SM_Env_Tree_Apple_Grown_01.prefab using Guid(012abc7abe0517b43ab980b30563df5f) Importer(815301076,1909f56bfc062723c751e8b465ee728b)  -> (artifact id: '5cc77e208ac2ab1cfededd7d083f4df2') in 0.026269 seconds 
========================================================================
Received Import Request.
  Time since last request: 0.000038 seconds.
  path: Assets/PolygonFarm/Prefabs/Environments/SM_Env_Road_Pebbles_01.prefab
  artifactKey: Guid(f823016012a708d448aa0acf3b3ff4e1) Importer(815301076,1909f56bfc062723c751e8b465ee728b)
Start importing Assets/PolygonFarm/Prefabs/Environments/SM_Env_Road_Pebbles_01.prefab using Guid(f823016012a708d448aa0acf3b3ff4e1) Importer(815301076,1909f56bfc062723c751e8b465ee728b)  -> (artifact id: '9ffed787bacc6522e0802734e11daee7') in 0.031231 seconds 
========================================================================
Received Import Request.
  Time since last request: 0.000101 seconds.
  path: Assets/PolygonFarm/Prefabs/Environments/SM_Env_Tree_Pear_01.prefab
  artifactKey: Guid(b39a80e2973223644b07f21c385bccc2) Importer(815301076,1909f56bfc062723c751e8b465ee728b)
Start importing Assets/PolygonFarm/Prefabs/Environments/SM_Env_Tree_Pear_01.prefab using Guid(b39a80e2973223644b07f21c385bccc2) Importer(815301076,1909f56bfc062723c751e8b465ee728b)  -> (artifact id: 'fe80d37e326138ef08e68055eb7102e6') in 0.017413 seconds 
========================================================================
Received Import Request.
  Time since last request: 195.005973 seconds.
  path: Assets/PolygonFarm/Prefabs/Characters/SM_Chr_Attach_Cap_01.prefab
  artifactKey: Guid(b2eed9c07e9096a44a25870919024434) Importer(815301076,1909f56bfc062723c751e8b465ee728b)
Start importing Assets/PolygonFarm/Prefabs/Characters/SM_Chr_Attach_Cap_01.prefab using Guid(b2eed9c07e9096a44a25870919024434) Importer(815301076,1909f56bfc062723c751e8b465ee728b)  -> (artifact id: 'f0053c605aa3c52a66a528591a090241') in 0.024847 seconds 
========================================================================
Received Import Request.
  Time since last request: 0.000029 seconds.
  path: Assets/PolygonFarm/Prefabs/Characters/SM_Chr_Attach_CowboyHat_02.prefab
  artifactKey: Guid(3a5f41839607207408f71375fa8f1473) Importer(815301076,1909f56bfc062723c751e8b465ee728b)
Start importing Assets/PolygonFarm/Prefabs/Characters/SM_Chr_Attach_CowboyHat_02.prefab using Guid(3a5f41839607207408f71375fa8f1473) Importer(815301076,1909f56bfc062723c751e8b465ee728b)  -> (artifact id: '4e4539ffc4160b9c6e0aa4d627c618a9') in 0.022774 seconds 
========================================================================
Received Import Request.
  Time since last request: 0.000038 seconds.
  path: Assets/PolygonFarm/Prefabs/Characters/SM_Chr_Attach_ScarecrowHat_01.prefab
  artifactKey: Guid(a90fc71b0ea782249a87f60e60eb5ed5) Importer(815301076,1909f56bfc062723c751e8b465ee728b)
Start importing Assets/PolygonFarm/Prefabs/Characters/SM_Chr_Attach_ScarecrowHat_01.prefab using Guid(a90fc71b0ea782249a87f60e60eb5ed5) Importer(815301076,1909f56bfc062723c751e8b465ee728b)  -> (artifact id: 'fcd47607860cb5edbd0cefd512e5a79e') in 0.022665 seconds 
========================================================================
Received Import Request.
  Time since last request: 0.000055 seconds.
  path: Assets/PolygonFarm/Prefabs/Characters/SM_Chr_Farmer_Male_01.prefab
  artifactKey: Guid(3c3a8236be548bb4c892cf39a5abadfe) Importer(815301076,1909f56bfc062723c751e8b465ee728b)
Start importing Assets/PolygonFarm/Prefabs/Characters/SM_Chr_Farmer_Male_01.prefab using Guid(3c3a8236be548bb4c892cf39a5abadfe) Importer(815301076,1909f56bfc062723c751e8b465ee728b)  -> (artifact id: 'b27680571dc6ec1b5970b4d9eaf1338d') in 0.039608 seconds 
========================================================================
Received Import Request.
  Time since last request: 0.000023 seconds.
  path: Assets/PolygonFarm/Prefabs/Characters/SM_Chr_FarmBoy_01.prefab
  artifactKey: Guid(5384b0579aea21545b42e1e5bd2f4cc0) Importer(815301076,1909f56bfc062723c751e8b465ee728b)
Start importing Assets/PolygonFarm/Prefabs/Characters/SM_Chr_FarmBoy_01.prefab using Guid(5384b0579aea21545b42e1e5bd2f4cc0) Importer(815301076,1909f56bfc062723c751e8b465ee728b)  -> (artifact id: '449008da6269803acd7d40109dc36c87') in 0.028784 seconds 
========================================================================
Received Import Request.
  Time since last request: 0.000031 seconds.
  path: Assets/PolygonFarm/Prefabs/Characters/SM_Chr_Attach_Cap_02.prefab
  artifactKey: Guid(db5ab358cbd96524e90b0bf01186af8e) Importer(815301076,1909f56bfc062723c751e8b465ee728b)
Start importing Assets/PolygonFarm/Prefabs/Characters/SM_Chr_Attach_Cap_02.prefab using Guid(db5ab358cbd96524e90b0bf01186af8e) Importer(815301076,1909f56bfc062723c751e8b465ee728b)  -> (artifact id: 'ad1943b592363260c85ce7bfac793121') in 0.021142 seconds 
========================================================================
Received Import Request.
  Time since last request: 0.000022 seconds.
  path: Assets/PolygonFarm/Prefabs/Characters/SM_Chr_Farmer_Female_01.prefab
  artifactKey: Guid(827a26e9b261b7847ac6cc3df54f2677) Importer(815301076,1909f56bfc062723c751e8b465ee728b)
Start importing Assets/PolygonFarm/Prefabs/Characters/SM_Chr_Farmer_Female_01.prefab using Guid(827a26e9b261b7847ac6cc3df54f2677) Importer(815301076,1909f56bfc062723c751e8b465ee728b)  -> (artifact id: '91b6c8137b63455c248ccd9871a17084') in 0.026078 seconds 
Editor requested this worker to shutdown with reason: Scaling down because of idle timeout
AssetImportWorker is now disconnected from the server
Process exiting
Exiting without the bug reporter. Application will terminate with return code 0